This file contains any messages produced by compilers while
running configure, to aid debugging if configure makes a mistake.

It was created by libusb configure 1.0.9, which was
generated by GNU Autoconf 2.68.  Invocation command line was

  $ ./configure --host=arm-linux-androideabi --prefix=/home/tom/Downloads/Linux/android-builds --disable-shared

## --------- ##
## Platform. ##
## --------- ##

hostname = lenny
uname -m = x86_64
uname -r = 3.13.0-44-generic
uname -s = Linux
uname -v = #73-Ubuntu SMP Tue Dec 16 00:22:43 UTC 2014

/usr/bin/uname -p = unknown
/bin/uname -X     = unknown

/bin/arch              = unknown
/usr/bin/arch -k       = unknown
/usr/convex/getsysinfo = unknown
/usr/bin/hostinfo      = unknown
/bin/machine           = unknown
/usr/bin/oslevel       = unknown
/bin/universe          = unknown

PATH: /usr/local/sbin
PATH: /usr/local/bin
PATH: /usr/sbin
PATH: /usr/bin
PATH: /sbin
PATH: /bin


## ----------- ##
## Core tests. ##
## ----------- ##

configure:2370: checking for a BSD-compatible install
configure:2438: result: /usr/bin/install -c
configure:2449: checking whether build environment is sane
configure:2499: result: yes
configure:2548: checking for arm-linux-androideabi-strip
configure:2578: result: no
configure:2588: checking for strip
configure:2604: found /usr/bin/strip
configure:2615: result: strip
configure:2640: checking for a thread-safe mkdir -p
configure:2679: result: /bin/mkdir -p
configure:2692: checking for gawk
configure:2722: result: no
configure:2692: checking for mawk
configure:2708: found /usr/bin/mawk
configure:2719: result: mawk
configure:2730: checking whether make sets $(MAKE)
configure:2752: result: yes
configure:2833: checking whether to enable maintainer-specific portions of Makefiles
configure:2842: result: no
configure:2882: checking for arm-linux-androideabi-gcc
configure:2909: result: /home/tom/Downloads/Linux/tc/bin/arm-linux-androideabi-gcc --sysroot=/home/tom/Downloads/Linux/tc/sysroot
configure:3178: checking for C compiler version
configure:3187: /home/tom/Downloads/Linux/tc/bin/arm-linux-androideabi-gcc --sysroot=/home/tom/Downloads/Linux/tc/sysroot --version >&5
arm-linux-androideabi-gcc (GCC) 4.9 20140827 (prerelease)
Copyright (C) 2014 Free Software Foundation, Inc.
This is free software; see the source for copying conditions.  There is NO
warranty; not even for MERCHANTABILITY or FITNESS FOR A PARTICULAR PURPOSE.

configure:3198: $? = 0
configure:3187: /home/tom/Downloads/Linux/tc/bin/arm-linux-androideabi-gcc --sysroot=/home/tom/Downloads/Linux/tc/sysroot -v >&5
Using built-in specs.
COLLECT_GCC=/home/tom/Downloads/Linux/tc/bin/arm-linux-androideabi-gcc
COLLECT_LTO_WRAPPER=/home/tom/Downloads/Linux/tc/bin/../libexec/gcc/arm-linux-androideabi/4.9/lto-wrapper
Target: arm-linux-androideabi
Configured with: /s/ndk-toolchain/src/build/../gcc/gcc-4.9/configure --prefix=/tmp/ndk-andrewhsieh/build/toolchain/prefix --target=arm-linux-androideabi --host=x86_64-linux-gnu --build=x86_64-linux-gnu --with-gnu-as --with-gnu-ld --enable-languages=c,c++ --with-gmp=/tmp/ndk-andrewhsieh/build/toolchain/temp-install --with-mpfr=/tmp/ndk-andrewhsieh/build/toolchain/temp-install --with-mpc=/tmp/ndk-andrewhsieh/build/toolchain/temp-install --with-cloog=/tmp/ndk-andrewhsieh/build/toolchain/temp-install --with-isl=/tmp/ndk-andrewhsieh/build/toolchain/temp-install --with-ppl=/tmp/ndk-andrewhsieh/build/toolchain/temp-install --disable-ppl-version-check --disable-cloog-version-check --disable-isl-version-check --enable-cloog-backend=isl --with-host-libstdcxx='-static-libgcc -Wl,-Bstatic,-lstdc++,-Bdynamic -lm' --disable-libssp --enable-threads --disable-nls --disable-libmudflap --disable-libgomp --disable-libstdc__-v3 --disable-sjlj-exceptions --disable-shared --disable-tls --disable-libitm --with-float=soft --with-fpu=vfp --with-arch=armv5te --enable-target-optspace --enable-initfini-array --disable-nls --prefix=/tmp/ndk-andrewhsieh/build/toolchain/prefix --with-sysroot=/tmp/ndk-andrewhsieh/build/toolchain/prefix/sysroot --with-binutils-version=2.24 --with-mpfr-version=3.1.1 --with-mpc-version=1.0.1 --with-gmp-version=5.0.5 --with-gcc-version=4.9 --with-gdb-version=7.6 --with-python=/usr/local/google/home/andrewhsieh/mydroid/ndk/prebuilt/linux-x86_64/bin/python-config.sh --with-gxx-include-dir=/tmp/ndk-andrewhsieh/build/toolchain/prefix/include/c++/4.9 --with-bugurl=http://source.android.com/source/report-bugs.html --enable-languages=c,c++ --disable-bootstrap --enable-plugins --enable-libgomp --disable-libsanitizer --enable-gold --enable-graphite=yes --with-cloog-version=0.18.0 --with-isl-version=0.11.1 --enable-eh-frame-hdr-for-static --with-arch=armv5te --program-transform-name='s&^&arm-linux-androideabi-&' --enable-gold=default
Thread model: posix
gcc version 4.9 20140827 (prerelease) (GCC) 
configure:3198: $? = 0
configure:3187: /home/tom/Downloads/Linux/tc/bin/arm-linux-androideabi-gcc --sysroot=/home/tom/Downloads/Linux/tc/sysroot -V >&5
arm-linux-androideabi-gcc: error: unrecognized command line option '-V'
arm-linux-androideabi-gcc: fatal error: no input files
compilation terminated.
configure:3198: $? = 1
configure:3187: /home/tom/Downloads/Linux/tc/bin/arm-linux-androideabi-gcc --sysroot=/home/tom/Downloads/Linux/tc/sysroot -qversion >&5
arm-linux-androideabi-gcc: error: unrecognized command line option '-qversion'
arm-linux-androideabi-gcc: fatal error: no input files
compilation terminated.
configure:3198: $? = 1
configure:3218: checking whether the C compiler works
configure:3240: /home/tom/Downloads/Linux/tc/bin/arm-linux-androideabi-gcc --sysroot=/home/tom/Downloads/Linux/tc/sysroot  --sysroot=/home/tom/Downloads/Linux/tc/sysroot -I/home/tom/Downloads/Linux/tc/sysroot/usr/include -I/home/tom/Downloads/Linux/tc/include -I/home/tom/Downloads/Linux/android-builds/include  --sysroot=/home/tom/Downloads/Linux/tc/sysroot -I/home/tom/Downloads/Linux/tc/sysroot/usr/include -I/home/tom/Downloads/Linux/tc/include -I/home/tom/Downloads/Linux/android-builds/include  -L/home/tom/Downloads/Linux/tc/sysroot/usr/lib  -L/home/tom/Downloads/Linux/android-builds/lib -L/home/tom/Downloads/Linux/tc/lib conftest.c -lusb -lusb-1.0 -lftdi >&5
configure:3244: $? = 0
configure:3292: result: yes
configure:3295: checking for C compiler default output file name
configure:3297: result: a.out
configure:3303: checking for suffix of executables
configure:3310: /home/tom/Downloads/Linux/tc/bin/arm-linux-androideabi-gcc --sysroot=/home/tom/Downloads/Linux/tc/sysroot -o conftest  --sysroot=/home/tom/Downloads/Linux/tc/sysroot -I/home/tom/Downloads/Linux/tc/sysroot/usr/include -I/home/tom/Downloads/Linux/tc/include -I/home/tom/Downloads/Linux/android-builds/include  --sysroot=/home/tom/Downloads/Linux/tc/sysroot -I/home/tom/Downloads/Linux/tc/sysroot/usr/include -I/home/tom/Downloads/Linux/tc/include -I/home/tom/Downloads/Linux/android-builds/include  -L/home/tom/Downloads/Linux/tc/sysroot/usr/lib  -L/home/tom/Downloads/Linux/android-builds/lib -L/home/tom/Downloads/Linux/tc/lib conftest.c -lusb -lusb-1.0 -lftdi >&5
configure:3314: $? = 0
configure:3336: result: 
configure:3358: checking whether we are cross compiling
configure:3366: /home/tom/Downloads/Linux/tc/bin/arm-linux-androideabi-gcc --sysroot=/home/tom/Downloads/Linux/tc/sysroot -o conftest  --sysroot=/home/tom/Downloads/Linux/tc/sysroot -I/home/tom/Downloads/Linux/tc/sysroot/usr/include -I/home/tom/Downloads/Linux/tc/include -I/home/tom/Downloads/Linux/android-builds/include  --sysroot=/home/tom/Downloads/Linux/tc/sysroot -I/home/tom/Downloads/Linux/tc/sysroot/usr/include -I/home/tom/Downloads/Linux/tc/include -I/home/tom/Downloads/Linux/android-builds/include  -L/home/tom/Downloads/Linux/tc/sysroot/usr/lib  -L/home/tom/Downloads/Linux/android-builds/lib -L/home/tom/Downloads/Linux/tc/lib conftest.c -lusb -lusb-1.0 -lftdi >&5
configure:3370: $? = 0
configure:3377: ./conftest
./configure: line 3379: ./conftest: cannot execute binary file: Exec format error
configure:3381: $? = 126
configure:3396: result: yes
configure:3401: checking for suffix of object files
configure:3423: /home/tom/Downloads/Linux/tc/bin/arm-linux-androideabi-gcc --sysroot=/home/tom/Downloads/Linux/tc/sysroot -c  --sysroot=/home/tom/Downloads/Linux/tc/sysroot -I/home/tom/Downloads/Linux/tc/sysroot/usr/include -I/home/tom/Downloads/Linux/tc/include -I/home/tom/Downloads/Linux/android-builds/include  --sysroot=/home/tom/Downloads/Linux/tc/sysroot -I/home/tom/Downloads/Linux/tc/sysroot/usr/include -I/home/tom/Downloads/Linux/tc/include -I/home/tom/Downloads/Linux/android-builds/include conftest.c >&5
configure:3427: $? = 0
configure:3448: result: o
configure:3452: checking whether we are using the GNU C compiler
configure:3471: /home/tom/Downloads/Linux/tc/bin/arm-linux-androideabi-gcc --sysroot=/home/tom/Downloads/Linux/tc/sysroot -c  --sysroot=/home/tom/Downloads/Linux/tc/sysroot -I/home/tom/Downloads/Linux/tc/sysroot/usr/include -I/home/tom/Downloads/Linux/tc/include -I/home/tom/Downloads/Linux/android-builds/include  --sysroot=/home/tom/Downloads/Linux/tc/sysroot -I/home/tom/Downloads/Linux/tc/sysroot/usr/include -I/home/tom/Downloads/Linux/tc/include -I/home/tom/Downloads/Linux/android-builds/include conftest.c >&5
configure:3471: $? = 0
configure:3480: result: yes
configure:3489: checking whether /home/tom/Downloads/Linux/tc/bin/arm-linux-androideabi-gcc --sysroot=/home/tom/Downloads/Linux/tc/sysroot accepts -g
configure:3509: /home/tom/Downloads/Linux/tc/bin/arm-linux-androideabi-gcc --sysroot=/home/tom/Downloads/Linux/tc/sysroot -c -g  --sysroot=/home/tom/Downloads/Linux/tc/sysroot -I/home/tom/Downloads/Linux/tc/sysroot/usr/include -I/home/tom/Downloads/Linux/tc/include -I/home/tom/Downloads/Linux/android-builds/include conftest.c >&5
configure:3509: $? = 0
configure:3550: result: yes
configure:3567: checking for /home/tom/Downloads/Linux/tc/bin/arm-linux-androideabi-gcc --sysroot=/home/tom/Downloads/Linux/tc/sysroot option to accept ISO C89
configure:3631: /home/tom/Downloads/Linux/tc/bin/arm-linux-androideabi-gcc --sysroot=/home/tom/Downloads/Linux/tc/sysroot  -c  --sysroot=/home/tom/Downloads/Linux/tc/sysroot -I/home/tom/Downloads/Linux/tc/sysroot/usr/include -I/home/tom/Downloads/Linux/tc/include -I/home/tom/Downloads/Linux/android-builds/include  --sysroot=/home/tom/Downloads/Linux/tc/sysroot -I/home/tom/Downloads/Linux/tc/sysroot/usr/include -I/home/tom/Downloads/Linux/tc/include -I/home/tom/Downloads/Linux/android-builds/include conftest.c >&5
configure:3631: $? = 0
configure:3644: result: none needed
configure:3675: checking for style of include used by make
configure:3703: result: GNU
configure:3728: checking dependency style of /home/tom/Downloads/Linux/tc/bin/arm-linux-androideabi-gcc --sysroot=/home/tom/Downloads/Linux/tc/sysroot
configure:3838: result: gcc3
configure:3882: checking build system type
configure:3896: result: x86_64-unknown-linux-gnu
configure:3916: checking host system type
configure:3929: result: arm-unknown-linux-androideabi
configure:3970: checking how to print strings
configure:3997: result: printf
configure:4018: checking for a sed that does not truncate output
configure:4082: result: /bin/sed
configure:4100: checking for grep that handles long lines and -e
configure:4158: result: /bin/grep
configure:4163: checking for egrep
configure:4225: result: /bin/grep -E
configure:4230: checking for fgrep
configure:4292: result: /bin/grep -F
configure:4327: checking for ld used by /home/tom/Downloads/Linux/tc/bin/arm-linux-androideabi-gcc --sysroot=/home/tom/Downloads/Linux/tc/sysroot
configure:4394: result: /home/tom/Downloads/Linux/tc/bin/arm-linux-androideabi-ld --sysroot=/home/tom/Downloads/Linux/tc/sysroot
configure:4401: checking if the linker (/home/tom/Downloads/Linux/tc/bin/arm-linux-androideabi-ld --sysroot=/home/tom/Downloads/Linux/tc/sysroot) is GNU ld
configure:4416: result: yes
configure:4428: checking for BSD- or MS-compatible name lister (nm)
configure:4477: result: /home/tom/Downloads/Linux/tc/bin/arm-linux-androideabi-nm --sysroot=/home/tom/Downloads/Linux/tc/sysroot
configure:4607: checking the name lister (/home/tom/Downloads/Linux/tc/bin/arm-linux-androideabi-nm --sysroot=/home/tom/Downloads/Linux/tc/sysroot) interface
configure:4614: /home/tom/Downloads/Linux/tc/bin/arm-linux-androideabi-gcc --sysroot=/home/tom/Downloads/Linux/tc/sysroot -c  --sysroot=/home/tom/Downloads/Linux/tc/sysroot -I/home/tom/Downloads/Linux/tc/sysroot/usr/include -I/home/tom/Downloads/Linux/tc/include -I/home/tom/Downloads/Linux/android-builds/include  --sysroot=/home/tom/Downloads/Linux/tc/sysroot -I/home/tom/Downloads/Linux/tc/sysroot/usr/include -I/home/tom/Downloads/Linux/tc/include -I/home/tom/Downloads/Linux/android-builds/include conftest.c >&5
configure:4617: /home/tom/Downloads/Linux/tc/bin/arm-linux-androideabi-nm --sysroot=/home/tom/Downloads/Linux/tc/sysroot "conftest.o"
/home/tom/Downloads/Linux/tc/bin/arm-linux-androideabi-nm: unrecognized option '--sysroot=/home/tom/Downloads/Linux/tc/sysroot'
Usage: /home/tom/Downloads/Linux/tc/bin/arm-linux-androideabi-nm [option(s)] [file(s)]
 List symbols in [file(s)] (a.out by default).
 The options are:
  -a, --debug-syms       Display debugger-only symbols
  -A, --print-file-name  Print name of the input file before every symbol
  -B                     Same as --format=bsd
  -C, --demangle[=STYLE] Decode low-level symbol names into user-level names
                          The STYLE, if specified, can be `auto' (the default),
                          `gnu', `lucid', `arm', `hp', `edg', `gnu-v3', `java'
                          or `gnat'
      --no-demangle      Do not demangle low-level symbol names
  -D, --dynamic          Display dynamic symbols instead of normal symbols
      --defined-only     Display only defined symbols
  -e                     (ignored)
  -f, --format=FORMAT    Use the output format FORMAT.  FORMAT can be `bsd',
                           `sysv' or `posix'.  The default is `bsd'
  -g, --extern-only      Display only external symbols
  -l, --line-numbers     Use debugging information to find a filename and
                           line number for each symbol
  -n, --numeric-sort     Sort symbols numerically by address
  -o                     Same as -A
  -p, --no-sort          Do not sort the symbols
  -P, --portability      Same as --format=posix
  -r, --reverse-sort     Reverse the sense of the sort
      --plugin NAME      Load the specified plugin
  -S, --print-size       Print size of defined symbols
  -s, --print-armap      Include index for symbols from archive members
      --size-sort        Sort symbols by size
      --special-syms     Include special symbols in the output
      --synthetic        Display synthetic symbols as well
  -t, --radix=RADIX      Use RADIX for printing symbol values
      --target=BFDNAME   Specify the target object format as BFDNAME
  -u, --undefined-only   Display only undefined symbols
  -X 32_64               (ignored)
  @FILE                  Read options from FILE
  -h, --help             Display this information
  -V, --version          Display this program's version number

/home/tom/Downloads/Linux/tc/bin/arm-linux-androideabi-nm: supported targets: elf32-littlearm elf32-bigarm elf32-little elf32-big plugin srec symbolsrec verilog tekhex binary ihex
configure:4620: output
configure:4627: result: BSD nm
configure:4630: checking whether ln -s works
configure:4634: result: yes
configure:4642: checking the maximum length of command line arguments
configure:4767: result: 1572864
configure:4784: checking whether the shell understands some XSI constructs
configure:4794: result: yes
configure:4798: checking whether the shell understands "+="
configure:4804: result: yes
configure:4839: checking for /home/tom/Downloads/Linux/tc/bin/arm-linux-androideabi-ld --sysroot=/home/tom/Downloads/Linux/tc/sysroot option to reload object files
configure:4846: result: -r
configure:4875: checking for arm-linux-androideabi-objdump
configure:4905: result: no
configure:4915: checking for objdump
configure:4931: found /usr/bin/objdump
configure:4942: result: objdump
configure:4954: WARNING: using cross tools not prefixed with host triplet
configure:4974: checking how to recognize dependent libraries
configure:5176: result: pass_all
configure:5196: checking for arm-linux-androideabi-ar
configure:5223: result: /home/tom/Downloads/Linux/tc/bin/arm-linux-androideabi-ar 
configure:5301: checking for arm-linux-androideabi-strip
configure:5328: result: strip
configure:5400: checking for arm-linux-androideabi-ranlib
configure:5427: result: /home/tom/Downloads/Linux/tc/bin/arm-linux-androideabi-ranlib 
configure:5569: checking command to parse /home/tom/Downloads/Linux/tc/bin/arm-linux-androideabi-nm --sysroot=/home/tom/Downloads/Linux/tc/sysroot output from /home/tom/Downloads/Linux/tc/bin/arm-linux-androideabi-gcc --sysroot=/home/tom/Downloads/Linux/tc/sysroot object
configure:5687: /home/tom/Downloads/Linux/tc/bin/arm-linux-androideabi-gcc --sysroot=/home/tom/Downloads/Linux/tc/sysroot -c  --sysroot=/home/tom/Downloads/Linux/tc/sysroot -I/home/tom/Downloads/Linux/tc/sysroot/usr/include -I/home/tom/Downloads/Linux/tc/include -I/home/tom/Downloads/Linux/android-builds/include  --sysroot=/home/tom/Downloads/Linux/tc/sysroot -I/home/tom/Downloads/Linux/tc/sysroot/usr/include -I/home/tom/Downloads/Linux/tc/include -I/home/tom/Downloads/Linux/android-builds/include conftest.c >&5
configure:5690: $? = 0
configure:5694: /home/tom/Downloads/Linux/tc/bin/arm-linux-androideabi-nm --sysroot=/home/tom/Downloads/Linux/tc/sysroot conftest.o \| sed -n -e 's/^.*[ ]\([BCDEGRST][BCDEGRST]*\)[ ][ ]*\([_A-Za-z][_A-Za-z0-9]*\)$/\1 \2 \2/p' \> conftest.nm
/home/tom/Downloads/Linux/tc/bin/arm-linux-androideabi-nm: unrecognized option '--sysroot=/home/tom/Downloads/Linux/tc/sysroot'
Usage: /home/tom/Downloads/Linux/tc/bin/arm-linux-androideabi-nm [option(s)] [file(s)]
 List symbols in [file(s)] (a.out by default).
 The options are:
  -a, --debug-syms       Display debugger-only symbols
  -A, --print-file-name  Print name of the input file before every symbol
  -B                     Same as --format=bsd
  -C, --demangle[=STYLE] Decode low-level symbol names into user-level names
                          The STYLE, if specified, can be `auto' (the default),
                          `gnu', `lucid', `arm', `hp', `edg', `gnu-v3', `java'
                          or `gnat'
      --no-demangle      Do not demangle low-level symbol names
  -D, --dynamic          Display dynamic symbols instead of normal symbols
      --defined-only     Display only defined symbols
  -e                     (ignored)
  -f, --format=FORMAT    Use the output format FORMAT.  FORMAT can be `bsd',
                           `sysv' or `posix'.  The default is `bsd'
  -g, --extern-only      Display only external symbols
  -l, --line-numbers     Use debugging information to find a filename and
                           line number for each symbol
  -n, --numeric-sort     Sort symbols numerically by address
  -o                     Same as -A
  -p, --no-sort          Do not sort the symbols
  -P, --portability      Same as --format=posix
  -r, --reverse-sort     Reverse the sense of the sort
      --plugin NAME      Load the specified plugin
  -S, --print-size       Print size of defined symbols
  -s, --print-armap      Include index for symbols from archive members
      --size-sort        Sort symbols by size
      --special-syms     Include special symbols in the output
      --synthetic        Display synthetic symbols as well
  -t, --radix=RADIX      Use RADIX for printing symbol values
      --target=BFDNAME   Specify the target object format as BFDNAME
  -u, --undefined-only   Display only undefined symbols
  -X 32_64               (ignored)
  @FILE                  Read options from FILE
  -h, --help             Display this information
  -V, --version          Display this program's version number

/home/tom/Downloads/Linux/tc/bin/arm-linux-androideabi-nm: supported targets: elf32-littlearm elf32-bigarm elf32-little elf32-big plugin srec symbolsrec verilog tekhex binary ihex
configure:5697: $? = 0
cannot run sed -n -e 's/^.*[	 ]\([BCDEGRST][BCDEGRST]*\)[	 ][	 ]*\([_A-Za-z][_A-Za-z0-9]*\)$/\1 \2 \2/p'
configure:5687: /home/tom/Downloads/Linux/tc/bin/arm-linux-androideabi-gcc --sysroot=/home/tom/Downloads/Linux/tc/sysroot -c  --sysroot=/home/tom/Downloads/Linux/tc/sysroot -I/home/tom/Downloads/Linux/tc/sysroot/usr/include -I/home/tom/Downloads/Linux/tc/include -I/home/tom/Downloads/Linux/android-builds/include  --sysroot=/home/tom/Downloads/Linux/tc/sysroot -I/home/tom/Downloads/Linux/tc/sysroot/usr/include -I/home/tom/Downloads/Linux/tc/include -I/home/tom/Downloads/Linux/android-builds/include conftest.c >&5
configure:5690: $? = 0
configure:5694: /home/tom/Downloads/Linux/tc/bin/arm-linux-androideabi-nm --sysroot=/home/tom/Downloads/Linux/tc/sysroot conftest.o \| sed -n -e 's/^.*[ ]\([BCDEGRST][BCDEGRST]*\)[ ][ ]*_\([_A-Za-z][_A-Za-z0-9]*\)$/\1 _\2 \2/p' \> conftest.nm
/home/tom/Downloads/Linux/tc/bin/arm-linux-androideabi-nm: unrecognized option '--sysroot=/home/tom/Downloads/Linux/tc/sysroot'
Usage: /home/tom/Downloads/Linux/tc/bin/arm-linux-androideabi-nm [option(s)] [file(s)]
 List symbols in [file(s)] (a.out by default).
 The options are:
  -a, --debug-syms       Display debugger-only symbols
  -A, --print-file-name  Print name of the input file before every symbol
  -B                     Same as --format=bsd
  -C, --demangle[=STYLE] Decode low-level symbol names into user-level names
                          The STYLE, if specified, can be `auto' (the default),
                          `gnu', `lucid', `arm', `hp', `edg', `gnu-v3', `java'
                          or `gnat'
      --no-demangle      Do not demangle low-level symbol names
  -D, --dynamic          Display dynamic symbols instead of normal symbols
      --defined-only     Display only defined symbols
  -e                     (ignored)
  -f, --format=FORMAT    Use the output format FORMAT.  FORMAT can be `bsd',
                           `sysv' or `posix'.  The default is `bsd'
  -g, --extern-only      Display only external symbols
  -l, --line-numbers     Use debugging information to find a filename and
                           line number for each symbol
  -n, --numeric-sort     Sort symbols numerically by address
  -o                     Same as -A
  -p, --no-sort          Do not sort the symbols
  -P, --portability      Same as --format=posix
  -r, --reverse-sort     Reverse the sense of the sort
      --plugin NAME      Load the specified plugin
  -S, --print-size       Print size of defined symbols
  -s, --print-armap      Include index for symbols from archive members
      --size-sort        Sort symbols by size
      --special-syms     Include special symbols in the output
      --synthetic        Display synthetic symbols as well
  -t, --radix=RADIX      Use RADIX for printing symbol values
      --target=BFDNAME   Specify the target object format as BFDNAME
  -u, --undefined-only   Display only undefined symbols
  -X 32_64               (ignored)
  @FILE                  Read options from FILE
  -h, --help             Display this information
  -V, --version          Display this program's version number

/home/tom/Downloads/Linux/tc/bin/arm-linux-androideabi-nm: supported targets: elf32-littlearm elf32-bigarm elf32-little elf32-big plugin srec symbolsrec verilog tekhex binary ihex
configure:5697: $? = 0
cannot run sed -n -e 's/^.*[	 ]\([BCDEGRST][BCDEGRST]*\)[	 ][	 ]*_\([_A-Za-z][_A-Za-z0-9]*\)$/\1 _\2 \2/p'
configure:5789: result: failed
configure:6633: checking how to run the C preprocessor
configure:6703: result: /home/tom/Downloads/Linux/tc/bin/arm-linux-androideabi-cpp --sysroot=/home/tom/Downloads/Linux/tc/sysroot
configure:6723: /home/tom/Downloads/Linux/tc/bin/arm-linux-androideabi-cpp --sysroot=/home/tom/Downloads/Linux/tc/sysroot  --sysroot=/home/tom/Downloads/Linux/tc/sysroot -I/home/tom/Downloads/Linux/tc/sysroot/usr/include -I/home/tom/Downloads/Linux/tc/include -I/home/tom/Downloads/Linux/android-builds/include conftest.c
configure:6723: $? = 0
configure:6737: /home/tom/Downloads/Linux/tc/bin/arm-linux-androideabi-cpp --sysroot=/home/tom/Downloads/Linux/tc/sysroot  --sysroot=/home/tom/Downloads/Linux/tc/sysroot -I/home/tom/Downloads/Linux/tc/sysroot/usr/include -I/home/tom/Downloads/Linux/tc/include -I/home/tom/Downloads/Linux/android-builds/include conftest.c
conftest.c:11:28: fatal error: ac_nonexistent.h: No such file or directory
 #include <ac_nonexistent.h>
                            ^
compilation terminated.
configure:6737: $? = 1
configure: failed program was:
| /* confdefs.h */
| #define PACKAGE_NAME "libusb"
| #define PACKAGE_TARNAME "libusb"
| #define PACKAGE_VERSION "1.0.9"
| #define PACKAGE_STRING "libusb 1.0.9"
| #define PACKAGE_BUGREPORT "libusb-devel@lists.sourceforge.net"
| #define PACKAGE_URL "http://www.libusb.org/"
| #define PACKAGE "libusb"
| #define VERSION "1.0.9"
| /* end confdefs.h.  */
| #include <ac_nonexistent.h>
configure:6766: checking for ANSI C header files
configure:6786: /home/tom/Downloads/Linux/tc/bin/arm-linux-androideabi-gcc --sysroot=/home/tom/Downloads/Linux/tc/sysroot -c  --sysroot=/home/tom/Downloads/Linux/tc/sysroot -I/home/tom/Downloads/Linux/tc/sysroot/usr/include -I/home/tom/Downloads/Linux/tc/include -I/home/tom/Downloads/Linux/android-builds/include  --sysroot=/home/tom/Downloads/Linux/tc/sysroot -I/home/tom/Downloads/Linux/tc/sysroot/usr/include -I/home/tom/Downloads/Linux/tc/include -I/home/tom/Downloads/Linux/android-builds/include conftest.c >&5
configure:6786: $? = 0
configure:6870: result: yes
configure:6883: checking for sys/types.h
configure:6883: /home/tom/Downloads/Linux/tc/bin/arm-linux-androideabi-gcc --sysroot=/home/tom/Downloads/Linux/tc/sysroot -c  --sysroot=/home/tom/Downloads/Linux/tc/sysroot -I/home/tom/Downloads/Linux/tc/sysroot/usr/include -I/home/tom/Downloads/Linux/tc/include -I/home/tom/Downloads/Linux/android-builds/include  --sysroot=/home/tom/Downloads/Linux/tc/sysroot -I/home/tom/Downloads/Linux/tc/sysroot/usr/include -I/home/tom/Downloads/Linux/tc/include -I/home/tom/Downloads/Linux/android-builds/include conftest.c >&5
configure:6883: $? = 0
configure:6883: result: yes
configure:6883: checking for sys/stat.h
configure:6883: /home/tom/Downloads/Linux/tc/bin/arm-linux-androideabi-gcc --sysroot=/home/tom/Downloads/Linux/tc/sysroot -c  --sysroot=/home/tom/Downloads/Linux/tc/sysroot -I/home/tom/Downloads/Linux/tc/sysroot/usr/include -I/home/tom/Downloads/Linux/tc/include -I/home/tom/Downloads/Linux/android-builds/include  --sysroot=/home/tom/Downloads/Linux/tc/sysroot -I/home/tom/Downloads/Linux/tc/sysroot/usr/include -I/home/tom/Downloads/Linux/tc/include -I/home/tom/Downloads/Linux/android-builds/include conftest.c >&5
configure:6883: $? = 0
configure:6883: result: yes
configure:6883: checking for stdlib.h
configure:6883: /home/tom/Downloads/Linux/tc/bin/arm-linux-androideabi-gcc --sysroot=/home/tom/Downloads/Linux/tc/sysroot -c  --sysroot=/home/tom/Downloads/Linux/tc/sysroot -I/home/tom/Downloads/Linux/tc/sysroot/usr/include -I/home/tom/Downloads/Linux/tc/include -I/home/tom/Downloads/Linux/android-builds/include  --sysroot=/home/tom/Downloads/Linux/tc/sysroot -I/home/tom/Downloads/Linux/tc/sysroot/usr/include -I/home/tom/Downloads/Linux/tc/include -I/home/tom/Downloads/Linux/android-builds/include conftest.c >&5
configure:6883: $? = 0
configure:6883: result: yes
configure:6883: checking for string.h
configure:6883: /home/tom/Downloads/Linux/tc/bin/arm-linux-androideabi-gcc --sysroot=/home/tom/Downloads/Linux/tc/sysroot -c  --sysroot=/home/tom/Downloads/Linux/tc/sysroot -I/home/tom/Downloads/Linux/tc/sysroot/usr/include -I/home/tom/Downloads/Linux/tc/include -I/home/tom/Downloads/Linux/android-builds/include  --sysroot=/home/tom/Downloads/Linux/tc/sysroot -I/home/tom/Downloads/Linux/tc/sysroot/usr/include -I/home/tom/Downloads/Linux/tc/include -I/home/tom/Downloads/Linux/android-builds/include conftest.c >&5
configure:6883: $? = 0
configure:6883: result: yes
configure:6883: checking for memory.h
configure:6883: /home/tom/Downloads/Linux/tc/bin/arm-linux-androideabi-gcc --sysroot=/home/tom/Downloads/Linux/tc/sysroot -c  --sysroot=/home/tom/Downloads/Linux/tc/sysroot -I/home/tom/Downloads/Linux/tc/sysroot/usr/include -I/home/tom/Downloads/Linux/tc/include -I/home/tom/Downloads/Linux/android-builds/include  --sysroot=/home/tom/Downloads/Linux/tc/sysroot -I/home/tom/Downloads/Linux/tc/sysroot/usr/include -I/home/tom/Downloads/Linux/tc/include -I/home/tom/Downloads/Linux/android-builds/include conftest.c >&5
configure:6883: $? = 0
configure:6883: result: yes
configure:6883: checking for strings.h
configure:6883: /home/tom/Downloads/Linux/tc/bin/arm-linux-androideabi-gcc --sysroot=/home/tom/Downloads/Linux/tc/sysroot -c  --sysroot=/home/tom/Downloads/Linux/tc/sysroot -I/home/tom/Downloads/Linux/tc/sysroot/usr/include -I/home/tom/Downloads/Linux/tc/include -I/home/tom/Downloads/Linux/android-builds/include  --sysroot=/home/tom/Downloads/Linux/tc/sysroot -I/home/tom/Downloads/Linux/tc/sysroot/usr/include -I/home/tom/Downloads/Linux/tc/include -I/home/tom/Downloads/Linux/android-builds/include conftest.c >&5
configure:6883: $? = 0
configure:6883: result: yes
configure:6883: checking for inttypes.h
configure:6883: /home/tom/Downloads/Linux/tc/bin/arm-linux-androideabi-gcc --sysroot=/home/tom/Downloads/Linux/tc/sysroot -c  --sysroot=/home/tom/Downloads/Linux/tc/sysroot -I/home/tom/Downloads/Linux/tc/sysroot/usr/include -I/home/tom/Downloads/Linux/tc/include -I/home/tom/Downloads/Linux/android-builds/include  --sysroot=/home/tom/Downloads/Linux/tc/sysroot -I/home/tom/Downloads/Linux/tc/sysroot/usr/include -I/home/tom/Downloads/Linux/tc/include -I/home/tom/Downloads/Linux/android-builds/include conftest.c >&5
configure:6883: $? = 0
configure:6883: result: yes
configure:6883: checking for stdint.h
configure:6883: /home/tom/Downloads/Linux/tc/bin/arm-linux-androideabi-gcc --sysroot=/home/tom/Downloads/Linux/tc/sysroot -c  --sysroot=/home/tom/Downloads/Linux/tc/sysroot -I/home/tom/Downloads/Linux/tc/sysroot/usr/include -I/home/tom/Downloads/Linux/tc/include -I/home/tom/Downloads/Linux/android-builds/include  --sysroot=/home/tom/Downloads/Linux/tc/sysroot -I/home/tom/Downloads/Linux/tc/sysroot/usr/include -I/home/tom/Downloads/Linux/tc/include -I/home/tom/Downloads/Linux/android-builds/include conftest.c >&5
configure:6883: $? = 0
configure:6883: result: yes
configure:6883: checking for unistd.h
configure:6883: /home/tom/Downloads/Linux/tc/bin/arm-linux-androideabi-gcc --sysroot=/home/tom/Downloads/Linux/tc/sysroot -c  --sysroot=/home/tom/Downloads/Linux/tc/sysroot -I/home/tom/Downloads/Linux/tc/sysroot/usr/include -I/home/tom/Downloads/Linux/tc/include -I/home/tom/Downloads/Linux/android-builds/include  --sysroot=/home/tom/Downloads/Linux/tc/sysroot -I/home/tom/Downloads/Linux/tc/sysroot/usr/include -I/home/tom/Downloads/Linux/tc/include -I/home/tom/Downloads/Linux/android-builds/include conftest.c >&5
configure:6883: $? = 0
configure:6883: result: yes
configure:6897: checking for dlfcn.h
configure:6897: /home/tom/Downloads/Linux/tc/bin/arm-linux-androideabi-gcc --sysroot=/home/tom/Downloads/Linux/tc/sysroot -c  --sysroot=/home/tom/Downloads/Linux/tc/sysroot -I/home/tom/Downloads/Linux/tc/sysroot/usr/include -I/home/tom/Downloads/Linux/tc/include -I/home/tom/Downloads/Linux/android-builds/include  --sysroot=/home/tom/Downloads/Linux/tc/sysroot -I/home/tom/Downloads/Linux/tc/sysroot/usr/include -I/home/tom/Downloads/Linux/tc/include -I/home/tom/Downloads/Linux/android-builds/include conftest.c >&5
configure:6897: $? = 0
configure:6897: result: yes
configure:7084: checking for objdir
configure:7099: result: .libs
configure:7366: checking if /home/tom/Downloads/Linux/tc/bin/arm-linux-androideabi-gcc --sysroot=/home/tom/Downloads/Linux/tc/sysroot supports -fno-rtti -fno-exceptions
configure:7384: /home/tom/Downloads/Linux/tc/bin/arm-linux-androideabi-gcc --sysroot=/home/tom/Downloads/Linux/tc/sysroot -c  --sysroot=/home/tom/Downloads/Linux/tc/sysroot -I/home/tom/Downloads/Linux/tc/sysroot/usr/include -I/home/tom/Downloads/Linux/tc/include -I/home/tom/Downloads/Linux/android-builds/include  --sysroot=/home/tom/Downloads/Linux/tc/sysroot -I/home/tom/Downloads/Linux/tc/sysroot/usr/include -I/home/tom/Downloads/Linux/tc/include -I/home/tom/Downloads/Linux/android-builds/include -fno-rtti -fno-exceptions conftest.c >&5
cc1: warning: command line option '-fno-rtti' is valid for C++/ObjC++ but not for C
configure:7388: $? = 0
configure:7401: result: no
configure:7421: checking for /home/tom/Downloads/Linux/tc/bin/arm-linux-androideabi-gcc --sysroot=/home/tom/Downloads/Linux/tc/sysroot option to produce PIC
configure:7706: result: -fPIC -DPIC
configure:7718: checking if /home/tom/Downloads/Linux/tc/bin/arm-linux-androideabi-gcc --sysroot=/home/tom/Downloads/Linux/tc/sysroot PIC flag -fPIC -DPIC works
configure:7736: /home/tom/Downloads/Linux/tc/bin/arm-linux-androideabi-gcc --sysroot=/home/tom/Downloads/Linux/tc/sysroot -c  --sysroot=/home/tom/Downloads/Linux/tc/sysroot -I/home/tom/Downloads/Linux/tc/sysroot/usr/include -I/home/tom/Downloads/Linux/tc/include -I/home/tom/Downloads/Linux/android-builds/include  --sysroot=/home/tom/Downloads/Linux/tc/sysroot -I/home/tom/Downloads/Linux/tc/sysroot/usr/include -I/home/tom/Downloads/Linux/tc/include -I/home/tom/Downloads/Linux/android-builds/include -fPIC -DPIC -DPIC conftest.c >&5
configure:7740: $? = 0
configure:7753: result: yes
configure:7777: checking if /home/tom/Downloads/Linux/tc/bin/arm-linux-androideabi-gcc --sysroot=/home/tom/Downloads/Linux/tc/sysroot static flag -static works
configure:7805: result: yes
configure:7820: checking if /home/tom/Downloads/Linux/tc/bin/arm-linux-androideabi-gcc --sysroot=/home/tom/Downloads/Linux/tc/sysroot supports -c -o file.o
configure:7841: /home/tom/Downloads/Linux/tc/bin/arm-linux-androideabi-gcc --sysroot=/home/tom/Downloads/Linux/tc/sysroot -c  --sysroot=/home/tom/Downloads/Linux/tc/sysroot -I/home/tom/Downloads/Linux/tc/sysroot/usr/include -I/home/tom/Downloads/Linux/tc/include -I/home/tom/Downloads/Linux/android-builds/include  --sysroot=/home/tom/Downloads/Linux/tc/sysroot -I/home/tom/Downloads/Linux/tc/sysroot/usr/include -I/home/tom/Downloads/Linux/tc/include -I/home/tom/Downloads/Linux/android-builds/include -o out/conftest2.o conftest.c >&5
configure:7845: $? = 0
configure:7867: result: yes
configure:7875: checking if /home/tom/Downloads/Linux/tc/bin/arm-linux-androideabi-gcc --sysroot=/home/tom/Downloads/Linux/tc/sysroot supports -c -o file.o
configure:7922: result: yes
configure:7955: checking whether the /home/tom/Downloads/Linux/tc/bin/arm-linux-androideabi-gcc --sysroot=/home/tom/Downloads/Linux/tc/sysroot linker (/home/tom/Downloads/Linux/tc/bin/arm-linux-androideabi-ld --sysroot=/home/tom/Downloads/Linux/tc/sysroot) supports shared libraries
configure:9030: result: yes
configure:9275: checking dynamic linker characteristics
configure:9743: /home/tom/Downloads/Linux/tc/bin/arm-linux-androideabi-gcc --sysroot=/home/tom/Downloads/Linux/tc/sysroot -o conftest  --sysroot=/home/tom/Downloads/Linux/tc/sysroot -I/home/tom/Downloads/Linux/tc/sysroot/usr/include -I/home/tom/Downloads/Linux/tc/include -I/home/tom/Downloads/Linux/android-builds/include  --sysroot=/home/tom/Downloads/Linux/tc/sysroot -I/home/tom/Downloads/Linux/tc/sysroot/usr/include -I/home/tom/Downloads/Linux/tc/include -I/home/tom/Downloads/Linux/android-builds/include  -L/home/tom/Downloads/Linux/tc/sysroot/usr/lib  -L/home/tom/Downloads/Linux/android-builds/lib -L/home/tom/Downloads/Linux/tc/lib -Wl,-rpath -Wl,/foo conftest.c -lusb -lusb-1.0 -lftdi >&5
configure:9743: $? = 0
configure:9965: result: GNU/Linux ld.so
configure:10072: checking how to hardcode library paths into programs
configure:10097: result: immediate
configure:10637: checking whether stripping libraries is possible
configure:10642: result: yes
configure:10677: checking if libtool supports shared libraries
configure:10679: result: yes
configure:10682: checking whether to build shared libraries
configure:10703: result: no
configure:10706: checking whether to build static libraries
configure:10710: result: yes
configure:10748: checking for arm-linux-androideabi-windres
configure:10778: result: no
configure:10788: checking for windres
configure:10818: result: no
configure:10919: checking for inline
configure:10935: /home/tom/Downloads/Linux/tc/bin/arm-linux-androideabi-gcc --sysroot=/home/tom/Downloads/Linux/tc/sysroot -c  --sysroot=/home/tom/Downloads/Linux/tc/sysroot -I/home/tom/Downloads/Linux/tc/sysroot/usr/include -I/home/tom/Downloads/Linux/tc/include -I/home/tom/Downloads/Linux/android-builds/include  --sysroot=/home/tom/Downloads/Linux/tc/sysroot -I/home/tom/Downloads/Linux/tc/sysroot/usr/include -I/home/tom/Downloads/Linux/tc/include -I/home/tom/Downloads/Linux/android-builds/include conftest.c >&5
configure:10935: $? = 0
configure:10943: result: inline
configure:10962: checking whether /home/tom/Downloads/Linux/tc/bin/arm-linux-androideabi-gcc --sysroot=/home/tom/Downloads/Linux/tc/sysroot and cc understand -c and -o together
configure:10993: /home/tom/Downloads/Linux/tc/bin/arm-linux-androideabi-gcc --sysroot=/home/tom/Downloads/Linux/tc/sysroot -c conftest.c -o conftest2.o >&5
configure:10997: $? = 0
configure:11003: /home/tom/Downloads/Linux/tc/bin/arm-linux-androideabi-gcc --sysroot=/home/tom/Downloads/Linux/tc/sysroot -c conftest.c -o conftest2.o >&5
configure:11007: $? = 0
configure:11018: cc -c conftest.c >&5
configure:11022: $? = 0
configure:11030: cc -c conftest.c -o conftest2.o >&5
configure:11034: $? = 0
configure:11040: cc -c conftest.c -o conftest2.o >&5
configure:11044: $? = 0
configure:11062: result: yes
configure:11093: checking operating system
configure:11097: result: Linux
configure:11136: checking for clock_gettime in -lrt
configure:11161: /home/tom/Downloads/Linux/tc/bin/arm-linux-androideabi-gcc --sysroot=/home/tom/Downloads/Linux/tc/sysroot -o conftest  --sysroot=/home/tom/Downloads/Linux/tc/sysroot -I/home/tom/Downloads/Linux/tc/sysroot/usr/include -I/home/tom/Downloads/Linux/tc/include -I/home/tom/Downloads/Linux/android-builds/include  --sysroot=/home/tom/Downloads/Linux/tc/sysroot -I/home/tom/Downloads/Linux/tc/sysroot/usr/include -I/home/tom/Downloads/Linux/tc/include -I/home/tom/Downloads/Linux/android-builds/include  -L/home/tom/Downloads/Linux/tc/sysroot/usr/lib  -L/home/tom/Downloads/Linux/android-builds/lib -L/home/tom/Downloads/Linux/tc/lib conftest.c -lrt  -lusb -lusb-1.0 -lftdi >&5
/home/tom/Downloads/Linux/tc/bin/../lib/gcc/arm-linux-androideabi/4.9/../../../../arm-linux-androideabi/bin/ld: error: cannot find -lrt
collect2: error: ld returned 1 exit status
configure:11161: $? = 1
configure: failed program was:
| /* confdefs.h */
| #define PACKAGE_NAME "libusb"
| #define PACKAGE_TARNAME "libusb"
| #define PACKAGE_VERSION "1.0.9"
| #define PACKAGE_STRING "libusb 1.0.9"
| #define PACKAGE_BUGREPORT "libusb-devel@lists.sourceforge.net"
| #define PACKAGE_URL "http://www.libusb.org/"
| #define PACKAGE "libusb"
| #define VERSION "1.0.9"
| #define STDC_HEADERS 1
| #define HAVE_SYS_TYPES_H 1
| #define HAVE_SYS_STAT_H 1
| #define HAVE_STDLIB_H 1
| #define HAVE_STRING_H 1
| #define HAVE_MEMORY_H 1
| #define HAVE_STRINGS_H 1
| #define HAVE_INTTYPES_H 1
| #define HAVE_STDINT_H 1
| #define HAVE_UNISTD_H 1
| #define HAVE_DLFCN_H 1
| #define LT_OBJDIR ".libs/"
| #define _GNU_SOURCE 1
| #define OS_LINUX 1
| /* end confdefs.h.  */
| 
| /* Override any GCC internal prototype to avoid an error.
|    Use char because int might match the return type of a GCC
|    builtin and then its argument prototype would still apply.  */
| #ifdef __cplusplus
| extern "C"
| #endif
| char clock_gettime ();
| int
| main ()
| {
| return clock_gettime ();
|   ;
|   return 0;
| }
configure:11170: result: no
configure:11181: checking poll.h usability
configure:11181: /home/tom/Downloads/Linux/tc/bin/arm-linux-androideabi-gcc --sysroot=/home/tom/Downloads/Linux/tc/sysroot -c  --sysroot=/home/tom/Downloads/Linux/tc/sysroot -I/home/tom/Downloads/Linux/tc/sysroot/usr/include -I/home/tom/Downloads/Linux/tc/include -I/home/tom/Downloads/Linux/android-builds/include  --sysroot=/home/tom/Downloads/Linux/tc/sysroot -I/home/tom/Downloads/Linux/tc/sysroot/usr/include -I/home/tom/Downloads/Linux/tc/include -I/home/tom/Downloads/Linux/android-builds/include conftest.c >&5
configure:11181: $? = 0
configure:11181: result: yes
configure:11181: checking poll.h presence
configure:11181: /home/tom/Downloads/Linux/tc/bin/arm-linux-androideabi-cpp --sysroot=/home/tom/Downloads/Linux/tc/sysroot  --sysroot=/home/tom/Downloads/Linux/tc/sysroot -I/home/tom/Downloads/Linux/tc/sysroot/usr/include -I/home/tom/Downloads/Linux/tc/include -I/home/tom/Downloads/Linux/android-builds/include conftest.c
configure:11181: $? = 0
configure:11181: result: yes
configure:11181: checking for poll.h
configure:11181: result: yes
configure:11315: checking sys/timerfd.h usability
configure:11315: /home/tom/Downloads/Linux/tc/bin/arm-linux-androideabi-gcc --sysroot=/home/tom/Downloads/Linux/tc/sysroot -c  --sysroot=/home/tom/Downloads/Linux/tc/sysroot -I/home/tom/Downloads/Linux/tc/sysroot/usr/include -I/home/tom/Downloads/Linux/tc/include -I/home/tom/Downloads/Linux/android-builds/include  --sysroot=/home/tom/Downloads/Linux/tc/sysroot -I/home/tom/Downloads/Linux/tc/sysroot/usr/include -I/home/tom/Downloads/Linux/tc/include -I/home/tom/Downloads/Linux/android-builds/include conftest.c >&5
conftest.c:61:25: fatal error: sys/timerfd.h: No such file or directory
 #include <sys/timerfd.h>
                         ^
compilation terminated.
configure:11315: $? = 1
configure: failed program was:
| /* confdefs.h */
| #define PACKAGE_NAME "libusb"
| #define PACKAGE_TARNAME "libusb"
| #define PACKAGE_VERSION "1.0.9"
| #define PACKAGE_STRING "libusb 1.0.9"
| #define PACKAGE_BUGREPORT "libusb-devel@lists.sourceforge.net"
| #define PACKAGE_URL "http://www.libusb.org/"
| #define PACKAGE "libusb"
| #define VERSION "1.0.9"
| #define STDC_HEADERS 1
| #define HAVE_SYS_TYPES_H 1
| #define HAVE_SYS_STAT_H 1
| #define HAVE_STDLIB_H 1
| #define HAVE_STRING_H 1
| #define HAVE_MEMORY_H 1
| #define HAVE_STRINGS_H 1
| #define HAVE_INTTYPES_H 1
| #define HAVE_STDINT_H 1
| #define HAVE_UNISTD_H 1
| #define HAVE_DLFCN_H 1
| #define LT_OBJDIR ".libs/"
| #define _GNU_SOURCE 1
| #define OS_LINUX 1
| #define HAVE_POLL_H 1
| #define POLL_NFDS_TYPE nfds_t
| #define THREADS_POSIX 1
| /* end confdefs.h.  */
| #include <stdio.h>
| #ifdef HAVE_SYS_TYPES_H
| # include <sys/types.h>
| #endif
| #ifdef HAVE_SYS_STAT_H
| # include <sys/stat.h>
| #endif
| #ifdef STDC_HEADERS
| # include <stdlib.h>
| # include <stddef.h>
| #else
| # ifdef HAVE_STDLIB_H
| #  include <stdlib.h>
| # endif
| #endif
| #ifdef HAVE_STRING_H
| # if !defined STDC_HEADERS && defined HAVE_MEMORY_H
| #  include <memory.h>
| # endif
| # include <string.h>
| #endif
| #ifdef HAVE_STRINGS_H
| # include <strings.h>
| #endif
| #ifdef HAVE_INTTYPES_H
| # include <inttypes.h>
| #endif
| #ifdef HAVE_STDINT_H
| # include <stdint.h>
| #endif
| #ifdef HAVE_UNISTD_H
| # include <unistd.h>
| #endif
| #include <sys/timerfd.h>
configure:11315: result: no
configure:11315: checking sys/timerfd.h presence
configure:11315: /home/tom/Downloads/Linux/tc/bin/arm-linux-androideabi-cpp --sysroot=/home/tom/Downloads/Linux/tc/sysroot  --sysroot=/home/tom/Downloads/Linux/tc/sysroot -I/home/tom/Downloads/Linux/tc/sysroot/usr/include -I/home/tom/Downloads/Linux/tc/include -I/home/tom/Downloads/Linux/android-builds/include conftest.c
conftest.c:28:25: fatal error: sys/timerfd.h: No such file or directory
 #include <sys/timerfd.h>
                         ^
compilation terminated.
configure:11315: $? = 1
configure: failed program was:
| /* confdefs.h */
| #define PACKAGE_NAME "libusb"
| #define PACKAGE_TARNAME "libusb"
| #define PACKAGE_VERSION "1.0.9"
| #define PACKAGE_STRING "libusb 1.0.9"
| #define PACKAGE_BUGREPORT "libusb-devel@lists.sourceforge.net"
| #define PACKAGE_URL "http://www.libusb.org/"
| #define PACKAGE "libusb"
| #define VERSION "1.0.9"
| #define STDC_HEADERS 1
| #define HAVE_SYS_TYPES_H 1
| #define HAVE_SYS_STAT_H 1
| #define HAVE_STDLIB_H 1
| #define HAVE_STRING_H 1
| #define HAVE_MEMORY_H 1
| #define HAVE_STRINGS_H 1
| #define HAVE_INTTYPES_H 1
| #define HAVE_STDINT_H 1
| #define HAVE_UNISTD_H 1
| #define HAVE_DLFCN_H 1
| #define LT_OBJDIR ".libs/"
| #define _GNU_SOURCE 1
| #define OS_LINUX 1
| #define HAVE_POLL_H 1
| #define POLL_NFDS_TYPE nfds_t
| #define THREADS_POSIX 1
| /* end confdefs.h.  */
| #include <sys/timerfd.h>
configure:11315: result: no
configure:11315: checking for sys/timerfd.h
configure:11315: result: no
configure:11335: checking whether TFD_NONBLOCK is declared
configure:11335: /home/tom/Downloads/Linux/tc/bin/arm-linux-androideabi-gcc --sysroot=/home/tom/Downloads/Linux/tc/sysroot -c  --sysroot=/home/tom/Downloads/Linux/tc/sysroot -I/home/tom/Downloads/Linux/tc/sysroot/usr/include -I/home/tom/Downloads/Linux/tc/include -I/home/tom/Downloads/Linux/android-builds/include  --sysroot=/home/tom/Downloads/Linux/tc/sysroot -I/home/tom/Downloads/Linux/tc/sysroot/usr/include -I/home/tom/Downloads/Linux/tc/include -I/home/tom/Downloads/Linux/android-builds/include conftest.c >&5
conftest.c:28:25: fatal error: sys/timerfd.h: No such file or directory
 #include <sys/timerfd.h>
                         ^
compilation terminated.
configure:11335: $? = 1
configure: failed program was:
| /* confdefs.h */
| #define PACKAGE_NAME "libusb"
| #define PACKAGE_TARNAME "libusb"
| #define PACKAGE_VERSION "1.0.9"
| #define PACKAGE_STRING "libusb 1.0.9"
| #define PACKAGE_BUGREPORT "libusb-devel@lists.sourceforge.net"
| #define PACKAGE_URL "http://www.libusb.org/"
| #define PACKAGE "libusb"
| #define VERSION "1.0.9"
| #define STDC_HEADERS 1
| #define HAVE_SYS_TYPES_H 1
| #define HAVE_SYS_STAT_H 1
| #define HAVE_STDLIB_H 1
| #define HAVE_STRING_H 1
| #define HAVE_MEMORY_H 1
| #define HAVE_STRINGS_H 1
| #define HAVE_INTTYPES_H 1
| #define HAVE_STDINT_H 1
| #define HAVE_UNISTD_H 1
| #define HAVE_DLFCN_H 1
| #define LT_OBJDIR ".libs/"
| #define _GNU_SOURCE 1
| #define OS_LINUX 1
| #define HAVE_POLL_H 1
| #define POLL_NFDS_TYPE nfds_t
| #define THREADS_POSIX 1
| /* end confdefs.h.  */
| #include <sys/timerfd.h>
| 
| int
| main ()
| {
| #ifndef TFD_NONBLOCK
| #ifdef __cplusplus
|   (void) TFD_NONBLOCK;
| #else
|   (void) TFD_NONBLOCK;
| #endif
| #endif
| 
|   ;
|   return 0;
| }
configure:11335: result: no
configure:11347: checking whether to use timerfd for timing
configure:11360: result: no (header not available)
configure:11365: checking for struct timespec
configure:11365: /home/tom/Downloads/Linux/tc/bin/arm-linux-androideabi-gcc --sysroot=/home/tom/Downloads/Linux/tc/sysroot -c  --sysroot=/home/tom/Downloads/Linux/tc/sysroot -I/home/tom/Downloads/Linux/tc/sysroot/usr/include -I/home/tom/Downloads/Linux/tc/include -I/home/tom/Downloads/Linux/android-builds/include  --sysroot=/home/tom/Downloads/Linux/tc/sysroot -I/home/tom/Downloads/Linux/tc/sysroot/usr/include -I/home/tom/Downloads/Linux/tc/include -I/home/tom/Downloads/Linux/android-builds/include conftest.c >&5
configure:11365: $? = 0
configure:11365: /home/tom/Downloads/Linux/tc/bin/arm-linux-androideabi-gcc --sysroot=/home/tom/Downloads/Linux/tc/sysroot -c  --sysroot=/home/tom/Downloads/Linux/tc/sysroot -I/home/tom/Downloads/Linux/tc/sysroot/usr/include -I/home/tom/Downloads/Linux/tc/include -I/home/tom/Downloads/Linux/android-builds/include  --sysroot=/home/tom/Downloads/Linux/tc/sysroot -I/home/tom/Downloads/Linux/tc/sysroot/usr/include -I/home/tom/Downloads/Linux/tc/include -I/home/tom/Downloads/Linux/android-builds/include conftest.c >&5
conftest.c: In function 'main':
conftest.c:64:30: error: expected expression before ')' token
 if (sizeof ((struct timespec)))
                              ^
configure:11365: $? = 1
configure: failed program was:
| /* confdefs.h */
| #define PACKAGE_NAME "libusb"
| #define PACKAGE_TARNAME "libusb"
| #define PACKAGE_VERSION "1.0.9"
| #define PACKAGE_STRING "libusb 1.0.9"
| #define PACKAGE_BUGREPORT "libusb-devel@lists.sourceforge.net"
| #define PACKAGE_URL "http://www.libusb.org/"
| #define PACKAGE "libusb"
| #define VERSION "1.0.9"
| #define STDC_HEADERS 1
| #define HAVE_SYS_TYPES_H 1
| #define HAVE_SYS_STAT_H 1
| #define HAVE_STDLIB_H 1
| #define HAVE_STRING_H 1
| #define HAVE_MEMORY_H 1
| #define HAVE_STRINGS_H 1
| #define HAVE_INTTYPES_H 1
| #define HAVE_STDINT_H 1
| #define HAVE_UNISTD_H 1
| #define HAVE_DLFCN_H 1
| #define LT_OBJDIR ".libs/"
| #define _GNU_SOURCE 1
| #define OS_LINUX 1
| #define HAVE_POLL_H 1
| #define POLL_NFDS_TYPE nfds_t
| #define THREADS_POSIX 1
| /* end confdefs.h.  */
| #include <stdio.h>
| #ifdef HAVE_SYS_TYPES_H
| # include <sys/types.h>
| #endif
| #ifdef HAVE_SYS_STAT_H
| # include <sys/stat.h>
| #endif
| #ifdef STDC_HEADERS
| # include <stdlib.h>
| # include <stddef.h>
| #else
| # ifdef HAVE_STDLIB_H
| #  include <stdlib.h>
| # endif
| #endif
| #ifdef HAVE_STRING_H
| # if !defined STDC_HEADERS && defined HAVE_MEMORY_H
| #  include <memory.h>
| # endif
| # include <string.h>
| #endif
| #ifdef HAVE_STRINGS_H
| # include <strings.h>
| #endif
| #ifdef HAVE_INTTYPES_H
| # include <inttypes.h>
| #endif
| #ifdef HAVE_STDINT_H
| # include <stdint.h>
| #endif
| #ifdef HAVE_UNISTD_H
| # include <unistd.h>
| #endif
| int
| main ()
| {
| if (sizeof ((struct timespec)))
| 	    return 0;
|   ;
|   return 0;
| }
configure:11365: result: yes
configure:11435: /home/tom/Downloads/Linux/tc/bin/arm-linux-androideabi-gcc --sysroot=/home/tom/Downloads/Linux/tc/sysroot -c  --sysroot=/home/tom/Downloads/Linux/tc/sysroot -I/home/tom/Downloads/Linux/tc/sysroot/usr/include -I/home/tom/Downloads/Linux/tc/include -I/home/tom/Downloads/Linux/android-builds/include -Werror -fvisibility=hidden  --sysroot=/home/tom/Downloads/Linux/tc/sysroot -I/home/tom/Downloads/Linux/tc/sysroot/usr/include -I/home/tom/Downloads/Linux/tc/include -I/home/tom/Downloads/Linux/android-builds/include conftest.c >&5
configure:11435: $? = 0
configure:11463: /home/tom/Downloads/Linux/tc/bin/arm-linux-androideabi-gcc --sysroot=/home/tom/Downloads/Linux/tc/sysroot -c  --sysroot=/home/tom/Downloads/Linux/tc/sysroot -I/home/tom/Downloads/Linux/tc/sysroot/usr/include -I/home/tom/Downloads/Linux/tc/include -I/home/tom/Downloads/Linux/android-builds/include -Wno-pointer-sign  --sysroot=/home/tom/Downloads/Linux/tc/sysroot -I/home/tom/Downloads/Linux/tc/sysroot/usr/include -I/home/tom/Downloads/Linux/tc/include -I/home/tom/Downloads/Linux/android-builds/include conftest.c >&5
configure:11463: $? = 0
configure:11472: checking for sigaction
configure:11472: /home/tom/Downloads/Linux/tc/bin/arm-linux-androideabi-gcc --sysroot=/home/tom/Downloads/Linux/tc/sysroot -o conftest  --sysroot=/home/tom/Downloads/Linux/tc/sysroot -I/home/tom/Downloads/Linux/tc/sysroot/usr/include -I/home/tom/Downloads/Linux/tc/include -I/home/tom/Downloads/Linux/android-builds/include  --sysroot=/home/tom/Downloads/Linux/tc/sysroot -I/home/tom/Downloads/Linux/tc/sysroot/usr/include -I/home/tom/Downloads/Linux/tc/include -I/home/tom/Downloads/Linux/android-builds/include  -L/home/tom/Downloads/Linux/tc/sysroot/usr/lib  -L/home/tom/Downloads/Linux/android-builds/lib -L/home/tom/Downloads/Linux/tc/lib conftest.c -lusb -lusb-1.0 -lftdi  -pthread >&5
configure:11472: $? = 0
configure:11472: result: yes
configure:11491: checking sys/time.h usability
configure:11491: /home/tom/Downloads/Linux/tc/bin/arm-linux-androideabi-gcc --sysroot=/home/tom/Downloads/Linux/tc/sysroot -c  --sysroot=/home/tom/Downloads/Linux/tc/sysroot -I/home/tom/Downloads/Linux/tc/sysroot/usr/include -I/home/tom/Downloads/Linux/tc/include -I/home/tom/Downloads/Linux/android-builds/include  --sysroot=/home/tom/Downloads/Linux/tc/sysroot -I/home/tom/Downloads/Linux/tc/sysroot/usr/include -I/home/tom/Downloads/Linux/tc/include -I/home/tom/Downloads/Linux/android-builds/include conftest.c >&5
configure:11491: $? = 0
configure:11491: result: yes
configure:11491: checking sys/time.h presence
configure:11491: /home/tom/Downloads/Linux/tc/bin/arm-linux-androideabi-cpp --sysroot=/home/tom/Downloads/Linux/tc/sysroot  --sysroot=/home/tom/Downloads/Linux/tc/sysroot -I/home/tom/Downloads/Linux/tc/sysroot/usr/include -I/home/tom/Downloads/Linux/tc/include -I/home/tom/Downloads/Linux/android-builds/include conftest.c
configure:11491: $? = 0
configure:11491: result: yes
configure:11491: checking for sys/time.h
configure:11491: result: yes
configure:11503: checking for gettimeofday
configure:11503: /home/tom/Downloads/Linux/tc/bin/arm-linux-androideabi-gcc --sysroot=/home/tom/Downloads/Linux/tc/sysroot -o conftest  --sysroot=/home/tom/Downloads/Linux/tc/sysroot -I/home/tom/Downloads/Linux/tc/sysroot/usr/include -I/home/tom/Downloads/Linux/tc/include -I/home/tom/Downloads/Linux/android-builds/include  --sysroot=/home/tom/Downloads/Linux/tc/sysroot -I/home/tom/Downloads/Linux/tc/sysroot/usr/include -I/home/tom/Downloads/Linux/tc/include -I/home/tom/Downloads/Linux/android-builds/include  -L/home/tom/Downloads/Linux/tc/sysroot/usr/lib  -L/home/tom/Downloads/Linux/android-builds/lib -L/home/tom/Downloads/Linux/tc/lib conftest.c -lusb -lusb-1.0 -lftdi  -pthread >&5
configure:11503: $? = 0
configure:11503: result: yes
configure:11693: creating ./config.status

## ---------------------- ##
## Running config.status. ##
## ---------------------- ##

This file was extended by libusb config.status 1.0.9, which was
generated by GNU Autoconf 2.68.  Invocation command line was

  CONFIG_FILES    = 
  CONFIG_HEADERS  = 
  CONFIG_LINKS    = 
  CONFIG_COMMANDS = 
  $ ./config.status 

on lenny

config.status:1166: creating libusb-1.0.pc
config.status:1166: creating Makefile
config.status:1166: creating libusb/Makefile
config.status:1166: creating examples/Makefile
config.status:1166: creating doc/Makefile
config.status:1166: creating doc/doxygen.cfg
config.status:1166: creating config.h
config.status:1347: config.h is unchanged
config.status:1395: executing depfiles commands
config.status:1395: executing libtool commands

## ---------------- ##
## Cache variables. ##
## ---------------- ##

ac_cv_build=x86_64-unknown-linux-gnu
ac_cv_c_compiler_gnu=yes
ac_cv_c_inline=inline
ac_cv_env_CC_set=set
ac_cv_env_CC_value='/home/tom/Downloads/Linux/tc/bin/arm-linux-androideabi-gcc --sysroot=/home/tom/Downloads/Linux/tc/sysroot'
ac_cv_env_CFLAGS_set=set
ac_cv_env_CFLAGS_value=' --sysroot=/home/tom/Downloads/Linux/tc/sysroot -I/home/tom/Downloads/Linux/tc/sysroot/usr/include -I/home/tom/Downloads/Linux/tc/include -I/home/tom/Downloads/Linux/android-builds/include'
ac_cv_env_CPPFLAGS_set=set
ac_cv_env_CPPFLAGS_value=' --sysroot=/home/tom/Downloads/Linux/tc/sysroot -I/home/tom/Downloads/Linux/tc/sysroot/usr/include -I/home/tom/Downloads/Linux/tc/include -I/home/tom/Downloads/Linux/android-builds/include'
ac_cv_env_CPP_set=set
ac_cv_env_CPP_value='/home/tom/Downloads/Linux/tc/bin/arm-linux-androideabi-cpp --sysroot=/home/tom/Downloads/Linux/tc/sysroot'
ac_cv_env_LDFLAGS_set=set
ac_cv_env_LDFLAGS_value=' -L/home/tom/Downloads/Linux/tc/sysroot/usr/lib  -L/home/tom/Downloads/Linux/android-builds/lib -L/home/tom/Downloads/Linux/tc/lib'
ac_cv_env_LIBS_set=set
ac_cv_env_LIBS_value='-lusb -lusb-1.0 -lftdi'
ac_cv_env_build_alias_set=
ac_cv_env_build_alias_value=
ac_cv_env_host_alias_set=set
ac_cv_env_host_alias_value=arm-linux-androideabi
ac_cv_env_target_alias_set=
ac_cv_env_target_alias_value=
ac_cv_func_gettimeofday=yes
ac_cv_func_sigaction=yes
ac_cv_have_decl_TFD_NONBLOCK=no
ac_cv_header_dlfcn_h=yes
ac_cv_header_inttypes_h=yes
ac_cv_header_memory_h=yes
ac_cv_header_poll_h=yes
ac_cv_header_stdc=yes
ac_cv_header_stdint_h=yes
ac_cv_header_stdlib_h=yes
ac_cv_header_string_h=yes
ac_cv_header_strings_h=yes
ac_cv_header_sys_stat_h=yes
ac_cv_header_sys_time_h=yes
ac_cv_header_sys_timerfd_h=no
ac_cv_header_sys_types_h=yes
ac_cv_header_unistd_h=yes
ac_cv_host=arm-unknown-linux-androideabi
ac_cv_lib_rt_clock_gettime=no
ac_cv_objext=o
ac_cv_path_EGREP='/bin/grep -E'
ac_cv_path_FGREP='/bin/grep -F'
ac_cv_path_GREP=/bin/grep
ac_cv_path_SED=/bin/sed
ac_cv_path_install='/usr/bin/install -c'
ac_cv_path_mkdir=/bin/mkdir
ac_cv_prog_AR='/home/tom/Downloads/Linux/tc/bin/arm-linux-androideabi-ar '
ac_cv_prog_AWK=mawk
ac_cv_prog_CC='/home/tom/Downloads/Linux/tc/bin/arm-linux-androideabi-gcc --sysroot=/home/tom/Downloads/Linux/tc/sysroot'
ac_cv_prog_CPP='/home/tom/Downloads/Linux/tc/bin/arm-linux-androideabi-cpp --sysroot=/home/tom/Downloads/Linux/tc/sysroot'
ac_cv_prog_RANLIB='/home/tom/Downloads/Linux/tc/bin/arm-linux-androideabi-ranlib '
ac_cv_prog_STRIP=strip
ac_cv_prog_ac_ct_OBJDUMP=objdump
ac_cv_prog_ac_ct_STRIP=strip
ac_cv_prog_cc__home_tom_Downloads_Linux_tc_bin_arm_linux_androideabi_gcc_c_o=yes
ac_cv_prog_cc_c89=
ac_cv_prog_cc_g=yes
ac_cv_prog_make_make_set=yes
ac_cv_type_struct_timespec=yes
am_cv_CC_dependencies_compiler_type=gcc3
lt_cv_deplibs_check_method=pass_all
lt_cv_file_magic_cmd='$MAGIC_CMD'
lt_cv_file_magic_test_file=
lt_cv_ld_reload_flag=-r
lt_cv_nm_interface='BSD nm'
lt_cv_objdir=.libs
lt_cv_path_LD='/home/tom/Downloads/Linux/tc/bin/arm-linux-androideabi-ld --sysroot=/home/tom/Downloads/Linux/tc/sysroot'
lt_cv_path_NM='/home/tom/Downloads/Linux/tc/bin/arm-linux-androideabi-nm --sysroot=/home/tom/Downloads/Linux/tc/sysroot'
lt_cv_prog_compiler_c_o=yes
lt_cv_prog_compiler_c_o_RC=yes
lt_cv_prog_compiler_pic_works=yes
lt_cv_prog_compiler_rtti_exceptions=no
lt_cv_prog_compiler_static_works=yes
lt_cv_prog_gnu_ld=yes
lt_cv_shlibpath_overrides_runpath=yes
lt_cv_sys_global_symbol_pipe=
lt_cv_sys_global_symbol_to_c_name_address='sed -n -e '\''s/^: \([^ ]*\) $/  {\"\1\", (void *) 0},/p'\'' -e '\''s/^[BCDEGRST]* \([^ ]*\) \([^ ]*\)$/  {"\2", (void *) \&\2},/p'\'''
lt_cv_sys_global_symbol_to_c_name_address_lib_prefix='sed -n -e '\''s/^: \([^ ]*\) $/  {\"\1\", (void *) 0},/p'\'' -e '\''s/^[BCDEGRST]* \([^ ]*\) \(lib[^ ]*\)$/  {"\2", (void *) \&\2},/p'\'' -e '\''s/^[BCDEGRST]* \([^ ]*\) \([^ ]*\)$/  {"lib\2", (void *) \&\2},/p'\'''
lt_cv_sys_global_symbol_to_cdecl=
lt_cv_sys_max_cmd_len=1572864

## ----------------- ##
## Output variables. ##
## ----------------- ##

ACLOCAL='${SHELL} /home/tom/Downloads/Linux/libusb-1.0.9/missing --run aclocal-1.11'
AMDEPBACKSLASH='\'
AMDEP_FALSE='#'
AMDEP_TRUE=''
AMTAR='${SHELL} /home/tom/Downloads/Linux/libusb-1.0.9/missing --run tar'
AM_BACKSLASH='\'
AM_CFLAGS='-std=gnu99 -Wall -Wundef -Wunused -Wstrict-prototypes -Werror-implicit-function-declaration -Wno-pointer-sign -Wshadow'
AM_DEFAULT_VERBOSITY='0'
AR='/home/tom/Downloads/Linux/tc/bin/arm-linux-androideabi-ar '
AUTOCONF='${SHELL} /home/tom/Downloads/Linux/libusb-1.0.9/missing --run autoconf'
AUTOHEADER='${SHELL} /home/tom/Downloads/Linux/libusb-1.0.9/missing --run autoheader'
AUTOMAKE='${SHELL} /home/tom/Downloads/Linux/libusb-1.0.9/missing --run automake-1.11'
AWK='mawk'
BUILD_EXAMPLES_FALSE=''
BUILD_EXAMPLES_TRUE='#'
CC='/home/tom/Downloads/Linux/tc/bin/arm-linux-androideabi-gcc --sysroot=/home/tom/Downloads/Linux/tc/sysroot'
CCDEPMODE='depmode=gcc3'
CFLAGS=' --sysroot=/home/tom/Downloads/Linux/tc/sysroot -I/home/tom/Downloads/Linux/tc/sysroot/usr/include -I/home/tom/Downloads/Linux/tc/include -I/home/tom/Downloads/Linux/android-builds/include'
CPP='/home/tom/Downloads/Linux/tc/bin/arm-linux-androideabi-cpp --sysroot=/home/tom/Downloads/Linux/tc/sysroot'
CPPFLAGS=' --sysroot=/home/tom/Downloads/Linux/tc/sysroot -I/home/tom/Downloads/Linux/tc/sysroot/usr/include -I/home/tom/Downloads/Linux/tc/include -I/home/tom/Downloads/Linux/android-builds/include'
CYGPATH_W='echo'
DEFS='-DHAVE_CONFIG_H'
DEPDIR='.deps'
DSYMUTIL=''
DUMPBIN=''
ECHO_C=''
ECHO_N='-n'
ECHO_T=''
EGREP='/bin/grep -E'
EXEEXT=''
FGREP='/bin/grep -F'
GREP='/bin/grep'
HAVE_SIGACTION_FALSE='#'
HAVE_SIGACTION_TRUE=''
INSTALL_DATA='${INSTALL} -m 644'
INSTALL_PROGRAM='${INSTALL}'
INSTALL_SCRIPT='${INSTALL}'
INSTALL_STRIP_PROGRAM='$(install_sh) -c -s'
LD='/home/tom/Downloads/Linux/tc/bin/arm-linux-androideabi-ld --sysroot=/home/tom/Downloads/Linux/tc/sysroot'
LDFLAGS=' -L/home/tom/Downloads/Linux/tc/sysroot/usr/lib  -L/home/tom/Downloads/Linux/android-builds/lib -L/home/tom/Downloads/Linux/tc/lib'
LIBOBJS=''
LIBS='-lusb -lusb-1.0 -lftdi  -pthread'
LIBTOOL='$(SHELL) $(top_builddir)/libtool'
LIPO=''
LN_S='ln -s'
LTLDFLAGS='-version-info 1:0:1 -no-undefined'
LTLIBOBJS=''
MAINT='#'
MAINTAINER_MODE_FALSE=''
MAINTAINER_MODE_TRUE='#'
MAKEINFO='${SHELL} /home/tom/Downloads/Linux/libusb-1.0.9/missing --run makeinfo'
MKDIR_P='/bin/mkdir -p'
NM='/home/tom/Downloads/Linux/tc/bin/arm-linux-androideabi-nm --sysroot=/home/tom/Downloads/Linux/tc/sysroot'
NMEDIT=''
OBJDUMP='objdump'
OBJEXT='o'
OS_DARWIN=''
OS_DARWIN_FALSE=''
OS_DARWIN_TRUE='#'
OS_LINUX=''
OS_LINUX_FALSE='#'
OS_LINUX_TRUE=''
OS_OPENBSD=''
OS_OPENBSD_FALSE=''
OS_OPENBSD_TRUE='#'
OS_WINDOWS=''
OS_WINDOWS_FALSE=''
OS_WINDOWS_TRUE='#'
OTOOL64=''
OTOOL=''
PACKAGE='libusb'
PACKAGE_BUGREPORT='libusb-devel@lists.sourceforge.net'
PACKAGE_NAME='libusb'
PACKAGE_STRING='libusb 1.0.9'
PACKAGE_TARNAME='libusb'
PACKAGE_URL='http://www.libusb.org/'
PACKAGE_VERSION='1.0.9'
PATH_SEPARATOR=':'
PC_LIBS_PRIVATE=' -pthread'
RANLIB='/home/tom/Downloads/Linux/tc/bin/arm-linux-androideabi-ranlib '
RC=''
SED='/bin/sed'
SET_MAKE=''
SHELL='/bin/bash'
STRIP='strip'
THREADS_POSIX_FALSE='#'
THREADS_POSIX_TRUE=''
THREAD_CFLAGS='-pthread'
VERSION='1.0.9'
VISIBILITY_CFLAGS='-fvisibility=hidden'
ac_ct_CC=''
ac_ct_DUMPBIN=''
am__EXEEXT_FALSE=''
am__EXEEXT_TRUE='#'
am__fastdepCC_FALSE='#'
am__fastdepCC_TRUE=''
am__include='include'
am__isrc=''
am__leading_dot='.'
am__quote=''
am__tar='${AMTAR} chof - "$$tardir"'
am__untar='${AMTAR} xf -'
bindir='${exec_prefix}/bin'
build='x86_64-unknown-linux-gnu'
build_alias=''
build_cpu='x86_64'
build_os='linux-gnu'
build_vendor='unknown'
datadir='${datarootdir}'
datarootdir='${prefix}/share'
docdir='${datarootdir}/doc/${PACKAGE_TARNAME}'
dvidir='${docdir}'
exec_prefix='${prefix}'
host='arm-unknown-linux-androideabi'
host_alias='arm-linux-androideabi'
host_cpu='arm'
host_os='linux-androideabi'
host_vendor='unknown'
htmldir='${docdir}'
includedir='${prefix}/include'
infodir='${datarootdir}/info'
install_sh='${SHELL} /home/tom/Downloads/Linux/libusb-1.0.9/install-sh'
libdir='${exec_prefix}/lib'
libexecdir='${exec_prefix}/libexec'
localedir='${datarootdir}/locale'
localstatedir='${prefix}/var'
mandir='${datarootdir}/man'
mkdir_p='/bin/mkdir -p'
oldincludedir='/usr/include'
pdfdir='${docdir}'
prefix='/home/tom/Downloads/Linux/android-builds'
program_transform_name='s,x,x,'
psdir='${docdir}'
sbindir='${exec_prefix}/sbin'
sharedstatedir='${prefix}/com'
sysconfdir='${prefix}/etc'
target_alias=''

## ----------- ##
## confdefs.h. ##
## ----------- ##

/* confdefs.h */
#define PACKAGE_NAME "libusb"
#define PACKAGE_TARNAME "libusb"
#define PACKAGE_VERSION "1.0.9"
#define PACKAGE_STRING "libusb 1.0.9"
#define PACKAGE_BUGREPORT "libusb-devel@lists.sourceforge.net"
#define PACKAGE_URL "http://www.libusb.org/"
#define PACKAGE "libusb"
#define VERSION "1.0.9"
#define STDC_HEADERS 1
#define HAVE_SYS_TYPES_H 1
#define HAVE_SYS_STAT_H 1
#define HAVE_STDLIB_H 1
#define HAVE_STRING_H 1
#define HAVE_MEMORY_H 1
#define HAVE_STRINGS_H 1
#define HAVE_INTTYPES_H 1
#define HAVE_STDINT_H 1
#define HAVE_UNISTD_H 1
#define HAVE_DLFCN_H 1
#define LT_OBJDIR ".libs/"
#define _GNU_SOURCE 1
#define OS_LINUX 1
#define HAVE_POLL_H 1
#define POLL_NFDS_TYPE nfds_t
#define THREADS_POSIX 1
#define HAVE_STRUCT_TIMESPEC 1
#define ENABLE_LOGGING 1
#define DEFAULT_VISIBILITY __attribute__((visibility("default")))
#define HAVE_SYS_TIME_H 1
#define HAVE_GETTIMEOFDAY 1

configure: exit 0
