This file contains any messages produced by compilers while
running configure, to aid debugging if configure makes a mistake.

It was created by libftdi configure 0.20, which was
generated by GNU Autoconf 2.68.  Invocation command line was

  $ ./configure --host=arm-linux-androideabi --prefix=/home/tom/Downloads/Linux/android-builds --disable-shared

## --------- ##
## Platform. ##
## --------- ##

hostname = lenny
uname -m = x86_64
uname -r = 3.13.0-44-generic
uname -s = Linux
uname -v = #73-Ubuntu SMP Tue Dec 16 00:22:43 UTC 2014

/usr/bin/uname -p = unknown
/bin/uname -X     = unknown

/bin/arch              = unknown
/usr/bin/arch -k       = unknown
/usr/convex/getsysinfo = unknown
/usr/bin/hostinfo      = unknown
/bin/machine           = unknown
/usr/bin/oslevel       = unknown
/bin/universe          = unknown

PATH: /usr/local/sbin
PATH: /usr/local/bin
PATH: /usr/sbin
PATH: /usr/bin
PATH: /sbin
PATH: /bin


## ----------- ##
## Core tests. ##
## ----------- ##

configure:2399: checking for a BSD-compatible install
configure:2467: result: /usr/bin/install -c
configure:2478: checking whether build environment is sane
configure:2528: result: yes
configure:2577: checking for arm-linux-androideabi-strip
configure:2607: result: no
configure:2617: checking for strip
configure:2633: found /usr/bin/strip
configure:2644: result: strip
configure:2669: checking for a thread-safe mkdir -p
configure:2708: result: /bin/mkdir -p
configure:2721: checking for gawk
configure:2751: result: no
configure:2721: checking for mawk
configure:2737: found /usr/bin/mawk
configure:2748: result: mawk
configure:2759: checking whether make sets $(MAKE)
configure:2781: result: yes
configure:2878: checking for arm-linux-androideabi-gcc
configure:2905: result: /home/tom/Downloads/Linux/tc/bin/arm-linux-androideabi-gcc --sysroot=/home/tom/Downloads/Linux/tc/sysroot
configure:3174: checking for C compiler version
configure:3183: /home/tom/Downloads/Linux/tc/bin/arm-linux-androideabi-gcc --sysroot=/home/tom/Downloads/Linux/tc/sysroot --version >&5
arm-linux-androideabi-gcc (GCC) 4.9 20140827 (prerelease)
Copyright (C) 2014 Free Software Foundation, Inc.
This is free software; see the source for copying conditions.  There is NO
warranty; not even for MERCHANTABILITY or FITNESS FOR A PARTICULAR PURPOSE.

configure:3194: $? = 0
configure:3183: /home/tom/Downloads/Linux/tc/bin/arm-linux-androideabi-gcc --sysroot=/home/tom/Downloads/Linux/tc/sysroot -v >&5
Using built-in specs.
COLLECT_GCC=/home/tom/Downloads/Linux/tc/bin/arm-linux-androideabi-gcc
COLLECT_LTO_WRAPPER=/home/tom/Downloads/Linux/tc/bin/../libexec/gcc/arm-linux-androideabi/4.9/lto-wrapper
Target: arm-linux-androideabi
Configured with: /s/ndk-toolchain/src/build/../gcc/gcc-4.9/configure --prefix=/tmp/ndk-andrewhsieh/build/toolchain/prefix --target=arm-linux-androideabi --host=x86_64-linux-gnu --build=x86_64-linux-gnu --with-gnu-as --with-gnu-ld --enable-languages=c,c++ --with-gmp=/tmp/ndk-andrewhsieh/build/toolchain/temp-install --with-mpfr=/tmp/ndk-andrewhsieh/build/toolchain/temp-install --with-mpc=/tmp/ndk-andrewhsieh/build/toolchain/temp-install --with-cloog=/tmp/ndk-andrewhsieh/build/toolchain/temp-install --with-isl=/tmp/ndk-andrewhsieh/build/toolchain/temp-install --with-ppl=/tmp/ndk-andrewhsieh/build/toolchain/temp-install --disable-ppl-version-check --disable-cloog-version-check --disable-isl-version-check --enable-cloog-backend=isl --with-host-libstdcxx='-static-libgcc -Wl,-Bstatic,-lstdc++,-Bdynamic -lm' --disable-libssp --enable-threads --disable-nls --disable-libmudflap --disable-libgomp --disable-libstdc__-v3 --disable-sjlj-exceptions --disable-shared --disable-tls --disable-libitm --with-float=soft --with-fpu=vfp --with-arch=armv5te --enable-target-optspace --enable-initfini-array --disable-nls --prefix=/tmp/ndk-andrewhsieh/build/toolchain/prefix --with-sysroot=/tmp/ndk-andrewhsieh/build/toolchain/prefix/sysroot --with-binutils-version=2.24 --with-mpfr-version=3.1.1 --with-mpc-version=1.0.1 --with-gmp-version=5.0.5 --with-gcc-version=4.9 --with-gdb-version=7.6 --with-python=/usr/local/google/home/andrewhsieh/mydroid/ndk/prebuilt/linux-x86_64/bin/python-config.sh --with-gxx-include-dir=/tmp/ndk-andrewhsieh/build/toolchain/prefix/include/c++/4.9 --with-bugurl=http://source.android.com/source/report-bugs.html --enable-languages=c,c++ --disable-bootstrap --enable-plugins --enable-libgomp --disable-libsanitizer --enable-gold --enable-graphite=yes --with-cloog-version=0.18.0 --with-isl-version=0.11.1 --enable-eh-frame-hdr-for-static --with-arch=armv5te --program-transform-name='s&^&arm-linux-androideabi-&' --enable-gold=default
Thread model: posix
gcc version 4.9 20140827 (prerelease) (GCC) 
configure:3194: $? = 0
configure:3183: /home/tom/Downloads/Linux/tc/bin/arm-linux-androideabi-gcc --sysroot=/home/tom/Downloads/Linux/tc/sysroot -V >&5
arm-linux-androideabi-gcc: error: unrecognized command line option '-V'
arm-linux-androideabi-gcc: fatal error: no input files
compilation terminated.
configure:3194: $? = 1
configure:3183: /home/tom/Downloads/Linux/tc/bin/arm-linux-androideabi-gcc --sysroot=/home/tom/Downloads/Linux/tc/sysroot -qversion >&5
arm-linux-androideabi-gcc: error: unrecognized command line option '-qversion'
arm-linux-androideabi-gcc: fatal error: no input files
compilation terminated.
configure:3194: $? = 1
configure:3214: checking whether the C compiler works
configure:3236: /home/tom/Downloads/Linux/tc/bin/arm-linux-androideabi-gcc --sysroot=/home/tom/Downloads/Linux/tc/sysroot  --sysroot=/home/tom/Downloads/Linux/tc/sysroot -I/home/tom/Downloads/Linux/tc/sysroot/usr/include -I/home/tom/Downloads/Linux/tc/include -I/home/tom/Downloads/Linux/android-builds/include  --sysroot=/home/tom/Downloads/Linux/tc/sysroot -I/home/tom/Downloads/Linux/tc/sysroot/usr/include -I/home/tom/Downloads/Linux/tc/include -I/home/tom/Downloads/Linux/android-builds/include  -L/home/tom/Downloads/Linux/tc/sysroot/usr/lib  -L/home/tom/Downloads/Linux/android-builds/lib -L/home/tom/Downloads/Linux/tc/lib conftest.c -lusb -lusb-1.0 -lftdi >&5
configure:3240: $? = 0
configure:3288: result: yes
configure:3291: checking for C compiler default output file name
configure:3293: result: a.out
configure:3299: checking for suffix of executables
configure:3306: /home/tom/Downloads/Linux/tc/bin/arm-linux-androideabi-gcc --sysroot=/home/tom/Downloads/Linux/tc/sysroot -o conftest  --sysroot=/home/tom/Downloads/Linux/tc/sysroot -I/home/tom/Downloads/Linux/tc/sysroot/usr/include -I/home/tom/Downloads/Linux/tc/include -I/home/tom/Downloads/Linux/android-builds/include  --sysroot=/home/tom/Downloads/Linux/tc/sysroot -I/home/tom/Downloads/Linux/tc/sysroot/usr/include -I/home/tom/Downloads/Linux/tc/include -I/home/tom/Downloads/Linux/android-builds/include  -L/home/tom/Downloads/Linux/tc/sysroot/usr/lib  -L/home/tom/Downloads/Linux/android-builds/lib -L/home/tom/Downloads/Linux/tc/lib conftest.c -lusb -lusb-1.0 -lftdi >&5
configure:3310: $? = 0
configure:3332: result: 
configure:3354: checking whether we are cross compiling
configure:3362: /home/tom/Downloads/Linux/tc/bin/arm-linux-androideabi-gcc --sysroot=/home/tom/Downloads/Linux/tc/sysroot -o conftest  --sysroot=/home/tom/Downloads/Linux/tc/sysroot -I/home/tom/Downloads/Linux/tc/sysroot/usr/include -I/home/tom/Downloads/Linux/tc/include -I/home/tom/Downloads/Linux/android-builds/include  --sysroot=/home/tom/Downloads/Linux/tc/sysroot -I/home/tom/Downloads/Linux/tc/sysroot/usr/include -I/home/tom/Downloads/Linux/tc/include -I/home/tom/Downloads/Linux/android-builds/include  -L/home/tom/Downloads/Linux/tc/sysroot/usr/lib  -L/home/tom/Downloads/Linux/android-builds/lib -L/home/tom/Downloads/Linux/tc/lib conftest.c -lusb -lusb-1.0 -lftdi >&5
configure:3366: $? = 0
configure:3373: ./conftest
./configure: line 3375: ./conftest: cannot execute binary file: Exec format error
configure:3377: $? = 126
configure:3392: result: yes
configure:3397: checking for suffix of object files
configure:3419: /home/tom/Downloads/Linux/tc/bin/arm-linux-androideabi-gcc --sysroot=/home/tom/Downloads/Linux/tc/sysroot -c  --sysroot=/home/tom/Downloads/Linux/tc/sysroot -I/home/tom/Downloads/Linux/tc/sysroot/usr/include -I/home/tom/Downloads/Linux/tc/include -I/home/tom/Downloads/Linux/android-builds/include  --sysroot=/home/tom/Downloads/Linux/tc/sysroot -I/home/tom/Downloads/Linux/tc/sysroot/usr/include -I/home/tom/Downloads/Linux/tc/include -I/home/tom/Downloads/Linux/android-builds/include conftest.c >&5
configure:3423: $? = 0
configure:3444: result: o
configure:3448: checking whether we are using the GNU C compiler
configure:3467: /home/tom/Downloads/Linux/tc/bin/arm-linux-androideabi-gcc --sysroot=/home/tom/Downloads/Linux/tc/sysroot -c  --sysroot=/home/tom/Downloads/Linux/tc/sysroot -I/home/tom/Downloads/Linux/tc/sysroot/usr/include -I/home/tom/Downloads/Linux/tc/include -I/home/tom/Downloads/Linux/android-builds/include  --sysroot=/home/tom/Downloads/Linux/tc/sysroot -I/home/tom/Downloads/Linux/tc/sysroot/usr/include -I/home/tom/Downloads/Linux/tc/include -I/home/tom/Downloads/Linux/android-builds/include conftest.c >&5
configure:3467: $? = 0
configure:3476: result: yes
configure:3485: checking whether /home/tom/Downloads/Linux/tc/bin/arm-linux-androideabi-gcc --sysroot=/home/tom/Downloads/Linux/tc/sysroot accepts -g
configure:3505: /home/tom/Downloads/Linux/tc/bin/arm-linux-androideabi-gcc --sysroot=/home/tom/Downloads/Linux/tc/sysroot -c -g  --sysroot=/home/tom/Downloads/Linux/tc/sysroot -I/home/tom/Downloads/Linux/tc/sysroot/usr/include -I/home/tom/Downloads/Linux/tc/include -I/home/tom/Downloads/Linux/android-builds/include conftest.c >&5
configure:3505: $? = 0
configure:3546: result: yes
configure:3563: checking for /home/tom/Downloads/Linux/tc/bin/arm-linux-androideabi-gcc --sysroot=/home/tom/Downloads/Linux/tc/sysroot option to accept ISO C89
configure:3627: /home/tom/Downloads/Linux/tc/bin/arm-linux-androideabi-gcc --sysroot=/home/tom/Downloads/Linux/tc/sysroot  -c  --sysroot=/home/tom/Downloads/Linux/tc/sysroot -I/home/tom/Downloads/Linux/tc/sysroot/usr/include -I/home/tom/Downloads/Linux/tc/include -I/home/tom/Downloads/Linux/android-builds/include  --sysroot=/home/tom/Downloads/Linux/tc/sysroot -I/home/tom/Downloads/Linux/tc/sysroot/usr/include -I/home/tom/Downloads/Linux/tc/include -I/home/tom/Downloads/Linux/android-builds/include conftest.c >&5
configure:3627: $? = 0
configure:3640: result: none needed
configure:3671: checking for style of include used by make
configure:3699: result: GNU
configure:3724: checking dependency style of /home/tom/Downloads/Linux/tc/bin/arm-linux-androideabi-gcc --sysroot=/home/tom/Downloads/Linux/tc/sysroot
configure:3834: result: gcc3
configure:3878: checking build system type
configure:3892: result: x86_64-unknown-linux-gnu
configure:3912: checking host system type
configure:3925: result: arm-unknown-linux-androideabi
configure:3966: checking how to print strings
configure:3993: result: printf
configure:4014: checking for a sed that does not truncate output
configure:4078: result: /bin/sed
configure:4096: checking for grep that handles long lines and -e
configure:4154: result: /bin/grep
configure:4159: checking for egrep
configure:4221: result: /bin/grep -E
configure:4226: checking for fgrep
configure:4288: result: /bin/grep -F
configure:4323: checking for ld used by /home/tom/Downloads/Linux/tc/bin/arm-linux-androideabi-gcc --sysroot=/home/tom/Downloads/Linux/tc/sysroot
configure:4390: result: /home/tom/Downloads/Linux/tc/bin/arm-linux-androideabi-ld --sysroot=/home/tom/Downloads/Linux/tc/sysroot
configure:4397: checking if the linker (/home/tom/Downloads/Linux/tc/bin/arm-linux-androideabi-ld --sysroot=/home/tom/Downloads/Linux/tc/sysroot) is GNU ld
configure:4412: result: yes
configure:4424: checking for BSD- or MS-compatible name lister (nm)
configure:4473: result: /home/tom/Downloads/Linux/tc/bin/arm-linux-androideabi-nm --sysroot=/home/tom/Downloads/Linux/tc/sysroot
configure:4603: checking the name lister (/home/tom/Downloads/Linux/tc/bin/arm-linux-androideabi-nm --sysroot=/home/tom/Downloads/Linux/tc/sysroot) interface
configure:4610: /home/tom/Downloads/Linux/tc/bin/arm-linux-androideabi-gcc --sysroot=/home/tom/Downloads/Linux/tc/sysroot -c  --sysroot=/home/tom/Downloads/Linux/tc/sysroot -I/home/tom/Downloads/Linux/tc/sysroot/usr/include -I/home/tom/Downloads/Linux/tc/include -I/home/tom/Downloads/Linux/android-builds/include  --sysroot=/home/tom/Downloads/Linux/tc/sysroot -I/home/tom/Downloads/Linux/tc/sysroot/usr/include -I/home/tom/Downloads/Linux/tc/include -I/home/tom/Downloads/Linux/android-builds/include conftest.c >&5
configure:4613: /home/tom/Downloads/Linux/tc/bin/arm-linux-androideabi-nm --sysroot=/home/tom/Downloads/Linux/tc/sysroot "conftest.o"
/home/tom/Downloads/Linux/tc/bin/arm-linux-androideabi-nm: unrecognized option '--sysroot=/home/tom/Downloads/Linux/tc/sysroot'
Usage: /home/tom/Downloads/Linux/tc/bin/arm-linux-androideabi-nm [option(s)] [file(s)]
 List symbols in [file(s)] (a.out by default).
 The options are:
  -a, --debug-syms       Display debugger-only symbols
  -A, --print-file-name  Print name of the input file before every symbol
  -B                     Same as --format=bsd
  -C, --demangle[=STYLE] Decode low-level symbol names into user-level names
                          The STYLE, if specified, can be `auto' (the default),
                          `gnu', `lucid', `arm', `hp', `edg', `gnu-v3', `java'
                          or `gnat'
      --no-demangle      Do not demangle low-level symbol names
  -D, --dynamic          Display dynamic symbols instead of normal symbols
      --defined-only     Display only defined symbols
  -e                     (ignored)
  -f, --format=FORMAT    Use the output format FORMAT.  FORMAT can be `bsd',
                           `sysv' or `posix'.  The default is `bsd'
  -g, --extern-only      Display only external symbols
  -l, --line-numbers     Use debugging information to find a filename and
                           line number for each symbol
  -n, --numeric-sort     Sort symbols numerically by address
  -o                     Same as -A
  -p, --no-sort          Do not sort the symbols
  -P, --portability      Same as --format=posix
  -r, --reverse-sort     Reverse the sense of the sort
      --plugin NAME      Load the specified plugin
  -S, --print-size       Print size of defined symbols
  -s, --print-armap      Include index for symbols from archive members
      --size-sort        Sort symbols by size
      --special-syms     Include special symbols in the output
      --synthetic        Display synthetic symbols as well
  -t, --radix=RADIX      Use RADIX for printing symbol values
      --target=BFDNAME   Specify the target object format as BFDNAME
  -u, --undefined-only   Display only undefined symbols
  -X 32_64               (ignored)
  @FILE                  Read options from FILE
  -h, --help             Display this information
  -V, --version          Display this program's version number

/home/tom/Downloads/Linux/tc/bin/arm-linux-androideabi-nm: supported targets: elf32-littlearm elf32-bigarm elf32-little elf32-big plugin srec symbolsrec verilog tekhex binary ihex
configure:4616: output
configure:4623: result: BSD nm
configure:4626: checking whether ln -s works
configure:4630: result: yes
configure:4638: checking the maximum length of command line arguments
configure:4763: result: 1572864
configure:4780: checking whether the shell understands some XSI constructs
configure:4790: result: yes
configure:4794: checking whether the shell understands "+="
configure:4800: result: yes
configure:4835: checking how to convert x86_64-unknown-linux-gnu file names to arm-unknown-linux-androideabi format
configure:4875: result: func_convert_file_noop
configure:4882: checking how to convert x86_64-unknown-linux-gnu file names to toolchain format
configure:4902: result: func_convert_file_noop
configure:4909: checking for /home/tom/Downloads/Linux/tc/bin/arm-linux-androideabi-ld --sysroot=/home/tom/Downloads/Linux/tc/sysroot option to reload object files
configure:4916: result: -r
configure:4950: checking for arm-linux-androideabi-objdump
configure:4980: result: no
configure:4990: checking for objdump
configure:5006: found /usr/bin/objdump
configure:5017: result: objdump
configure:5029: WARNING: using cross tools not prefixed with host triplet
configure:5049: checking how to recognize dependent libraries
configure:5251: result: pass_all
configure:5296: checking for arm-linux-androideabi-dlltool
configure:5326: result: no
configure:5336: checking for dlltool
configure:5366: result: no
configure:5396: checking how to associate runtime and link libraries
configure:5423: result: printf %s\n
configure:5440: checking for arm-linux-androideabi-ar
configure:5467: result: /home/tom/Downloads/Linux/tc/bin/arm-linux-androideabi-ar 
configure:5548: checking for archiver @FILE support
configure:5565: /home/tom/Downloads/Linux/tc/bin/arm-linux-androideabi-gcc --sysroot=/home/tom/Downloads/Linux/tc/sysroot -c  --sysroot=/home/tom/Downloads/Linux/tc/sysroot -I/home/tom/Downloads/Linux/tc/sysroot/usr/include -I/home/tom/Downloads/Linux/tc/include -I/home/tom/Downloads/Linux/android-builds/include  --sysroot=/home/tom/Downloads/Linux/tc/sysroot -I/home/tom/Downloads/Linux/tc/sysroot/usr/include -I/home/tom/Downloads/Linux/tc/include -I/home/tom/Downloads/Linux/android-builds/include conftest.c >&5
configure:5565: $? = 0
configure:5568: /home/tom/Downloads/Linux/tc/bin/arm-linux-androideabi-ar  cru libconftest.a @conftest.lst >&5
configure:5571: $? = 0
configure:5576: /home/tom/Downloads/Linux/tc/bin/arm-linux-androideabi-ar  cru libconftest.a @conftest.lst >&5
/home/tom/Downloads/Linux/tc/bin/arm-linux-androideabi-ar: conftest.o: No such file or directory
configure:5579: $? = 1
configure:5591: result: @
configure:5609: checking for arm-linux-androideabi-strip
configure:5636: result: strip
configure:5708: checking for arm-linux-androideabi-ranlib
configure:5735: result: /home/tom/Downloads/Linux/tc/bin/arm-linux-androideabi-ranlib 
configure:5877: checking command to parse /home/tom/Downloads/Linux/tc/bin/arm-linux-androideabi-nm --sysroot=/home/tom/Downloads/Linux/tc/sysroot output from /home/tom/Downloads/Linux/tc/bin/arm-linux-androideabi-gcc --sysroot=/home/tom/Downloads/Linux/tc/sysroot object
configure:5996: /home/tom/Downloads/Linux/tc/bin/arm-linux-androideabi-gcc --sysroot=/home/tom/Downloads/Linux/tc/sysroot -c  --sysroot=/home/tom/Downloads/Linux/tc/sysroot -I/home/tom/Downloads/Linux/tc/sysroot/usr/include -I/home/tom/Downloads/Linux/tc/include -I/home/tom/Downloads/Linux/android-builds/include  --sysroot=/home/tom/Downloads/Linux/tc/sysroot -I/home/tom/Downloads/Linux/tc/sysroot/usr/include -I/home/tom/Downloads/Linux/tc/include -I/home/tom/Downloads/Linux/android-builds/include conftest.c >&5
configure:5999: $? = 0
configure:6003: /home/tom/Downloads/Linux/tc/bin/arm-linux-androideabi-nm --sysroot=/home/tom/Downloads/Linux/tc/sysroot conftest.o \| sed -n -e 's/^.*[ ]\([BCDEGRST][BCDEGRST]*\)[ ][ ]*\([_A-Za-z][_A-Za-z0-9]*\)$/\1 \2 \2/p' | sed '/ __gnu_lto/d' \> conftest.nm
/home/tom/Downloads/Linux/tc/bin/arm-linux-androideabi-nm: unrecognized option '--sysroot=/home/tom/Downloads/Linux/tc/sysroot'
Usage: /home/tom/Downloads/Linux/tc/bin/arm-linux-androideabi-nm [option(s)] [file(s)]
 List symbols in [file(s)] (a.out by default).
 The options are:
  -a, --debug-syms       Display debugger-only symbols
  -A, --print-file-name  Print name of the input file before every symbol
  -B                     Same as --format=bsd
  -C, --demangle[=STYLE] Decode low-level symbol names into user-level names
                          The STYLE, if specified, can be `auto' (the default),
                          `gnu', `lucid', `arm', `hp', `edg', `gnu-v3', `java'
                          or `gnat'
      --no-demangle      Do not demangle low-level symbol names
  -D, --dynamic          Display dynamic symbols instead of normal symbols
      --defined-only     Display only defined symbols
  -e                     (ignored)
  -f, --format=FORMAT    Use the output format FORMAT.  FORMAT can be `bsd',
                           `sysv' or `posix'.  The default is `bsd'
  -g, --extern-only      Display only external symbols
  -l, --line-numbers     Use debugging information to find a filename and
                           line number for each symbol
  -n, --numeric-sort     Sort symbols numerically by address
  -o                     Same as -A
  -p, --no-sort          Do not sort the symbols
  -P, --portability      Same as --format=posix
  -r, --reverse-sort     Reverse the sense of the sort
      --plugin NAME      Load the specified plugin
  -S, --print-size       Print size of defined symbols
  -s, --print-armap      Include index for symbols from archive members
      --size-sort        Sort symbols by size
      --special-syms     Include special symbols in the output
      --synthetic        Display synthetic symbols as well
  -t, --radix=RADIX      Use RADIX for printing symbol values
      --target=BFDNAME   Specify the target object format as BFDNAME
  -u, --undefined-only   Display only undefined symbols
  -X 32_64               (ignored)
  @FILE                  Read options from FILE
  -h, --help             Display this information
  -V, --version          Display this program's version number

/home/tom/Downloads/Linux/tc/bin/arm-linux-androideabi-nm: supported targets: elf32-littlearm elf32-bigarm elf32-little elf32-big plugin srec symbolsrec verilog tekhex binary ihex
configure:6006: $? = 0
cannot run sed -n -e 's/^.*[	 ]\([BCDEGRST][BCDEGRST]*\)[	 ][	 ]*\([_A-Za-z][_A-Za-z0-9]*\)$/\1 \2 \2/p' | sed '/ __gnu_lto/d'
configure:5996: /home/tom/Downloads/Linux/tc/bin/arm-linux-androideabi-gcc --sysroot=/home/tom/Downloads/Linux/tc/sysroot -c  --sysroot=/home/tom/Downloads/Linux/tc/sysroot -I/home/tom/Downloads/Linux/tc/sysroot/usr/include -I/home/tom/Downloads/Linux/tc/include -I/home/tom/Downloads/Linux/android-builds/include  --sysroot=/home/tom/Downloads/Linux/tc/sysroot -I/home/tom/Downloads/Linux/tc/sysroot/usr/include -I/home/tom/Downloads/Linux/tc/include -I/home/tom/Downloads/Linux/android-builds/include conftest.c >&5
configure:5999: $? = 0
configure:6003: /home/tom/Downloads/Linux/tc/bin/arm-linux-androideabi-nm --sysroot=/home/tom/Downloads/Linux/tc/sysroot conftest.o \| sed -n -e 's/^.*[ ]\([BCDEGRST][BCDEGRST]*\)[ ][ ]*_\([_A-Za-z][_A-Za-z0-9]*\)$/\1 _\2 \2/p' | sed '/ __gnu_lto/d' \> conftest.nm
/home/tom/Downloads/Linux/tc/bin/arm-linux-androideabi-nm: unrecognized option '--sysroot=/home/tom/Downloads/Linux/tc/sysroot'
Usage: /home/tom/Downloads/Linux/tc/bin/arm-linux-androideabi-nm [option(s)] [file(s)]
 List symbols in [file(s)] (a.out by default).
 The options are:
  -a, --debug-syms       Display debugger-only symbols
  -A, --print-file-name  Print name of the input file before every symbol
  -B                     Same as --format=bsd
  -C, --demangle[=STYLE] Decode low-level symbol names into user-level names
                          The STYLE, if specified, can be `auto' (the default),
                          `gnu', `lucid', `arm', `hp', `edg', `gnu-v3', `java'
                          or `gnat'
      --no-demangle      Do not demangle low-level symbol names
  -D, --dynamic          Display dynamic symbols instead of normal symbols
      --defined-only     Display only defined symbols
  -e                     (ignored)
  -f, --format=FORMAT    Use the output format FORMAT.  FORMAT can be `bsd',
                           `sysv' or `posix'.  The default is `bsd'
  -g, --extern-only      Display only external symbols
  -l, --line-numbers     Use debugging information to find a filename and
                           line number for each symbol
  -n, --numeric-sort     Sort symbols numerically by address
  -o                     Same as -A
  -p, --no-sort          Do not sort the symbols
  -P, --portability      Same as --format=posix
  -r, --reverse-sort     Reverse the sense of the sort
      --plugin NAME      Load the specified plugin
  -S, --print-size       Print size of defined symbols
  -s, --print-armap      Include index for symbols from archive members
      --size-sort        Sort symbols by size
      --special-syms     Include special symbols in the output
      --synthetic        Display synthetic symbols as well
  -t, --radix=RADIX      Use RADIX for printing symbol values
      --target=BFDNAME   Specify the target object format as BFDNAME
  -u, --undefined-only   Display only undefined symbols
  -X 32_64               (ignored)
  @FILE                  Read options from FILE
  -h, --help             Display this information
  -V, --version          Display this program's version number

/home/tom/Downloads/Linux/tc/bin/arm-linux-androideabi-nm: supported targets: elf32-littlearm elf32-bigarm elf32-little elf32-big plugin srec symbolsrec verilog tekhex binary ihex
configure:6006: $? = 0
cannot run sed -n -e 's/^.*[	 ]\([BCDEGRST][BCDEGRST]*\)[	 ][	 ]*_\([_A-Za-z][_A-Za-z0-9]*\)$/\1 _\2 \2/p' | sed '/ __gnu_lto/d'
configure:6110: result: failed
configure:6150: checking for sysroot
configure:6180: result: no
configure:6383: checking for arm-linux-androideabi-mt
configure:6413: result: no
configure:6423: checking for mt
configure:6439: found /bin/mt
configure:6450: result: mt
configure:6473: checking if mt is a manifest tool
configure:6479: mt '-?'
configure:6487: result: no
configure:7119: checking how to run the C preprocessor
configure:7189: result: /home/tom/Downloads/Linux/tc/bin/arm-linux-androideabi-cpp --sysroot=/home/tom/Downloads/Linux/tc/sysroot
configure:7209: /home/tom/Downloads/Linux/tc/bin/arm-linux-androideabi-cpp --sysroot=/home/tom/Downloads/Linux/tc/sysroot  --sysroot=/home/tom/Downloads/Linux/tc/sysroot -I/home/tom/Downloads/Linux/tc/sysroot/usr/include -I/home/tom/Downloads/Linux/tc/include -I/home/tom/Downloads/Linux/android-builds/include conftest.c
configure:7209: $? = 0
configure:7223: /home/tom/Downloads/Linux/tc/bin/arm-linux-androideabi-cpp --sysroot=/home/tom/Downloads/Linux/tc/sysroot  --sysroot=/home/tom/Downloads/Linux/tc/sysroot -I/home/tom/Downloads/Linux/tc/sysroot/usr/include -I/home/tom/Downloads/Linux/tc/include -I/home/tom/Downloads/Linux/android-builds/include conftest.c
conftest.c:11:28: fatal error: ac_nonexistent.h: No such file or directory
 #include <ac_nonexistent.h>
                            ^
compilation terminated.
configure:7223: $? = 1
configure: failed program was:
| /* confdefs.h */
| #define PACKAGE_NAME "libftdi"
| #define PACKAGE_TARNAME "libftdi"
| #define PACKAGE_VERSION "0.20"
| #define PACKAGE_STRING "libftdi 0.20"
| #define PACKAGE_BUGREPORT ""
| #define PACKAGE_URL ""
| #define PACKAGE "libftdi"
| #define VERSION "0.20"
| /* end confdefs.h.  */
| #include <ac_nonexistent.h>
configure:7252: checking for ANSI C header files
configure:7272: /home/tom/Downloads/Linux/tc/bin/arm-linux-androideabi-gcc --sysroot=/home/tom/Downloads/Linux/tc/sysroot -c  --sysroot=/home/tom/Downloads/Linux/tc/sysroot -I/home/tom/Downloads/Linux/tc/sysroot/usr/include -I/home/tom/Downloads/Linux/tc/include -I/home/tom/Downloads/Linux/android-builds/include  --sysroot=/home/tom/Downloads/Linux/tc/sysroot -I/home/tom/Downloads/Linux/tc/sysroot/usr/include -I/home/tom/Downloads/Linux/tc/include -I/home/tom/Downloads/Linux/android-builds/include conftest.c >&5
configure:7272: $? = 0
configure:7356: result: yes
configure:7369: checking for sys/types.h
configure:7369: /home/tom/Downloads/Linux/tc/bin/arm-linux-androideabi-gcc --sysroot=/home/tom/Downloads/Linux/tc/sysroot -c  --sysroot=/home/tom/Downloads/Linux/tc/sysroot -I/home/tom/Downloads/Linux/tc/sysroot/usr/include -I/home/tom/Downloads/Linux/tc/include -I/home/tom/Downloads/Linux/android-builds/include  --sysroot=/home/tom/Downloads/Linux/tc/sysroot -I/home/tom/Downloads/Linux/tc/sysroot/usr/include -I/home/tom/Downloads/Linux/tc/include -I/home/tom/Downloads/Linux/android-builds/include conftest.c >&5
configure:7369: $? = 0
configure:7369: result: yes
configure:7369: checking for sys/stat.h
configure:7369: /home/tom/Downloads/Linux/tc/bin/arm-linux-androideabi-gcc --sysroot=/home/tom/Downloads/Linux/tc/sysroot -c  --sysroot=/home/tom/Downloads/Linux/tc/sysroot -I/home/tom/Downloads/Linux/tc/sysroot/usr/include -I/home/tom/Downloads/Linux/tc/include -I/home/tom/Downloads/Linux/android-builds/include  --sysroot=/home/tom/Downloads/Linux/tc/sysroot -I/home/tom/Downloads/Linux/tc/sysroot/usr/include -I/home/tom/Downloads/Linux/tc/include -I/home/tom/Downloads/Linux/android-builds/include conftest.c >&5
configure:7369: $? = 0
configure:7369: result: yes
configure:7369: checking for stdlib.h
configure:7369: /home/tom/Downloads/Linux/tc/bin/arm-linux-androideabi-gcc --sysroot=/home/tom/Downloads/Linux/tc/sysroot -c  --sysroot=/home/tom/Downloads/Linux/tc/sysroot -I/home/tom/Downloads/Linux/tc/sysroot/usr/include -I/home/tom/Downloads/Linux/tc/include -I/home/tom/Downloads/Linux/android-builds/include  --sysroot=/home/tom/Downloads/Linux/tc/sysroot -I/home/tom/Downloads/Linux/tc/sysroot/usr/include -I/home/tom/Downloads/Linux/tc/include -I/home/tom/Downloads/Linux/android-builds/include conftest.c >&5
configure:7369: $? = 0
configure:7369: result: yes
configure:7369: checking for string.h
configure:7369: /home/tom/Downloads/Linux/tc/bin/arm-linux-androideabi-gcc --sysroot=/home/tom/Downloads/Linux/tc/sysroot -c  --sysroot=/home/tom/Downloads/Linux/tc/sysroot -I/home/tom/Downloads/Linux/tc/sysroot/usr/include -I/home/tom/Downloads/Linux/tc/include -I/home/tom/Downloads/Linux/android-builds/include  --sysroot=/home/tom/Downloads/Linux/tc/sysroot -I/home/tom/Downloads/Linux/tc/sysroot/usr/include -I/home/tom/Downloads/Linux/tc/include -I/home/tom/Downloads/Linux/android-builds/include conftest.c >&5
configure:7369: $? = 0
configure:7369: result: yes
configure:7369: checking for memory.h
configure:7369: /home/tom/Downloads/Linux/tc/bin/arm-linux-androideabi-gcc --sysroot=/home/tom/Downloads/Linux/tc/sysroot -c  --sysroot=/home/tom/Downloads/Linux/tc/sysroot -I/home/tom/Downloads/Linux/tc/sysroot/usr/include -I/home/tom/Downloads/Linux/tc/include -I/home/tom/Downloads/Linux/android-builds/include  --sysroot=/home/tom/Downloads/Linux/tc/sysroot -I/home/tom/Downloads/Linux/tc/sysroot/usr/include -I/home/tom/Downloads/Linux/tc/include -I/home/tom/Downloads/Linux/android-builds/include conftest.c >&5
configure:7369: $? = 0
configure:7369: result: yes
configure:7369: checking for strings.h
configure:7369: /home/tom/Downloads/Linux/tc/bin/arm-linux-androideabi-gcc --sysroot=/home/tom/Downloads/Linux/tc/sysroot -c  --sysroot=/home/tom/Downloads/Linux/tc/sysroot -I/home/tom/Downloads/Linux/tc/sysroot/usr/include -I/home/tom/Downloads/Linux/tc/include -I/home/tom/Downloads/Linux/android-builds/include  --sysroot=/home/tom/Downloads/Linux/tc/sysroot -I/home/tom/Downloads/Linux/tc/sysroot/usr/include -I/home/tom/Downloads/Linux/tc/include -I/home/tom/Downloads/Linux/android-builds/include conftest.c >&5
configure:7369: $? = 0
configure:7369: result: yes
configure:7369: checking for inttypes.h
configure:7369: /home/tom/Downloads/Linux/tc/bin/arm-linux-androideabi-gcc --sysroot=/home/tom/Downloads/Linux/tc/sysroot -c  --sysroot=/home/tom/Downloads/Linux/tc/sysroot -I/home/tom/Downloads/Linux/tc/sysroot/usr/include -I/home/tom/Downloads/Linux/tc/include -I/home/tom/Downloads/Linux/android-builds/include  --sysroot=/home/tom/Downloads/Linux/tc/sysroot -I/home/tom/Downloads/Linux/tc/sysroot/usr/include -I/home/tom/Downloads/Linux/tc/include -I/home/tom/Downloads/Linux/android-builds/include conftest.c >&5
configure:7369: $? = 0
configure:7369: result: yes
configure:7369: checking for stdint.h
configure:7369: /home/tom/Downloads/Linux/tc/bin/arm-linux-androideabi-gcc --sysroot=/home/tom/Downloads/Linux/tc/sysroot -c  --sysroot=/home/tom/Downloads/Linux/tc/sysroot -I/home/tom/Downloads/Linux/tc/sysroot/usr/include -I/home/tom/Downloads/Linux/tc/include -I/home/tom/Downloads/Linux/android-builds/include  --sysroot=/home/tom/Downloads/Linux/tc/sysroot -I/home/tom/Downloads/Linux/tc/sysroot/usr/include -I/home/tom/Downloads/Linux/tc/include -I/home/tom/Downloads/Linux/android-builds/include conftest.c >&5
configure:7369: $? = 0
configure:7369: result: yes
configure:7369: checking for unistd.h
configure:7369: /home/tom/Downloads/Linux/tc/bin/arm-linux-androideabi-gcc --sysroot=/home/tom/Downloads/Linux/tc/sysroot -c  --sysroot=/home/tom/Downloads/Linux/tc/sysroot -I/home/tom/Downloads/Linux/tc/sysroot/usr/include -I/home/tom/Downloads/Linux/tc/include -I/home/tom/Downloads/Linux/android-builds/include  --sysroot=/home/tom/Downloads/Linux/tc/sysroot -I/home/tom/Downloads/Linux/tc/sysroot/usr/include -I/home/tom/Downloads/Linux/tc/include -I/home/tom/Downloads/Linux/android-builds/include conftest.c >&5
configure:7369: $? = 0
configure:7369: result: yes
configure:7383: checking for dlfcn.h
configure:7383: /home/tom/Downloads/Linux/tc/bin/arm-linux-androideabi-gcc --sysroot=/home/tom/Downloads/Linux/tc/sysroot -c  --sysroot=/home/tom/Downloads/Linux/tc/sysroot -I/home/tom/Downloads/Linux/tc/sysroot/usr/include -I/home/tom/Downloads/Linux/tc/include -I/home/tom/Downloads/Linux/android-builds/include  --sysroot=/home/tom/Downloads/Linux/tc/sysroot -I/home/tom/Downloads/Linux/tc/sysroot/usr/include -I/home/tom/Downloads/Linux/tc/include -I/home/tom/Downloads/Linux/android-builds/include conftest.c >&5
configure:7383: $? = 0
configure:7383: result: yes
configure:7570: checking for objdir
configure:7585: result: .libs
configure:7852: checking if /home/tom/Downloads/Linux/tc/bin/arm-linux-androideabi-gcc --sysroot=/home/tom/Downloads/Linux/tc/sysroot supports -fno-rtti -fno-exceptions
configure:7870: /home/tom/Downloads/Linux/tc/bin/arm-linux-androideabi-gcc --sysroot=/home/tom/Downloads/Linux/tc/sysroot -c  --sysroot=/home/tom/Downloads/Linux/tc/sysroot -I/home/tom/Downloads/Linux/tc/sysroot/usr/include -I/home/tom/Downloads/Linux/tc/include -I/home/tom/Downloads/Linux/android-builds/include  --sysroot=/home/tom/Downloads/Linux/tc/sysroot -I/home/tom/Downloads/Linux/tc/sysroot/usr/include -I/home/tom/Downloads/Linux/tc/include -I/home/tom/Downloads/Linux/android-builds/include -fno-rtti -fno-exceptions conftest.c >&5
cc1: warning: command line option '-fno-rtti' is valid for C++/ObjC++ but not for C
configure:7874: $? = 0
configure:7887: result: no
configure:8197: checking for /home/tom/Downloads/Linux/tc/bin/arm-linux-androideabi-gcc --sysroot=/home/tom/Downloads/Linux/tc/sysroot option to produce PIC
configure:8204: result: -fPIC -DPIC
configure:8212: checking if /home/tom/Downloads/Linux/tc/bin/arm-linux-androideabi-gcc --sysroot=/home/tom/Downloads/Linux/tc/sysroot PIC flag -fPIC -DPIC works
configure:8230: /home/tom/Downloads/Linux/tc/bin/arm-linux-androideabi-gcc --sysroot=/home/tom/Downloads/Linux/tc/sysroot -c  --sysroot=/home/tom/Downloads/Linux/tc/sysroot -I/home/tom/Downloads/Linux/tc/sysroot/usr/include -I/home/tom/Downloads/Linux/tc/include -I/home/tom/Downloads/Linux/android-builds/include  --sysroot=/home/tom/Downloads/Linux/tc/sysroot -I/home/tom/Downloads/Linux/tc/sysroot/usr/include -I/home/tom/Downloads/Linux/tc/include -I/home/tom/Downloads/Linux/android-builds/include -fPIC -DPIC -DPIC conftest.c >&5
configure:8234: $? = 0
configure:8247: result: yes
configure:8276: checking if /home/tom/Downloads/Linux/tc/bin/arm-linux-androideabi-gcc --sysroot=/home/tom/Downloads/Linux/tc/sysroot static flag -static works
configure:8304: result: yes
configure:8319: checking if /home/tom/Downloads/Linux/tc/bin/arm-linux-androideabi-gcc --sysroot=/home/tom/Downloads/Linux/tc/sysroot supports -c -o file.o
configure:8340: /home/tom/Downloads/Linux/tc/bin/arm-linux-androideabi-gcc --sysroot=/home/tom/Downloads/Linux/tc/sysroot -c  --sysroot=/home/tom/Downloads/Linux/tc/sysroot -I/home/tom/Downloads/Linux/tc/sysroot/usr/include -I/home/tom/Downloads/Linux/tc/include -I/home/tom/Downloads/Linux/android-builds/include  --sysroot=/home/tom/Downloads/Linux/tc/sysroot -I/home/tom/Downloads/Linux/tc/sysroot/usr/include -I/home/tom/Downloads/Linux/tc/include -I/home/tom/Downloads/Linux/android-builds/include -o out/conftest2.o conftest.c >&5
configure:8344: $? = 0
configure:8366: result: yes
configure:8374: checking if /home/tom/Downloads/Linux/tc/bin/arm-linux-androideabi-gcc --sysroot=/home/tom/Downloads/Linux/tc/sysroot supports -c -o file.o
configure:8421: result: yes
configure:8454: checking whether the /home/tom/Downloads/Linux/tc/bin/arm-linux-androideabi-gcc --sysroot=/home/tom/Downloads/Linux/tc/sysroot linker (/home/tom/Downloads/Linux/tc/bin/arm-linux-androideabi-ld --sysroot=/home/tom/Downloads/Linux/tc/sysroot) supports shared libraries
configure:9612: result: yes
configure:9857: checking dynamic linker characteristics
configure:10371: /home/tom/Downloads/Linux/tc/bin/arm-linux-androideabi-gcc --sysroot=/home/tom/Downloads/Linux/tc/sysroot -o conftest  --sysroot=/home/tom/Downloads/Linux/tc/sysroot -I/home/tom/Downloads/Linux/tc/sysroot/usr/include -I/home/tom/Downloads/Linux/tc/include -I/home/tom/Downloads/Linux/android-builds/include  --sysroot=/home/tom/Downloads/Linux/tc/sysroot -I/home/tom/Downloads/Linux/tc/sysroot/usr/include -I/home/tom/Downloads/Linux/tc/include -I/home/tom/Downloads/Linux/android-builds/include  -L/home/tom/Downloads/Linux/tc/sysroot/usr/lib  -L/home/tom/Downloads/Linux/android-builds/lib -L/home/tom/Downloads/Linux/tc/lib -Wl,-rpath -Wl,/foo conftest.c -lusb -lusb-1.0 -lftdi >&5
configure:10371: $? = 0
configure:10597: result: GNU/Linux ld.so
configure:10704: checking how to hardcode library paths into programs
configure:10729: result: immediate
configure:11269: checking whether stripping libraries is possible
configure:11274: result: yes
configure:11309: checking if libtool supports shared libraries
configure:11311: result: yes
configure:11314: checking whether to build shared libraries
configure:11335: result: no
configure:11338: checking whether to build static libraries
configure:11342: result: yes
configure:11489: checking for C++ compiler version
configure:11498: /home/tom/Downloads/Linux/tc/bin/arm-linux-androideabi-g++ --sysroot=/home/tom/Downloads/Linux/tc/sysroot --version >&5
arm-linux-androideabi-g++ (GCC) 4.9 20140827 (prerelease)
Copyright (C) 2014 Free Software Foundation, Inc.
This is free software; see the source for copying conditions.  There is NO
warranty; not even for MERCHANTABILITY or FITNESS FOR A PARTICULAR PURPOSE.

configure:11509: $? = 0
configure:11498: /home/tom/Downloads/Linux/tc/bin/arm-linux-androideabi-g++ --sysroot=/home/tom/Downloads/Linux/tc/sysroot -v >&5
Using built-in specs.
COLLECT_GCC=/home/tom/Downloads/Linux/tc/bin/arm-linux-androideabi-g++
COLLECT_LTO_WRAPPER=/home/tom/Downloads/Linux/tc/bin/../libexec/gcc/arm-linux-androideabi/4.9/lto-wrapper
Target: arm-linux-androideabi
Configured with: /s/ndk-toolchain/src/build/../gcc/gcc-4.9/configure --prefix=/tmp/ndk-andrewhsieh/build/toolchain/prefix --target=arm-linux-androideabi --host=x86_64-linux-gnu --build=x86_64-linux-gnu --with-gnu-as --with-gnu-ld --enable-languages=c,c++ --with-gmp=/tmp/ndk-andrewhsieh/build/toolchain/temp-install --with-mpfr=/tmp/ndk-andrewhsieh/build/toolchain/temp-install --with-mpc=/tmp/ndk-andrewhsieh/build/toolchain/temp-install --with-cloog=/tmp/ndk-andrewhsieh/build/toolchain/temp-install --with-isl=/tmp/ndk-andrewhsieh/build/toolchain/temp-install --with-ppl=/tmp/ndk-andrewhsieh/build/toolchain/temp-install --disable-ppl-version-check --disable-cloog-version-check --disable-isl-version-check --enable-cloog-backend=isl --with-host-libstdcxx='-static-libgcc -Wl,-Bstatic,-lstdc++,-Bdynamic -lm' --disable-libssp --enable-threads --disable-nls --disable-libmudflap --disable-libgomp --disable-libstdc__-v3 --disable-sjlj-exceptions --disable-shared --disable-tls --disable-libitm --with-float=soft --with-fpu=vfp --with-arch=armv5te --enable-target-optspace --enable-initfini-array --disable-nls --prefix=/tmp/ndk-andrewhsieh/build/toolchain/prefix --with-sysroot=/tmp/ndk-andrewhsieh/build/toolchain/prefix/sysroot --with-binutils-version=2.24 --with-mpfr-version=3.1.1 --with-mpc-version=1.0.1 --with-gmp-version=5.0.5 --with-gcc-version=4.9 --with-gdb-version=7.6 --with-python=/usr/local/google/home/andrewhsieh/mydroid/ndk/prebuilt/linux-x86_64/bin/python-config.sh --with-gxx-include-dir=/tmp/ndk-andrewhsieh/build/toolchain/prefix/include/c++/4.9 --with-bugurl=http://source.android.com/source/report-bugs.html --enable-languages=c,c++ --disable-bootstrap --enable-plugins --enable-libgomp --disable-libsanitizer --enable-gold --enable-graphite=yes --with-cloog-version=0.18.0 --with-isl-version=0.11.1 --enable-eh-frame-hdr-for-static --with-arch=armv5te --program-transform-name='s&^&arm-linux-androideabi-&' --enable-gold=default
Thread model: posix
gcc version 4.9 20140827 (prerelease) (GCC) 
configure:11509: $? = 0
configure:11498: /home/tom/Downloads/Linux/tc/bin/arm-linux-androideabi-g++ --sysroot=/home/tom/Downloads/Linux/tc/sysroot -V >&5
arm-linux-androideabi-g++: error: unrecognized command line option '-V'
arm-linux-androideabi-g++: fatal error: no input files
compilation terminated.
configure:11509: $? = 1
configure:11498: /home/tom/Downloads/Linux/tc/bin/arm-linux-androideabi-g++ --sysroot=/home/tom/Downloads/Linux/tc/sysroot -qversion >&5
arm-linux-androideabi-g++: error: unrecognized command line option '-qversion'
arm-linux-androideabi-g++: fatal error: no input files
compilation terminated.
configure:11509: $? = 1
configure:11513: checking whether we are using the GNU C++ compiler
configure:11532: /home/tom/Downloads/Linux/tc/bin/arm-linux-androideabi-g++ --sysroot=/home/tom/Downloads/Linux/tc/sysroot -c   --sysroot=/home/tom/Downloads/Linux/tc/sysroot -I/home/tom/Downloads/Linux/tc/sysroot/usr/include -I/home/tom/Downloads/Linux/tc/include -I/home/tom/Downloads/Linux/android-builds/include conftest.cpp >&5
configure:11532: $? = 0
configure:11541: result: yes
configure:11550: checking whether /home/tom/Downloads/Linux/tc/bin/arm-linux-androideabi-g++ --sysroot=/home/tom/Downloads/Linux/tc/sysroot accepts -g
configure:11570: /home/tom/Downloads/Linux/tc/bin/arm-linux-androideabi-g++ --sysroot=/home/tom/Downloads/Linux/tc/sysroot -c -g  --sysroot=/home/tom/Downloads/Linux/tc/sysroot -I/home/tom/Downloads/Linux/tc/sysroot/usr/include -I/home/tom/Downloads/Linux/tc/include -I/home/tom/Downloads/Linux/android-builds/include conftest.cpp >&5
configure:11570: $? = 0
configure:11611: result: yes
configure:11636: checking dependency style of /home/tom/Downloads/Linux/tc/bin/arm-linux-androideabi-g++ --sysroot=/home/tom/Downloads/Linux/tc/sysroot
configure:11746: result: gcc3
configure:11779: checking how to run the C++ preprocessor
configure:11806: /home/tom/Downloads/Linux/tc/bin/arm-linux-androideabi-g++ --sysroot=/home/tom/Downloads/Linux/tc/sysroot -E  --sysroot=/home/tom/Downloads/Linux/tc/sysroot -I/home/tom/Downloads/Linux/tc/sysroot/usr/include -I/home/tom/Downloads/Linux/tc/include -I/home/tom/Downloads/Linux/android-builds/include conftest.cpp
configure:11806: $? = 0
configure:11820: /home/tom/Downloads/Linux/tc/bin/arm-linux-androideabi-g++ --sysroot=/home/tom/Downloads/Linux/tc/sysroot -E  --sysroot=/home/tom/Downloads/Linux/tc/sysroot -I/home/tom/Downloads/Linux/tc/sysroot/usr/include -I/home/tom/Downloads/Linux/tc/include -I/home/tom/Downloads/Linux/android-builds/include conftest.cpp
conftest.cpp:23:28: fatal error: ac_nonexistent.h: No such file or directory
 #include <ac_nonexistent.h>
                            ^
compilation terminated.
configure:11820: $? = 1
configure: failed program was:
| /* confdefs.h */
| #define PACKAGE_NAME "libftdi"
| #define PACKAGE_TARNAME "libftdi"
| #define PACKAGE_VERSION "0.20"
| #define PACKAGE_STRING "libftdi 0.20"
| #define PACKAGE_BUGREPORT ""
| #define PACKAGE_URL ""
| #define PACKAGE "libftdi"
| #define VERSION "0.20"
| #define STDC_HEADERS 1
| #define HAVE_SYS_TYPES_H 1
| #define HAVE_SYS_STAT_H 1
| #define HAVE_STDLIB_H 1
| #define HAVE_STRING_H 1
| #define HAVE_MEMORY_H 1
| #define HAVE_STRINGS_H 1
| #define HAVE_INTTYPES_H 1
| #define HAVE_STDINT_H 1
| #define HAVE_UNISTD_H 1
| #define HAVE_DLFCN_H 1
| #define LT_OBJDIR ".libs/"
| /* end confdefs.h.  */
| #include <ac_nonexistent.h>
configure:11845: result: /home/tom/Downloads/Linux/tc/bin/arm-linux-androideabi-g++ --sysroot=/home/tom/Downloads/Linux/tc/sysroot -E
configure:11865: /home/tom/Downloads/Linux/tc/bin/arm-linux-androideabi-g++ --sysroot=/home/tom/Downloads/Linux/tc/sysroot -E  --sysroot=/home/tom/Downloads/Linux/tc/sysroot -I/home/tom/Downloads/Linux/tc/sysroot/usr/include -I/home/tom/Downloads/Linux/tc/include -I/home/tom/Downloads/Linux/android-builds/include conftest.cpp
configure:11865: $? = 0
configure:11879: /home/tom/Downloads/Linux/tc/bin/arm-linux-androideabi-g++ --sysroot=/home/tom/Downloads/Linux/tc/sysroot -E  --sysroot=/home/tom/Downloads/Linux/tc/sysroot -I/home/tom/Downloads/Linux/tc/sysroot/usr/include -I/home/tom/Downloads/Linux/tc/include -I/home/tom/Downloads/Linux/android-builds/include conftest.cpp
conftest.cpp:23:28: fatal error: ac_nonexistent.h: No such file or directory
 #include <ac_nonexistent.h>
                            ^
compilation terminated.
configure:11879: $? = 1
configure: failed program was:
| /* confdefs.h */
| #define PACKAGE_NAME "libftdi"
| #define PACKAGE_TARNAME "libftdi"
| #define PACKAGE_VERSION "0.20"
| #define PACKAGE_STRING "libftdi 0.20"
| #define PACKAGE_BUGREPORT ""
| #define PACKAGE_URL ""
| #define PACKAGE "libftdi"
| #define VERSION "0.20"
| #define STDC_HEADERS 1
| #define HAVE_SYS_TYPES_H 1
| #define HAVE_SYS_STAT_H 1
| #define HAVE_STDLIB_H 1
| #define HAVE_STRING_H 1
| #define HAVE_MEMORY_H 1
| #define HAVE_STRINGS_H 1
| #define HAVE_INTTYPES_H 1
| #define HAVE_STDINT_H 1
| #define HAVE_UNISTD_H 1
| #define HAVE_DLFCN_H 1
| #define LT_OBJDIR ".libs/"
| /* end confdefs.h.  */
| #include <ac_nonexistent.h>
configure:12049: checking for ld used by /home/tom/Downloads/Linux/tc/bin/arm-linux-androideabi-g++ --sysroot=/home/tom/Downloads/Linux/tc/sysroot
configure:12116: result: /home/tom/Downloads/Linux/tc/bin/arm-linux-androideabi-ld --sysroot=/home/tom/Downloads/Linux/tc/sysroot
configure:12123: checking if the linker (/home/tom/Downloads/Linux/tc/bin/arm-linux-androideabi-ld --sysroot=/home/tom/Downloads/Linux/tc/sysroot) is GNU ld
configure:12138: result: yes
configure:12193: checking whether the /home/tom/Downloads/Linux/tc/bin/arm-linux-androideabi-g++ --sysroot=/home/tom/Downloads/Linux/tc/sysroot linker (/home/tom/Downloads/Linux/tc/bin/arm-linux-androideabi-ld --sysroot=/home/tom/Downloads/Linux/tc/sysroot) supports shared libraries
configure:13197: result: yes
configure:13232: /home/tom/Downloads/Linux/tc/bin/arm-linux-androideabi-g++ --sysroot=/home/tom/Downloads/Linux/tc/sysroot -c -g -O2  --sysroot=/home/tom/Downloads/Linux/tc/sysroot -I/home/tom/Downloads/Linux/tc/sysroot/usr/include -I/home/tom/Downloads/Linux/tc/include -I/home/tom/Downloads/Linux/android-builds/include conftest.cpp >&5
configure:13235: $? = 0
configure:13755: checking for /home/tom/Downloads/Linux/tc/bin/arm-linux-androideabi-g++ --sysroot=/home/tom/Downloads/Linux/tc/sysroot option to produce PIC
configure:13762: result: -fPIC -DPIC
configure:13770: checking if /home/tom/Downloads/Linux/tc/bin/arm-linux-androideabi-g++ --sysroot=/home/tom/Downloads/Linux/tc/sysroot PIC flag -fPIC -DPIC works
configure:13788: /home/tom/Downloads/Linux/tc/bin/arm-linux-androideabi-g++ --sysroot=/home/tom/Downloads/Linux/tc/sysroot -c -g -O2  --sysroot=/home/tom/Downloads/Linux/tc/sysroot -I/home/tom/Downloads/Linux/tc/sysroot/usr/include -I/home/tom/Downloads/Linux/tc/include -I/home/tom/Downloads/Linux/android-builds/include -fPIC -DPIC -DPIC conftest.cpp >&5
configure:13792: $? = 0
configure:13805: result: yes
configure:13828: checking if /home/tom/Downloads/Linux/tc/bin/arm-linux-androideabi-g++ --sysroot=/home/tom/Downloads/Linux/tc/sysroot static flag -static works
configure:13856: result: yes
configure:13868: checking if /home/tom/Downloads/Linux/tc/bin/arm-linux-androideabi-g++ --sysroot=/home/tom/Downloads/Linux/tc/sysroot supports -c -o file.o
configure:13889: /home/tom/Downloads/Linux/tc/bin/arm-linux-androideabi-g++ --sysroot=/home/tom/Downloads/Linux/tc/sysroot -c -g -O2  --sysroot=/home/tom/Downloads/Linux/tc/sysroot -I/home/tom/Downloads/Linux/tc/sysroot/usr/include -I/home/tom/Downloads/Linux/tc/include -I/home/tom/Downloads/Linux/android-builds/include -o out/conftest2.o conftest.cpp >&5
configure:13893: $? = 0
configure:13915: result: yes
configure:13920: checking if /home/tom/Downloads/Linux/tc/bin/arm-linux-androideabi-g++ --sysroot=/home/tom/Downloads/Linux/tc/sysroot supports -c -o file.o
configure:13967: result: yes
configure:13997: checking whether the /home/tom/Downloads/Linux/tc/bin/arm-linux-androideabi-g++ --sysroot=/home/tom/Downloads/Linux/tc/sysroot linker (/home/tom/Downloads/Linux/tc/bin/arm-linux-androideabi-ld --sysroot=/home/tom/Downloads/Linux/tc/sysroot) supports shared libraries
configure:14031: result: yes
configure:14174: checking dynamic linker characteristics
configure:14848: result: GNU/Linux ld.so
configure:14901: checking how to hardcode library paths into programs
configure:14926: result: immediate
configure:14970: checking for arm-linux-androideabi-libusb-config
configure:15000: result: no
configure:15010: checking for libusb-config
configure:15026: found /usr/bin/libusb-config
configure:15037: result: libusb-config
configure:15070: checking if libusb version is >= 0.1.7
configure:15080: result: yes
configure:15171: checking for boostlib >= 1.33
configure:15225: /home/tom/Downloads/Linux/tc/bin/arm-linux-androideabi-g++ --sysroot=/home/tom/Downloads/Linux/tc/sysroot -c -g -O2  --sysroot=/home/tom/Downloads/Linux/tc/sysroot -I/home/tom/Downloads/Linux/tc/sysroot/usr/include -I/home/tom/Downloads/Linux/tc/include -I/home/tom/Downloads/Linux/android-builds/include  conftest.cpp >&5
conftest.cpp:24:30: fatal error: boost/version.hpp: No such file or directory
  #include <boost/version.hpp>
                              ^
compilation terminated.
configure:15225: $? = 1
configure: failed program was:
| /* confdefs.h */
| #define PACKAGE_NAME "libftdi"
| #define PACKAGE_TARNAME "libftdi"
| #define PACKAGE_VERSION "0.20"
| #define PACKAGE_STRING "libftdi 0.20"
| #define PACKAGE_BUGREPORT ""
| #define PACKAGE_URL ""
| #define PACKAGE "libftdi"
| #define VERSION "0.20"
| #define STDC_HEADERS 1
| #define HAVE_SYS_TYPES_H 1
| #define HAVE_SYS_STAT_H 1
| #define HAVE_STDLIB_H 1
| #define HAVE_STRING_H 1
| #define HAVE_MEMORY_H 1
| #define HAVE_STRINGS_H 1
| #define HAVE_INTTYPES_H 1
| #define HAVE_STDINT_H 1
| #define HAVE_UNISTD_H 1
| #define HAVE_DLFCN_H 1
| #define LT_OBJDIR ".libs/"
| /* end confdefs.h.  */
| 
| 	#include <boost/version.hpp>
| 
| int
| main ()
| {
| 
| 	#if BOOST_VERSION >= 103300
| 	// Everything is okay
| 	#else
| 	#  error Boost version is too old
| 	#endif
| 
|   ;
|   return 0;
| }
configure:15327: /home/tom/Downloads/Linux/tc/bin/arm-linux-androideabi-g++ --sysroot=/home/tom/Downloads/Linux/tc/sysroot -c -g -O2  --sysroot=/home/tom/Downloads/Linux/tc/sysroot -I/home/tom/Downloads/Linux/tc/sysroot/usr/include -I/home/tom/Downloads/Linux/tc/include -I/home/tom/Downloads/Linux/android-builds/include   conftest.cpp >&5
conftest.cpp:24:31: fatal error: boost/version.hpp: No such file or directory
   #include <boost/version.hpp>
                               ^
compilation terminated.
configure:15327: $? = 1
configure: failed program was:
| /* confdefs.h */
| #define PACKAGE_NAME "libftdi"
| #define PACKAGE_TARNAME "libftdi"
| #define PACKAGE_VERSION "0.20"
| #define PACKAGE_STRING "libftdi 0.20"
| #define PACKAGE_BUGREPORT ""
| #define PACKAGE_URL ""
| #define PACKAGE "libftdi"
| #define VERSION "0.20"
| #define STDC_HEADERS 1
| #define HAVE_SYS_TYPES_H 1
| #define HAVE_SYS_STAT_H 1
| #define HAVE_STDLIB_H 1
| #define HAVE_STRING_H 1
| #define HAVE_MEMORY_H 1
| #define HAVE_STRINGS_H 1
| #define HAVE_INTTYPES_H 1
| #define HAVE_STDINT_H 1
| #define HAVE_UNISTD_H 1
| #define HAVE_DLFCN_H 1
| #define LT_OBJDIR ".libs/"
| /* end confdefs.h.  */
| 
| 		#include <boost/version.hpp>
| 
| int
| main ()
| {
| 
| 		#if BOOST_VERSION >= 103300
| 		// Everything is okay
| 		#else
| 		#  error Boost version is too old
| 		#endif
| 
|   ;
|   return 0;
| }
configure:15346: We could not detect the boost libraries (version 1.33 or higher). If you have a staged boost library (still not installed) please specify $BOOST_ROOT in your environment and do not give a PATH to --with-boost option.  If you are sure you have boost installed, then check your version number looking in <boost/version.hpp>. See http://randspringer.de/boost for more documentation.
configure:15368: checking if we can build the C++ wrapper
configure:15394: result: no
configure:15415: checking for doxygen
configure:15448: result: no
configure:15468: checking for swig
configure:15501: result: no
configure:15546: checking for a Python interpreter with version >= 2.0
configure:15563: python -c import sys # split strings by '.' and convert to numeric. Append some zeros # because we need at least 4 digits for the hex conversion. # map returns an iterator in Python 3.0 and a list in 2.x minver = list(map(int, '2.0'.split('.'))) + [0, 0, 0] minverhex = 0 # xrange is not present in Python 3.0 and range returns an iterator for i in list(range(0, 4)): minverhex = (minverhex << 8) + minver[i] sys.exit(sys.hexversion < minverhex)
configure:15566: $? = 0
configure:15572: result: python
configure:15580: checking for python
configure:15598: found /usr/bin/python
configure:15610: result: /usr/bin/python
configure:15631: checking for python version
configure:15638: result: 2.7
configure:15650: checking for python platform
configure:15657: result: linux2
configure:15664: checking for python script directory
configure:15693: result: ${prefix}/lib/python2.7/site-packages
configure:15702: checking for python extension module directory
configure:15731: result: ${exec_prefix}/lib/python2.7/site-packages
configure:15750: checking /usr/include/python2.7/Python.h usability
configure:15750: /home/tom/Downloads/Linux/tc/bin/arm-linux-androideabi-gcc --sysroot=/home/tom/Downloads/Linux/tc/sysroot -c  --sysroot=/home/tom/Downloads/Linux/tc/sysroot -I/home/tom/Downloads/Linux/tc/sysroot/usr/include -I/home/tom/Downloads/Linux/tc/include -I/home/tom/Downloads/Linux/android-builds/include   --sysroot=/home/tom/Downloads/Linux/tc/sysroot -I/home/tom/Downloads/Linux/tc/sysroot/usr/include -I/home/tom/Downloads/Linux/tc/include -I/home/tom/Downloads/Linux/android-builds/include conftest.c >&5
In file included from /usr/include/python2.7/Python.h:8:0,
                 from conftest.c:56:
/usr/include/python2.7/pyconfig.h:15:52: fatal error: arm-linux-gnueabi/python2.7/pyconfig.h: No such file or directory
 #  include <arm-linux-gnueabi/python2.7/pyconfig.h>
                                                    ^
compilation terminated.
configure:15750: $? = 1
configure: failed program was:
| /* confdefs.h */
| #define PACKAGE_NAME "libftdi"
| #define PACKAGE_TARNAME "libftdi"
| #define PACKAGE_VERSION "0.20"
| #define PACKAGE_STRING "libftdi 0.20"
| #define PACKAGE_BUGREPORT ""
| #define PACKAGE_URL ""
| #define PACKAGE "libftdi"
| #define VERSION "0.20"
| #define STDC_HEADERS 1
| #define HAVE_SYS_TYPES_H 1
| #define HAVE_SYS_STAT_H 1
| #define HAVE_STDLIB_H 1
| #define HAVE_STRING_H 1
| #define HAVE_MEMORY_H 1
| #define HAVE_STRINGS_H 1
| #define HAVE_INTTYPES_H 1
| #define HAVE_STDINT_H 1
| #define HAVE_UNISTD_H 1
| #define HAVE_DLFCN_H 1
| #define LT_OBJDIR ".libs/"
| /* end confdefs.h.  */
| #include <stdio.h>
| #ifdef HAVE_SYS_TYPES_H
| # include <sys/types.h>
| #endif
| #ifdef HAVE_SYS_STAT_H
| # include <sys/stat.h>
| #endif
| #ifdef STDC_HEADERS
| # include <stdlib.h>
| # include <stddef.h>
| #else
| # ifdef HAVE_STDLIB_H
| #  include <stdlib.h>
| # endif
| #endif
| #ifdef HAVE_STRING_H
| # if !defined STDC_HEADERS && defined HAVE_MEMORY_H
| #  include <memory.h>
| # endif
| # include <string.h>
| #endif
| #ifdef HAVE_STRINGS_H
| # include <strings.h>
| #endif
| #ifdef HAVE_INTTYPES_H
| # include <inttypes.h>
| #endif
| #ifdef HAVE_STDINT_H
| # include <stdint.h>
| #endif
| #ifdef HAVE_UNISTD_H
| # include <unistd.h>
| #endif
| #include </usr/include/python2.7/Python.h>
configure:15750: result: no
configure:15750: checking /usr/include/python2.7/Python.h presence
configure:15750: /home/tom/Downloads/Linux/tc/bin/arm-linux-androideabi-cpp --sysroot=/home/tom/Downloads/Linux/tc/sysroot  --sysroot=/home/tom/Downloads/Linux/tc/sysroot -I/home/tom/Downloads/Linux/tc/sysroot/usr/include -I/home/tom/Downloads/Linux/tc/include -I/home/tom/Downloads/Linux/android-builds/include conftest.c
In file included from /usr/include/python2.7/Python.h:8:0,
                 from conftest.c:23:
/usr/include/python2.7/pyconfig.h:15:52: fatal error: arm-linux-gnueabi/python2.7/pyconfig.h: No such file or directory
 #  include <arm-linux-gnueabi/python2.7/pyconfig.h>
                                                    ^
compilation terminated.
configure:15750: $? = 1
configure: failed program was:
| /* confdefs.h */
| #define PACKAGE_NAME "libftdi"
| #define PACKAGE_TARNAME "libftdi"
| #define PACKAGE_VERSION "0.20"
| #define PACKAGE_STRING "libftdi 0.20"
| #define PACKAGE_BUGREPORT ""
| #define PACKAGE_URL ""
| #define PACKAGE "libftdi"
| #define VERSION "0.20"
| #define STDC_HEADERS 1
| #define HAVE_SYS_TYPES_H 1
| #define HAVE_SYS_STAT_H 1
| #define HAVE_STDLIB_H 1
| #define HAVE_STRING_H 1
| #define HAVE_MEMORY_H 1
| #define HAVE_STRINGS_H 1
| #define HAVE_INTTYPES_H 1
| #define HAVE_STDINT_H 1
| #define HAVE_UNISTD_H 1
| #define HAVE_DLFCN_H 1
| #define LT_OBJDIR ".libs/"
| /* end confdefs.h.  */
| #include </usr/include/python2.7/Python.h>
configure:15750: result: no
configure:15750: checking for /usr/include/python2.7/Python.h
configure:15750: result: no
configure:15758: WARNING: Python.h header file not found. Python development files are required to build presage python binding. Pyt
hon can be obtained from http://www.python.org
configure:15790: Python binding for libftdi will not be built.
configure:15792: Enable Python binding module building with --enable-python-binding
configure:15984: creating ./config.status

## ---------------------- ##
## Running config.status. ##
## ---------------------- ##

This file was extended by libftdi config.status 0.20, which was
generated by GNU Autoconf 2.68.  Invocation command line was

  CONFIG_FILES    = 
  CONFIG_HEADERS  = 
  CONFIG_LINKS    = 
  CONFIG_COMMANDS = 
  $ ./config.status 

on lenny

config.status:1194: creating libftdi-config
config.status:1194: creating Makefile
config.status:1194: creating src/Makefile
config.status:1194: creating bindings/Makefile
config.status:1194: creating bindings/python/Makefile
config.status:1194: creating bindings/python/setup.py
config.status:1194: creating examples/Makefile
config.status:1194: creating doc/Doxyfile
config.status:1194: creating doc/Makefile
config.status:1194: creating libftdi.pc
config.status:1194: creating libftdi.spec
config.status:1194: creating config.h
config.status:1375: config.h is unchanged
config.status:1423: executing depfiles commands
config.status:1423: executing libtool commands

## ---------------- ##
## Cache variables. ##
## ---------------- ##

ac_cv_build=x86_64-unknown-linux-gnu
ac_cv_c_compiler_gnu=yes
ac_cv_cxx_compiler_gnu=yes
ac_cv_env_CCC_set=
ac_cv_env_CCC_value=
ac_cv_env_CC_set=set
ac_cv_env_CC_value='/home/tom/Downloads/Linux/tc/bin/arm-linux-androideabi-gcc --sysroot=/home/tom/Downloads/Linux/tc/sysroot'
ac_cv_env_CFLAGS_set=set
ac_cv_env_CFLAGS_value=' --sysroot=/home/tom/Downloads/Linux/tc/sysroot -I/home/tom/Downloads/Linux/tc/sysroot/usr/include -I/home/tom/Downloads/Linux/tc/include -I/home/tom/Downloads/Linux/android-builds/include'
ac_cv_env_CPPFLAGS_set=set
ac_cv_env_CPPFLAGS_value=' --sysroot=/home/tom/Downloads/Linux/tc/sysroot -I/home/tom/Downloads/Linux/tc/sysroot/usr/include -I/home/tom/Downloads/Linux/tc/include -I/home/tom/Downloads/Linux/android-builds/include'
ac_cv_env_CPP_set=set
ac_cv_env_CPP_value='/home/tom/Downloads/Linux/tc/bin/arm-linux-androideabi-cpp --sysroot=/home/tom/Downloads/Linux/tc/sysroot'
ac_cv_env_CXXCPP_set=
ac_cv_env_CXXCPP_value=
ac_cv_env_CXXFLAGS_set=
ac_cv_env_CXXFLAGS_value=
ac_cv_env_CXX_set=set
ac_cv_env_CXX_value='/home/tom/Downloads/Linux/tc/bin/arm-linux-androideabi-g++ --sysroot=/home/tom/Downloads/Linux/tc/sysroot'
ac_cv_env_LDFLAGS_set=set
ac_cv_env_LDFLAGS_value=' -L/home/tom/Downloads/Linux/tc/sysroot/usr/lib  -L/home/tom/Downloads/Linux/android-builds/lib -L/home/tom/Downloads/Linux/tc/lib'
ac_cv_env_LIBS_set=set
ac_cv_env_LIBS_value='-lusb -lusb-1.0 -lftdi'
ac_cv_env_build_alias_set=
ac_cv_env_build_alias_value=
ac_cv_env_host_alias_set=set
ac_cv_env_host_alias_value=arm-linux-androideabi
ac_cv_env_target_alias_set=
ac_cv_env_target_alias_value=
ac_cv_header__usr_include_python2_7_Python_h=no
ac_cv_header_dlfcn_h=yes
ac_cv_header_inttypes_h=yes
ac_cv_header_memory_h=yes
ac_cv_header_stdc=yes
ac_cv_header_stdint_h=yes
ac_cv_header_stdlib_h=yes
ac_cv_header_string_h=yes
ac_cv_header_strings_h=yes
ac_cv_header_sys_stat_h=yes
ac_cv_header_sys_types_h=yes
ac_cv_header_unistd_h=yes
ac_cv_host=arm-unknown-linux-androideabi
ac_cv_objext=o
ac_cv_path_EGREP='/bin/grep -E'
ac_cv_path_FGREP='/bin/grep -F'
ac_cv_path_GREP=/bin/grep
ac_cv_path_PYTHON=/usr/bin/python
ac_cv_path_SED=/bin/sed
ac_cv_path_install='/usr/bin/install -c'
ac_cv_path_mkdir=/bin/mkdir
ac_cv_prog_AR='/home/tom/Downloads/Linux/tc/bin/arm-linux-androideabi-ar '
ac_cv_prog_AWK=mawk
ac_cv_prog_CC='/home/tom/Downloads/Linux/tc/bin/arm-linux-androideabi-gcc --sysroot=/home/tom/Downloads/Linux/tc/sysroot'
ac_cv_prog_CPP='/home/tom/Downloads/Linux/tc/bin/arm-linux-androideabi-cpp --sysroot=/home/tom/Downloads/Linux/tc/sysroot'
ac_cv_prog_CXXCPP='/home/tom/Downloads/Linux/tc/bin/arm-linux-androideabi-g++ --sysroot=/home/tom/Downloads/Linux/tc/sysroot -E'
ac_cv_prog_RANLIB='/home/tom/Downloads/Linux/tc/bin/arm-linux-androideabi-ranlib '
ac_cv_prog_STRIP=strip
ac_cv_prog_ac_ct_HAVELIBUSB=libusb-config
ac_cv_prog_ac_ct_MANIFEST_TOOL=mt
ac_cv_prog_ac_ct_OBJDUMP=objdump
ac_cv_prog_ac_ct_STRIP=strip
ac_cv_prog_cc_c89=
ac_cv_prog_cc_g=yes
ac_cv_prog_cxx_g=yes
ac_cv_prog_make_make_set=yes
am_cv_CC_dependencies_compiler_type=gcc3
am_cv_CXX_dependencies_compiler_type=gcc3
am_cv_pathless_PYTHON=python
am_cv_python_platform=linux2
am_cv_python_pyexecdir='${exec_prefix}/lib/python2.7/site-packages'
am_cv_python_pythondir='${prefix}/lib/python2.7/site-packages'
am_cv_python_version=2.7
lt_cv_ar_at_file=@
lt_cv_deplibs_check_method=pass_all
lt_cv_file_magic_cmd='$MAGIC_CMD'
lt_cv_file_magic_test_file=
lt_cv_ld_reload_flag=-r
lt_cv_nm_interface='BSD nm'
lt_cv_objdir=.libs
lt_cv_path_LD='/home/tom/Downloads/Linux/tc/bin/arm-linux-androideabi-ld --sysroot=/home/tom/Downloads/Linux/tc/sysroot'
lt_cv_path_LDCXX='/home/tom/Downloads/Linux/tc/bin/arm-linux-androideabi-ld --sysroot=/home/tom/Downloads/Linux/tc/sysroot'
lt_cv_path_NM='/home/tom/Downloads/Linux/tc/bin/arm-linux-androideabi-nm --sysroot=/home/tom/Downloads/Linux/tc/sysroot'
lt_cv_path_mainfest_tool=no
lt_cv_prog_compiler_c_o=yes
lt_cv_prog_compiler_c_o_CXX=yes
lt_cv_prog_compiler_pic='-fPIC -DPIC'
lt_cv_prog_compiler_pic_CXX='-fPIC -DPIC'
lt_cv_prog_compiler_pic_works=yes
lt_cv_prog_compiler_pic_works_CXX=yes
lt_cv_prog_compiler_rtti_exceptions=no
lt_cv_prog_compiler_static_works=yes
lt_cv_prog_compiler_static_works_CXX=yes
lt_cv_prog_gnu_ld=yes
lt_cv_prog_gnu_ldcxx=yes
lt_cv_sharedlib_from_linklib_cmd='printf %s\n'
lt_cv_shlibpath_overrides_runpath=yes
lt_cv_sys_global_symbol_pipe=
lt_cv_sys_global_symbol_to_c_name_address='sed -n -e '\''s/^: \([^ ]*\)[ ]*$/  {\"\1\", (void *) 0},/p'\'' -e '\''s/^[BCDEGRST]* \([^ ]*\) \([^ ]*\)$/  {"\2", (void *) \&\2},/p'\'''
lt_cv_sys_global_symbol_to_c_name_address_lib_prefix='sed -n -e '\''s/^: \([^ ]*\)[ ]*$/  {\"\1\", (void *) 0},/p'\'' -e '\''s/^[BCDEGRST]* \([^ ]*\) \(lib[^ ]*\)$/  {"\2", (void *) \&\2},/p'\'' -e '\''s/^[BCDEGRST]* \([^ ]*\) \([^ ]*\)$/  {"lib\2", (void *) \&\2},/p'\'''
lt_cv_sys_global_symbol_to_cdecl=
lt_cv_sys_max_cmd_len=1572864
lt_cv_to_host_file_cmd=func_convert_file_noop
lt_cv_to_tool_file_cmd=func_convert_file_noop

## ----------------- ##
## Output variables. ##
## ----------------- ##

ACLOCAL='${SHELL} /home/tom/Downloads/Linux/libftdi-0.20/missing --run aclocal-1.11'
AMDEPBACKSLASH='\'
AMDEP_FALSE='#'
AMDEP_TRUE=''
AMTAR='${SHELL} /home/tom/Downloads/Linux/libftdi-0.20/missing --run tar'
AR='/home/tom/Downloads/Linux/tc/bin/arm-linux-androideabi-ar '
AUTOCONF='${SHELL} /home/tom/Downloads/Linux/libftdi-0.20/missing --run autoconf'
AUTOHEADER='${SHELL} /home/tom/Downloads/Linux/libftdi-0.20/missing --run autoheader'
AUTOMAKE='${SHELL} /home/tom/Downloads/Linux/libftdi-0.20/missing --run automake-1.11'
AWK='mawk'
BOOST_CPPFLAGS=''
BOOST_LDFLAGS=''
BUILD_EXAMPLES_FALSE='#'
BUILD_EXAMPLES_TRUE=''
CC='/home/tom/Downloads/Linux/tc/bin/arm-linux-androideabi-gcc --sysroot=/home/tom/Downloads/Linux/tc/sysroot'
CCDEPMODE='depmode=gcc3'
CFLAGS=' --sysroot=/home/tom/Downloads/Linux/tc/sysroot -I/home/tom/Downloads/Linux/tc/sysroot/usr/include -I/home/tom/Downloads/Linux/tc/include -I/home/tom/Downloads/Linux/android-builds/include '
CPP='/home/tom/Downloads/Linux/tc/bin/arm-linux-androideabi-cpp --sysroot=/home/tom/Downloads/Linux/tc/sysroot'
CPPFLAGS=' --sysroot=/home/tom/Downloads/Linux/tc/sysroot -I/home/tom/Downloads/Linux/tc/sysroot/usr/include -I/home/tom/Downloads/Linux/tc/include -I/home/tom/Downloads/Linux/android-builds/include'
CXX='/home/tom/Downloads/Linux/tc/bin/arm-linux-androideabi-g++ --sysroot=/home/tom/Downloads/Linux/tc/sysroot'
CXXCPP='/home/tom/Downloads/Linux/tc/bin/arm-linux-androideabi-g++ --sysroot=/home/tom/Downloads/Linux/tc/sysroot -E'
CXXDEPMODE='depmode=gcc3'
CXXFLAGS='-g -O2'
CYGPATH_W='echo'
DEFS='-DHAVE_CONFIG_H'
DEPDIR='.deps'
DLLTOOL='false'
DOXYGEN=''
DSYMUTIL=''
DUMPBIN=''
ECHO_C=''
ECHO_N='-n'
ECHO_T=''
EGREP='/bin/grep -E'
ENABLE_ASYNC_MODE='0'
ENABLE_PYTHON_BINDING_FALSE=''
ENABLE_PYTHON_BINDING_TRUE='#'
EXEEXT=''
FGREP='/bin/grep -F'
GREP='/bin/grep'
HAVELIBUSB='libusb-config'
HAVE_DOXYGEN_FALSE='#'
HAVE_DOXYGEN_TRUE=''
HAVE_LIBFTDIPP_FALSE=''
HAVE_LIBFTDIPP_TRUE='#'
HAVE_PYTHON_FALSE=''
HAVE_PYTHON_TRUE='#'
HAVE_SWIG_FALSE=''
HAVE_SWIG_TRUE='#'
INSTALL_DATA='${INSTALL} -m 644'
INSTALL_PROGRAM='${INSTALL}'
INSTALL_SCRIPT='${INSTALL}'
INSTALL_STRIP_PROGRAM='$(install_sh) -c -s'
LD='/home/tom/Downloads/Linux/tc/bin/arm-linux-androideabi-ld --sysroot=/home/tom/Downloads/Linux/tc/sysroot'
LDFLAGS=' -L/home/tom/Downloads/Linux/tc/sysroot/usr/lib  -L/home/tom/Downloads/Linux/android-builds/lib -L/home/tom/Downloads/Linux/tc/lib'
LIBFTDI_MODULES=''
LIBFTDI_MODULES_PKGCONFIG=''
LIBOBJS=''
LIBS='-lusb -lusb-1.0 -lftdi -L/usr/lib/x86_64-linux-gnu -lusb'
LIBTOOL='$(SHELL) $(top_builddir)/libtool'
LIPO=''
LN_S='ln -s'
LTLIBOBJS=''
MAKEINFO='${SHELL} /home/tom/Downloads/Linux/libftdi-0.20/missing --run makeinfo'
MANIFEST_TOOL=':'
MKDIR_P='/bin/mkdir -p'
NM='/home/tom/Downloads/Linux/tc/bin/arm-linux-androideabi-nm --sysroot=/home/tom/Downloads/Linux/tc/sysroot'
NMEDIT=''
OBJDUMP='objdump'
OBJEXT='o'
OTOOL64=''
OTOOL=''
PACKAGE='libftdi'
PACKAGE_BUGREPORT=''
PACKAGE_NAME='libftdi'
PACKAGE_STRING='libftdi 0.20'
PACKAGE_TARNAME='libftdi'
PACKAGE_URL=''
PACKAGE_VERSION='0.20'
PATH_SEPARATOR=':'
PYTHON='/usr/bin/python'
PYTHON_EXEC_PREFIX='${exec_prefix}'
PYTHON_PLATFORM='linux2'
PYTHON_PREFIX='${prefix}'
PYTHON_VERSION='2.7'
RANLIB='/home/tom/Downloads/Linux/tc/bin/arm-linux-androideabi-ranlib '
SED='/bin/sed'
SET_MAKE=''
SHELL='/bin/bash'
STRIP='strip'
SWIG=''
VERSION='0.20'
ac_ct_AR=''
ac_ct_CC=''
ac_ct_CXX=''
ac_ct_DUMPBIN=''
am__EXEEXT_FALSE=''
am__EXEEXT_TRUE='#'
am__fastdepCC_FALSE='#'
am__fastdepCC_TRUE=''
am__fastdepCXX_FALSE='#'
am__fastdepCXX_TRUE=''
am__include='include'
am__isrc=''
am__leading_dot='.'
am__quote=''
am__tar='${AMTAR} chof - "$$tardir"'
am__untar='${AMTAR} xf -'
bindir='${exec_prefix}/bin'
build='x86_64-unknown-linux-gnu'
build_alias=''
build_cpu='x86_64'
build_os='linux-gnu'
build_vendor='unknown'
datadir='${datarootdir}'
datarootdir='${prefix}/share'
docdir='${datarootdir}/doc/${PACKAGE_TARNAME}'
dvidir='${docdir}'
exec_prefix='${prefix}'
host='arm-unknown-linux-androideabi'
host_alias='arm-linux-androideabi'
host_cpu='arm'
host_os='linux-androideabi'
host_vendor='unknown'
htmldir='${docdir}'
includedir='${prefix}/include'
infodir='${datarootdir}/info'
install_sh='${SHELL} /home/tom/Downloads/Linux/libftdi-0.20/install-sh'
libdir='${exec_prefix}/lib'
libexecdir='${exec_prefix}/libexec'
localedir='${datarootdir}/locale'
localstatedir='${prefix}/var'
mandir='${datarootdir}/man'
mkdir_p='/bin/mkdir -p'
oldincludedir='/usr/include'
pdfdir='${docdir}'
pkgpyexecdir='${pyexecdir}/libftdi'
pkgpythondir='${pythondir}/libftdi'
prefix='/home/tom/Downloads/Linux/android-builds'
program_transform_name='s,x,x,'
psdir='${docdir}'
pyexecdir='${exec_prefix}/lib/python2.7/site-packages'
pythondir='${prefix}/lib/python2.7/site-packages'
sbindir='${exec_prefix}/sbin'
sharedstatedir='${prefix}/com'
sysconfdir='${prefix}/etc'
target_alias=''

## ----------- ##
## confdefs.h. ##
## ----------- ##

/* confdefs.h */
#define PACKAGE_NAME "libftdi"
#define PACKAGE_TARNAME "libftdi"
#define PACKAGE_VERSION "0.20"
#define PACKAGE_STRING "libftdi 0.20"
#define PACKAGE_BUGREPORT ""
#define PACKAGE_URL ""
#define PACKAGE "libftdi"
#define VERSION "0.20"
#define STDC_HEADERS 1
#define HAVE_SYS_TYPES_H 1
#define HAVE_SYS_STAT_H 1
#define HAVE_STDLIB_H 1
#define HAVE_STRING_H 1
#define HAVE_MEMORY_H 1
#define HAVE_STRINGS_H 1
#define HAVE_INTTYPES_H 1
#define HAVE_STDINT_H 1
#define HAVE_UNISTD_H 1
#define HAVE_DLFCN_H 1
#define LT_OBJDIR ".libs/"

configure: exit 0
