This file contains any messages produced by compilers while
running configure, to aid debugging if configure makes a mistake.

It was created by libusb-compat configure 0.1.3, which was
generated by GNU Autoconf 2.63.  Invocation command line was

  $ ./configure --host=arm-linux-androideabi --prefix=/home/tom/Downloads/Linux/android-builds --disable-shared

## --------- ##
## Platform. ##
## --------- ##

hostname = lenny
uname -m = x86_64
uname -r = 3.13.0-44-generic
uname -s = Linux
uname -v = #73-Ubuntu SMP Tue Dec 16 00:22:43 UTC 2014

/usr/bin/uname -p = unknown
/bin/uname -X     = unknown

/bin/arch              = unknown
/usr/bin/arch -k       = unknown
/usr/convex/getsysinfo = unknown
/usr/bin/hostinfo      = unknown
/bin/machine           = unknown
/usr/bin/oslevel       = unknown
/bin/universe          = unknown

PATH: /usr/local/sbin
PATH: /usr/local/bin
PATH: /usr/sbin
PATH: /usr/bin
PATH: /sbin
PATH: /bin


## ----------- ##
## Core tests. ##
## ----------- ##

configure:2086: checking for a BSD-compatible install
configure:2154: result: /usr/bin/install -c
configure:2165: checking whether build environment is sane
configure:2208: result: yes
configure:2233: checking for a thread-safe mkdir -p
configure:2272: result: /bin/mkdir -p
configure:2285: checking for gawk
configure:2315: result: no
configure:2285: checking for mawk
configure:2301: found /usr/bin/mawk
configure:2312: result: mawk
configure:2323: checking whether make sets $(MAKE)
configure:2345: result: yes
configure:2425: checking for arm-linux-androideabi-strip
configure:2455: result: no
configure:2465: checking for strip
configure:2481: found /usr/bin/strip
configure:2492: result: strip
configure:2543: checking for arm-linux-androideabi-gcc
configure:2570: result: /home/tom/Downloads/Linux/tc/bin/arm-linux-androideabi-gcc --sysroot=/home/tom/Downloads/Linux/tc/sysroot
configure:2842: checking for C compiler version
configure:2850: /home/tom/Downloads/Linux/tc/bin/arm-linux-androideabi-gcc --sysroot=/home/tom/Downloads/Linux/tc/sysroot --version >&5
arm-linux-androideabi-gcc (GCC) 4.9 20140827 (prerelease)
Copyright (C) 2014 Free Software Foundation, Inc.
This is free software; see the source for copying conditions.  There is NO
warranty; not even for MERCHANTABILITY or FITNESS FOR A PARTICULAR PURPOSE.

configure:2854: $? = 0
configure:2861: /home/tom/Downloads/Linux/tc/bin/arm-linux-androideabi-gcc --sysroot=/home/tom/Downloads/Linux/tc/sysroot -v >&5
Using built-in specs.
COLLECT_GCC=/home/tom/Downloads/Linux/tc/bin/arm-linux-androideabi-gcc
COLLECT_LTO_WRAPPER=/home/tom/Downloads/Linux/tc/bin/../libexec/gcc/arm-linux-androideabi/4.9/lto-wrapper
Target: arm-linux-androideabi
Configured with: /s/ndk-toolchain/src/build/../gcc/gcc-4.9/configure --prefix=/tmp/ndk-andrewhsieh/build/toolchain/prefix --target=arm-linux-androideabi --host=x86_64-linux-gnu --build=x86_64-linux-gnu --with-gnu-as --with-gnu-ld --enable-languages=c,c++ --with-gmp=/tmp/ndk-andrewhsieh/build/toolchain/temp-install --with-mpfr=/tmp/ndk-andrewhsieh/build/toolchain/temp-install --with-mpc=/tmp/ndk-andrewhsieh/build/toolchain/temp-install --with-cloog=/tmp/ndk-andrewhsieh/build/toolchain/temp-install --with-isl=/tmp/ndk-andrewhsieh/build/toolchain/temp-install --with-ppl=/tmp/ndk-andrewhsieh/build/toolchain/temp-install --disable-ppl-version-check --disable-cloog-version-check --disable-isl-version-check --enable-cloog-backend=isl --with-host-libstdcxx='-static-libgcc -Wl,-Bstatic,-lstdc++,-Bdynamic -lm' --disable-libssp --enable-threads --disable-nls --disable-libmudflap --disable-libgomp --disable-libstdc__-v3 --disable-sjlj-exceptions --disable-shared --disable-tls --disable-libitm --with-float=soft --with-fpu=vfp --with-arch=armv5te --enable-target-optspace --enable-initfini-array --disable-nls --prefix=/tmp/ndk-andrewhsieh/build/toolchain/prefix --with-sysroot=/tmp/ndk-andrewhsieh/build/toolchain/prefix/sysroot --with-binutils-version=2.24 --with-mpfr-version=3.1.1 --with-mpc-version=1.0.1 --with-gmp-version=5.0.5 --with-gcc-version=4.9 --with-gdb-version=7.6 --with-python=/usr/local/google/home/andrewhsieh/mydroid/ndk/prebuilt/linux-x86_64/bin/python-config.sh --with-gxx-include-dir=/tmp/ndk-andrewhsieh/build/toolchain/prefix/include/c++/4.9 --with-bugurl=http://source.android.com/source/report-bugs.html --enable-languages=c,c++ --disable-bootstrap --enable-plugins --enable-libgomp --disable-libsanitizer --enable-gold --enable-graphite=yes --with-cloog-version=0.18.0 --with-isl-version=0.11.1 --enable-eh-frame-hdr-for-static --with-arch=armv5te --program-transform-name='s&^&arm-linux-androideabi-&' --enable-gold=default
Thread model: posix
gcc version 4.9 20140827 (prerelease) (GCC) 
configure:2865: $? = 0
configure:2872: /home/tom/Downloads/Linux/tc/bin/arm-linux-androideabi-gcc --sysroot=/home/tom/Downloads/Linux/tc/sysroot -V >&5
arm-linux-androideabi-gcc: error: unrecognized command line option '-V'
arm-linux-androideabi-gcc: fatal error: no input files
compilation terminated.
configure:2876: $? = 1
configure:2899: checking for C compiler default output file name
configure:2921: /home/tom/Downloads/Linux/tc/bin/arm-linux-androideabi-gcc --sysroot=/home/tom/Downloads/Linux/tc/sysroot  --sysroot=/home/tom/Downloads/Linux/tc/sysroot -I/home/tom/Downloads/Linux/tc/sysroot/usr/include -I/home/tom/Downloads/Linux/tc/include -I/home/tom/Downloads/Linux/android-builds/include --sysroot=/home/tom/Downloads/Linux/tc/sysroot -I/home/tom/Downloads/Linux/tc/sysroot/usr/include -I/home/tom/Downloads/Linux/tc/include -I/home/tom/Downloads/Linux/android-builds/include  --sysroot=/home/tom/Downloads/Linux/tc/sysroot -I/home/tom/Downloads/Linux/tc/sysroot/usr/include -I/home/tom/Downloads/Linux/tc/include -I/home/tom/Downloads/Linux/android-builds/include --sysroot=/home/tom/Downloads/Linux/tc/sysroot -I/home/tom/Downloads/Linux/tc/sysroot/usr/include -I/home/tom/Downloads/Linux/tc/include -I/home/tom/Downloads/Linux/android-builds/include  -L/home/tom/Downloads/Linux/tc/sysroot/usr/lib -L/home/tom/Downloads/Linux/tc/lib -L/home/tom/Downloads/Linux/android-builds/lib  -L/home/tom/Downloads/Linux/tc/sysroot/usr/lib -L/home/tom/Downloads/Linux/tc/lib -L/home/tom/Downloads/Linux/android-builds/lib  conftest.c  >&5
configure:2925: $? = 0
configure:2963: result: a.out
configure:2982: checking whether the C compiler works
configure:2992: ./a.out
./configure: line 2994: ./a.out: cannot execute binary file: Exec format error
configure:2996: $? = 126
configure:3015: result: yes
configure:3022: checking whether we are cross compiling
configure:3024: result: yes
configure:3027: checking for suffix of executables
configure:3034: /home/tom/Downloads/Linux/tc/bin/arm-linux-androideabi-gcc --sysroot=/home/tom/Downloads/Linux/tc/sysroot -o conftest  --sysroot=/home/tom/Downloads/Linux/tc/sysroot -I/home/tom/Downloads/Linux/tc/sysroot/usr/include -I/home/tom/Downloads/Linux/tc/include -I/home/tom/Downloads/Linux/android-builds/include --sysroot=/home/tom/Downloads/Linux/tc/sysroot -I/home/tom/Downloads/Linux/tc/sysroot/usr/include -I/home/tom/Downloads/Linux/tc/include -I/home/tom/Downloads/Linux/android-builds/include  --sysroot=/home/tom/Downloads/Linux/tc/sysroot -I/home/tom/Downloads/Linux/tc/sysroot/usr/include -I/home/tom/Downloads/Linux/tc/include -I/home/tom/Downloads/Linux/android-builds/include --sysroot=/home/tom/Downloads/Linux/tc/sysroot -I/home/tom/Downloads/Linux/tc/sysroot/usr/include -I/home/tom/Downloads/Linux/tc/include -I/home/tom/Downloads/Linux/android-builds/include  -L/home/tom/Downloads/Linux/tc/sysroot/usr/lib -L/home/tom/Downloads/Linux/tc/lib -L/home/tom/Downloads/Linux/android-builds/lib  -L/home/tom/Downloads/Linux/tc/sysroot/usr/lib -L/home/tom/Downloads/Linux/tc/lib -L/home/tom/Downloads/Linux/android-builds/lib  conftest.c  >&5
configure:3038: $? = 0
configure:3064: result: 
configure:3070: checking for suffix of object files
configure:3096: /home/tom/Downloads/Linux/tc/bin/arm-linux-androideabi-gcc --sysroot=/home/tom/Downloads/Linux/tc/sysroot -c  --sysroot=/home/tom/Downloads/Linux/tc/sysroot -I/home/tom/Downloads/Linux/tc/sysroot/usr/include -I/home/tom/Downloads/Linux/tc/include -I/home/tom/Downloads/Linux/android-builds/include --sysroot=/home/tom/Downloads/Linux/tc/sysroot -I/home/tom/Downloads/Linux/tc/sysroot/usr/include -I/home/tom/Downloads/Linux/tc/include -I/home/tom/Downloads/Linux/android-builds/include  --sysroot=/home/tom/Downloads/Linux/tc/sysroot -I/home/tom/Downloads/Linux/tc/sysroot/usr/include -I/home/tom/Downloads/Linux/tc/include -I/home/tom/Downloads/Linux/android-builds/include --sysroot=/home/tom/Downloads/Linux/tc/sysroot -I/home/tom/Downloads/Linux/tc/sysroot/usr/include -I/home/tom/Downloads/Linux/tc/include -I/home/tom/Downloads/Linux/android-builds/include conftest.c >&5
configure:3100: $? = 0
configure:3125: result: o
configure:3129: checking whether we are using the GNU C compiler
configure:3158: /home/tom/Downloads/Linux/tc/bin/arm-linux-androideabi-gcc --sysroot=/home/tom/Downloads/Linux/tc/sysroot -c  --sysroot=/home/tom/Downloads/Linux/tc/sysroot -I/home/tom/Downloads/Linux/tc/sysroot/usr/include -I/home/tom/Downloads/Linux/tc/include -I/home/tom/Downloads/Linux/android-builds/include --sysroot=/home/tom/Downloads/Linux/tc/sysroot -I/home/tom/Downloads/Linux/tc/sysroot/usr/include -I/home/tom/Downloads/Linux/tc/include -I/home/tom/Downloads/Linux/android-builds/include  --sysroot=/home/tom/Downloads/Linux/tc/sysroot -I/home/tom/Downloads/Linux/tc/sysroot/usr/include -I/home/tom/Downloads/Linux/tc/include -I/home/tom/Downloads/Linux/android-builds/include --sysroot=/home/tom/Downloads/Linux/tc/sysroot -I/home/tom/Downloads/Linux/tc/sysroot/usr/include -I/home/tom/Downloads/Linux/tc/include -I/home/tom/Downloads/Linux/android-builds/include conftest.c >&5
configure:3165: $? = 0
configure:3182: result: yes
configure:3191: checking whether /home/tom/Downloads/Linux/tc/bin/arm-linux-androideabi-gcc --sysroot=/home/tom/Downloads/Linux/tc/sysroot accepts -g
configure:3221: /home/tom/Downloads/Linux/tc/bin/arm-linux-androideabi-gcc --sysroot=/home/tom/Downloads/Linux/tc/sysroot -c -g  --sysroot=/home/tom/Downloads/Linux/tc/sysroot -I/home/tom/Downloads/Linux/tc/sysroot/usr/include -I/home/tom/Downloads/Linux/tc/include -I/home/tom/Downloads/Linux/android-builds/include --sysroot=/home/tom/Downloads/Linux/tc/sysroot -I/home/tom/Downloads/Linux/tc/sysroot/usr/include -I/home/tom/Downloads/Linux/tc/include -I/home/tom/Downloads/Linux/android-builds/include conftest.c >&5
configure:3228: $? = 0
configure:3329: result: yes
configure:3346: checking for /home/tom/Downloads/Linux/tc/bin/arm-linux-androideabi-gcc --sysroot=/home/tom/Downloads/Linux/tc/sysroot option to accept ISO C89
configure:3420: /home/tom/Downloads/Linux/tc/bin/arm-linux-androideabi-gcc --sysroot=/home/tom/Downloads/Linux/tc/sysroot  -c  --sysroot=/home/tom/Downloads/Linux/tc/sysroot -I/home/tom/Downloads/Linux/tc/sysroot/usr/include -I/home/tom/Downloads/Linux/tc/include -I/home/tom/Downloads/Linux/android-builds/include --sysroot=/home/tom/Downloads/Linux/tc/sysroot -I/home/tom/Downloads/Linux/tc/sysroot/usr/include -I/home/tom/Downloads/Linux/tc/include -I/home/tom/Downloads/Linux/android-builds/include  --sysroot=/home/tom/Downloads/Linux/tc/sysroot -I/home/tom/Downloads/Linux/tc/sysroot/usr/include -I/home/tom/Downloads/Linux/tc/include -I/home/tom/Downloads/Linux/android-builds/include --sysroot=/home/tom/Downloads/Linux/tc/sysroot -I/home/tom/Downloads/Linux/tc/sysroot/usr/include -I/home/tom/Downloads/Linux/tc/include -I/home/tom/Downloads/Linux/android-builds/include conftest.c >&5
configure:3427: $? = 0
configure:3450: result: none needed
configure:3479: checking for style of include used by make
configure:3507: result: GNU
configure:3532: checking dependency style of /home/tom/Downloads/Linux/tc/bin/arm-linux-androideabi-gcc --sysroot=/home/tom/Downloads/Linux/tc/sysroot
configure:3623: result: gcc3
configure:3669: checking build system type
configure:3687: result: x86_64-unknown-linux-gnu
configure:3709: checking host system type
configure:3724: result: arm-unknown-linux-androideabi
configure:3746: checking for a sed that does not truncate output
configure:3812: result: /bin/sed
configure:3830: checking for grep that handles long lines and -e
configure:3890: result: /bin/grep
configure:3895: checking for egrep
configure:3959: result: /bin/grep -E
configure:3964: checking for fgrep
configure:4028: result: /bin/grep -F
configure:4063: checking for ld used by /home/tom/Downloads/Linux/tc/bin/arm-linux-androideabi-gcc --sysroot=/home/tom/Downloads/Linux/tc/sysroot
configure:4130: result: /home/tom/Downloads/Linux/tc/bin/arm-linux-androideabi-ld --sysroot=/home/tom/Downloads/Linux/tc/sysroot
configure:4139: checking if the linker (/home/tom/Downloads/Linux/tc/bin/arm-linux-androideabi-ld --sysroot=/home/tom/Downloads/Linux/tc/sysroot) is GNU ld
configure:4154: result: yes
configure:4166: checking for BSD- or MS-compatible name lister (nm)
configure:4215: result: /home/tom/Downloads/Linux/tc/bin/arm-linux-androideabi-nm --sysroot=/home/tom/Downloads/Linux/tc/sysroot
configure:4333: checking the name lister (/home/tom/Downloads/Linux/tc/bin/arm-linux-androideabi-nm --sysroot=/home/tom/Downloads/Linux/tc/sysroot) interface
configure:4340: /home/tom/Downloads/Linux/tc/bin/arm-linux-androideabi-gcc --sysroot=/home/tom/Downloads/Linux/tc/sysroot -c  --sysroot=/home/tom/Downloads/Linux/tc/sysroot -I/home/tom/Downloads/Linux/tc/sysroot/usr/include -I/home/tom/Downloads/Linux/tc/include -I/home/tom/Downloads/Linux/android-builds/include --sysroot=/home/tom/Downloads/Linux/tc/sysroot -I/home/tom/Downloads/Linux/tc/sysroot/usr/include -I/home/tom/Downloads/Linux/tc/include -I/home/tom/Downloads/Linux/android-builds/include  --sysroot=/home/tom/Downloads/Linux/tc/sysroot -I/home/tom/Downloads/Linux/tc/sysroot/usr/include -I/home/tom/Downloads/Linux/tc/include -I/home/tom/Downloads/Linux/android-builds/include --sysroot=/home/tom/Downloads/Linux/tc/sysroot -I/home/tom/Downloads/Linux/tc/sysroot/usr/include -I/home/tom/Downloads/Linux/tc/include -I/home/tom/Downloads/Linux/android-builds/include conftest.c >&5
configure:4343: /home/tom/Downloads/Linux/tc/bin/arm-linux-androideabi-nm --sysroot=/home/tom/Downloads/Linux/tc/sysroot "conftest.o"
/home/tom/Downloads/Linux/tc/bin/arm-linux-androideabi-nm: unrecognized option '--sysroot=/home/tom/Downloads/Linux/tc/sysroot'
Usage: /home/tom/Downloads/Linux/tc/bin/arm-linux-androideabi-nm [option(s)] [file(s)]
 List symbols in [file(s)] (a.out by default).
 The options are:
  -a, --debug-syms       Display debugger-only symbols
  -A, --print-file-name  Print name of the input file before every symbol
  -B                     Same as --format=bsd
  -C, --demangle[=STYLE] Decode low-level symbol names into user-level names
                          The STYLE, if specified, can be `auto' (the default),
                          `gnu', `lucid', `arm', `hp', `edg', `gnu-v3', `java'
                          or `gnat'
      --no-demangle      Do not demangle low-level symbol names
  -D, --dynamic          Display dynamic symbols instead of normal symbols
      --defined-only     Display only defined symbols
  -e                     (ignored)
  -f, --format=FORMAT    Use the output format FORMAT.  FORMAT can be `bsd',
                           `sysv' or `posix'.  The default is `bsd'
  -g, --extern-only      Display only external symbols
  -l, --line-numbers     Use debugging information to find a filename and
                           line number for each symbol
  -n, --numeric-sort     Sort symbols numerically by address
  -o                     Same as -A
  -p, --no-sort          Do not sort the symbols
  -P, --portability      Same as --format=posix
  -r, --reverse-sort     Reverse the sense of the sort
      --plugin NAME      Load the specified plugin
  -S, --print-size       Print size of defined symbols
  -s, --print-armap      Include index for symbols from archive members
      --size-sort        Sort symbols by size
      --special-syms     Include special symbols in the output
      --synthetic        Display synthetic symbols as well
  -t, --radix=RADIX      Use RADIX for printing symbol values
      --target=BFDNAME   Specify the target object format as BFDNAME
  -u, --undefined-only   Display only undefined symbols
  -X 32_64               (ignored)
  @FILE                  Read options from FILE
  -h, --help             Display this information
  -V, --version          Display this program's version number

/home/tom/Downloads/Linux/tc/bin/arm-linux-androideabi-nm: supported targets: elf32-littlearm elf32-bigarm elf32-little elf32-big plugin srec symbolsrec verilog tekhex binary ihex
configure:4346: output
configure:4353: result: BSD nm
configure:4356: checking whether ln -s works
configure:4360: result: yes
configure:4368: checking the maximum length of command line arguments
configure:4488: result: 1572864
configure:4505: checking whether the shell understands some XSI constructs
configure:4515: result: yes
configure:4519: checking whether the shell understands "+="
configure:4525: result: yes
configure:4560: checking for /home/tom/Downloads/Linux/tc/bin/arm-linux-androideabi-ld --sysroot=/home/tom/Downloads/Linux/tc/sysroot option to reload object files
configure:4567: result: -r
configure:4596: checking for arm-linux-androideabi-objdump
configure:4626: result: no
configure:4636: checking for objdump
configure:4652: found /usr/bin/objdump
configure:4663: result: objdump
configure:4675: WARNING: using cross tools not prefixed with host triplet
configure:4695: checking how to recognize dependent libraries
configure:4891: result: pass_all
configure:4911: checking for arm-linux-androideabi-ar
configure:4938: result: /home/tom/Downloads/Linux/tc/bin/arm-linux-androideabi-ar 
configure:5016: checking for arm-linux-androideabi-strip
configure:5043: result: strip
configure:5115: checking for arm-linux-androideabi-ranlib
configure:5142: result: /home/tom/Downloads/Linux/tc/bin/arm-linux-androideabi-ranlib 
configure:5272: checking command to parse /home/tom/Downloads/Linux/tc/bin/arm-linux-androideabi-nm --sysroot=/home/tom/Downloads/Linux/tc/sysroot output from /home/tom/Downloads/Linux/tc/bin/arm-linux-androideabi-gcc --sysroot=/home/tom/Downloads/Linux/tc/sysroot object
configure:5390: /home/tom/Downloads/Linux/tc/bin/arm-linux-androideabi-gcc --sysroot=/home/tom/Downloads/Linux/tc/sysroot -c  --sysroot=/home/tom/Downloads/Linux/tc/sysroot -I/home/tom/Downloads/Linux/tc/sysroot/usr/include -I/home/tom/Downloads/Linux/tc/include -I/home/tom/Downloads/Linux/android-builds/include --sysroot=/home/tom/Downloads/Linux/tc/sysroot -I/home/tom/Downloads/Linux/tc/sysroot/usr/include -I/home/tom/Downloads/Linux/tc/include -I/home/tom/Downloads/Linux/android-builds/include  --sysroot=/home/tom/Downloads/Linux/tc/sysroot -I/home/tom/Downloads/Linux/tc/sysroot/usr/include -I/home/tom/Downloads/Linux/tc/include -I/home/tom/Downloads/Linux/android-builds/include --sysroot=/home/tom/Downloads/Linux/tc/sysroot -I/home/tom/Downloads/Linux/tc/sysroot/usr/include -I/home/tom/Downloads/Linux/tc/include -I/home/tom/Downloads/Linux/android-builds/include conftest.c >&5
configure:5393: $? = 0
configure:5397: /home/tom/Downloads/Linux/tc/bin/arm-linux-androideabi-nm --sysroot=/home/tom/Downloads/Linux/tc/sysroot conftest.o \| sed -n -e 's/^.*[	 ]\([BCDEGRST][BCDEGRST]*\)[	 ][	 ]*\([_A-Za-z][_A-Za-z0-9]*\)$/\1 \2 \2/p' \> conftest.nm
/home/tom/Downloads/Linux/tc/bin/arm-linux-androideabi-nm: unrecognized option '--sysroot=/home/tom/Downloads/Linux/tc/sysroot'
Usage: /home/tom/Downloads/Linux/tc/bin/arm-linux-androideabi-nm [option(s)] [file(s)]
 List symbols in [file(s)] (a.out by default).
 The options are:
  -a, --debug-syms       Display debugger-only symbols
  -A, --print-file-name  Print name of the input file before every symbol
  -B                     Same as --format=bsd
  -C, --demangle[=STYLE] Decode low-level symbol names into user-level names
                          The STYLE, if specified, can be `auto' (the default),
                          `gnu', `lucid', `arm', `hp', `edg', `gnu-v3', `java'
                          or `gnat'
      --no-demangle      Do not demangle low-level symbol names
  -D, --dynamic          Display dynamic symbols instead of normal symbols
      --defined-only     Display only defined symbols
  -e                     (ignored)
  -f, --format=FORMAT    Use the output format FORMAT.  FORMAT can be `bsd',
                           `sysv' or `posix'.  The default is `bsd'
  -g, --extern-only      Display only external symbols
  -l, --line-numbers     Use debugging information to find a filename and
                           line number for each symbol
  -n, --numeric-sort     Sort symbols numerically by address
  -o                     Same as -A
  -p, --no-sort          Do not sort the symbols
  -P, --portability      Same as --format=posix
  -r, --reverse-sort     Reverse the sense of the sort
      --plugin NAME      Load the specified plugin
  -S, --print-size       Print size of defined symbols
  -s, --print-armap      Include index for symbols from archive members
      --size-sort        Sort symbols by size
      --special-syms     Include special symbols in the output
      --synthetic        Display synthetic symbols as well
  -t, --radix=RADIX      Use RADIX for printing symbol values
      --target=BFDNAME   Specify the target object format as BFDNAME
  -u, --undefined-only   Display only undefined symbols
  -X 32_64               (ignored)
  @FILE                  Read options from FILE
  -h, --help             Display this information
  -V, --version          Display this program's version number

/home/tom/Downloads/Linux/tc/bin/arm-linux-androideabi-nm: supported targets: elf32-littlearm elf32-bigarm elf32-little elf32-big plugin srec symbolsrec verilog tekhex binary ihex
configure:5400: $? = 0
cannot run sed -n -e 's/^.*[	 ]\([BCDEGRST][BCDEGRST]*\)[	 ][	 ]*\([_A-Za-z][_A-Za-z0-9]*\)$/\1 \2 \2/p'
configure:5390: /home/tom/Downloads/Linux/tc/bin/arm-linux-androideabi-gcc --sysroot=/home/tom/Downloads/Linux/tc/sysroot -c  --sysroot=/home/tom/Downloads/Linux/tc/sysroot -I/home/tom/Downloads/Linux/tc/sysroot/usr/include -I/home/tom/Downloads/Linux/tc/include -I/home/tom/Downloads/Linux/android-builds/include --sysroot=/home/tom/Downloads/Linux/tc/sysroot -I/home/tom/Downloads/Linux/tc/sysroot/usr/include -I/home/tom/Downloads/Linux/tc/include -I/home/tom/Downloads/Linux/android-builds/include  --sysroot=/home/tom/Downloads/Linux/tc/sysroot -I/home/tom/Downloads/Linux/tc/sysroot/usr/include -I/home/tom/Downloads/Linux/tc/include -I/home/tom/Downloads/Linux/android-builds/include --sysroot=/home/tom/Downloads/Linux/tc/sysroot -I/home/tom/Downloads/Linux/tc/sysroot/usr/include -I/home/tom/Downloads/Linux/tc/include -I/home/tom/Downloads/Linux/android-builds/include conftest.c >&5
configure:5393: $? = 0
configure:5397: /home/tom/Downloads/Linux/tc/bin/arm-linux-androideabi-nm --sysroot=/home/tom/Downloads/Linux/tc/sysroot conftest.o \| sed -n -e 's/^.*[	 ]\([BCDEGRST][BCDEGRST]*\)[	 ][	 ]*_\([_A-Za-z][_A-Za-z0-9]*\)$/\1 _\2 \2/p' \> conftest.nm
/home/tom/Downloads/Linux/tc/bin/arm-linux-androideabi-nm: unrecognized option '--sysroot=/home/tom/Downloads/Linux/tc/sysroot'
Usage: /home/tom/Downloads/Linux/tc/bin/arm-linux-androideabi-nm [option(s)] [file(s)]
 List symbols in [file(s)] (a.out by default).
 The options are:
  -a, --debug-syms       Display debugger-only symbols
  -A, --print-file-name  Print name of the input file before every symbol
  -B                     Same as --format=bsd
  -C, --demangle[=STYLE] Decode low-level symbol names into user-level names
                          The STYLE, if specified, can be `auto' (the default),
                          `gnu', `lucid', `arm', `hp', `edg', `gnu-v3', `java'
                          or `gnat'
      --no-demangle      Do not demangle low-level symbol names
  -D, --dynamic          Display dynamic symbols instead of normal symbols
      --defined-only     Display only defined symbols
  -e                     (ignored)
  -f, --format=FORMAT    Use the output format FORMAT.  FORMAT can be `bsd',
                           `sysv' or `posix'.  The default is `bsd'
  -g, --extern-only      Display only external symbols
  -l, --line-numbers     Use debugging information to find a filename and
                           line number for each symbol
  -n, --numeric-sort     Sort symbols numerically by address
  -o                     Same as -A
  -p, --no-sort          Do not sort the symbols
  -P, --portability      Same as --format=posix
  -r, --reverse-sort     Reverse the sense of the sort
      --plugin NAME      Load the specified plugin
  -S, --print-size       Print size of defined symbols
  -s, --print-armap      Include index for symbols from archive members
      --size-sort        Sort symbols by size
      --special-syms     Include special symbols in the output
      --synthetic        Display synthetic symbols as well
  -t, --radix=RADIX      Use RADIX for printing symbol values
      --target=BFDNAME   Specify the target object format as BFDNAME
  -u, --undefined-only   Display only undefined symbols
  -X 32_64               (ignored)
  @FILE                  Read options from FILE
  -h, --help             Display this information
  -V, --version          Display this program's version number

/home/tom/Downloads/Linux/tc/bin/arm-linux-androideabi-nm: supported targets: elf32-littlearm elf32-bigarm elf32-little elf32-big plugin srec symbolsrec verilog tekhex binary ihex
configure:5400: $? = 0
cannot run sed -n -e 's/^.*[	 ]\([BCDEGRST][BCDEGRST]*\)[	 ][	 ]*_\([_A-Za-z][_A-Za-z0-9]*\)$/\1 _\2 \2/p'
configure:5492: result: failed
configure:6362: checking how to run the C preprocessor
configure:6480: result: /home/tom/Downloads/Linux/tc/bin/arm-linux-androideabi-cpp --sysroot=/home/tom/Downloads/Linux/tc/sysroot
configure:6509: /home/tom/Downloads/Linux/tc/bin/arm-linux-androideabi-cpp --sysroot=/home/tom/Downloads/Linux/tc/sysroot  --sysroot=/home/tom/Downloads/Linux/tc/sysroot -I/home/tom/Downloads/Linux/tc/sysroot/usr/include -I/home/tom/Downloads/Linux/tc/include -I/home/tom/Downloads/Linux/android-builds/include --sysroot=/home/tom/Downloads/Linux/tc/sysroot -I/home/tom/Downloads/Linux/tc/sysroot/usr/include -I/home/tom/Downloads/Linux/tc/include -I/home/tom/Downloads/Linux/android-builds/include conftest.c
configure:6516: $? = 0
configure:6547: /home/tom/Downloads/Linux/tc/bin/arm-linux-androideabi-cpp --sysroot=/home/tom/Downloads/Linux/tc/sysroot  --sysroot=/home/tom/Downloads/Linux/tc/sysroot -I/home/tom/Downloads/Linux/tc/sysroot/usr/include -I/home/tom/Downloads/Linux/tc/include -I/home/tom/Downloads/Linux/android-builds/include --sysroot=/home/tom/Downloads/Linux/tc/sysroot -I/home/tom/Downloads/Linux/tc/sysroot/usr/include -I/home/tom/Downloads/Linux/tc/include -I/home/tom/Downloads/Linux/android-builds/include conftest.c
conftest.c:10:28: fatal error: ac_nonexistent.h: No such file or directory
 #include <ac_nonexistent.h>
                            ^
compilation terminated.
configure:6554: $? = 1
configure: failed program was:
| /* confdefs.h.  */
| #define PACKAGE_NAME "libusb-compat"
| #define PACKAGE_TARNAME "libusb-compat"
| #define PACKAGE_VERSION "0.1.3"
| #define PACKAGE_STRING "libusb-compat 0.1.3"
| #define PACKAGE_BUGREPORT ""
| #define PACKAGE "libusb-compat"
| #define VERSION "0.1.3"
| /* end confdefs.h.  */
| #include <ac_nonexistent.h>
configure:6594: checking for ANSI C header files
configure:6624: /home/tom/Downloads/Linux/tc/bin/arm-linux-androideabi-gcc --sysroot=/home/tom/Downloads/Linux/tc/sysroot -c  --sysroot=/home/tom/Downloads/Linux/tc/sysroot -I/home/tom/Downloads/Linux/tc/sysroot/usr/include -I/home/tom/Downloads/Linux/tc/include -I/home/tom/Downloads/Linux/android-builds/include --sysroot=/home/tom/Downloads/Linux/tc/sysroot -I/home/tom/Downloads/Linux/tc/sysroot/usr/include -I/home/tom/Downloads/Linux/tc/include -I/home/tom/Downloads/Linux/android-builds/include  --sysroot=/home/tom/Downloads/Linux/tc/sysroot -I/home/tom/Downloads/Linux/tc/sysroot/usr/include -I/home/tom/Downloads/Linux/tc/include -I/home/tom/Downloads/Linux/android-builds/include --sysroot=/home/tom/Downloads/Linux/tc/sysroot -I/home/tom/Downloads/Linux/tc/sysroot/usr/include -I/home/tom/Downloads/Linux/tc/include -I/home/tom/Downloads/Linux/android-builds/include conftest.c >&5
configure:6631: $? = 0
configure:6762: result: yes
configure:6786: checking for sys/types.h
configure:6807: /home/tom/Downloads/Linux/tc/bin/arm-linux-androideabi-gcc --sysroot=/home/tom/Downloads/Linux/tc/sysroot -c  --sysroot=/home/tom/Downloads/Linux/tc/sysroot -I/home/tom/Downloads/Linux/tc/sysroot/usr/include -I/home/tom/Downloads/Linux/tc/include -I/home/tom/Downloads/Linux/android-builds/include --sysroot=/home/tom/Downloads/Linux/tc/sysroot -I/home/tom/Downloads/Linux/tc/sysroot/usr/include -I/home/tom/Downloads/Linux/tc/include -I/home/tom/Downloads/Linux/android-builds/include  --sysroot=/home/tom/Downloads/Linux/tc/sysroot -I/home/tom/Downloads/Linux/tc/sysroot/usr/include -I/home/tom/Downloads/Linux/tc/include -I/home/tom/Downloads/Linux/android-builds/include --sysroot=/home/tom/Downloads/Linux/tc/sysroot -I/home/tom/Downloads/Linux/tc/sysroot/usr/include -I/home/tom/Downloads/Linux/tc/include -I/home/tom/Downloads/Linux/android-builds/include conftest.c >&5
configure:6814: $? = 0
configure:6831: result: yes
configure:6786: checking for sys/stat.h
configure:6807: /home/tom/Downloads/Linux/tc/bin/arm-linux-androideabi-gcc --sysroot=/home/tom/Downloads/Linux/tc/sysroot -c  --sysroot=/home/tom/Downloads/Linux/tc/sysroot -I/home/tom/Downloads/Linux/tc/sysroot/usr/include -I/home/tom/Downloads/Linux/tc/include -I/home/tom/Downloads/Linux/android-builds/include --sysroot=/home/tom/Downloads/Linux/tc/sysroot -I/home/tom/Downloads/Linux/tc/sysroot/usr/include -I/home/tom/Downloads/Linux/tc/include -I/home/tom/Downloads/Linux/android-builds/include  --sysroot=/home/tom/Downloads/Linux/tc/sysroot -I/home/tom/Downloads/Linux/tc/sysroot/usr/include -I/home/tom/Downloads/Linux/tc/include -I/home/tom/Downloads/Linux/android-builds/include --sysroot=/home/tom/Downloads/Linux/tc/sysroot -I/home/tom/Downloads/Linux/tc/sysroot/usr/include -I/home/tom/Downloads/Linux/tc/include -I/home/tom/Downloads/Linux/android-builds/include conftest.c >&5
configure:6814: $? = 0
configure:6831: result: yes
configure:6786: checking for stdlib.h
configure:6807: /home/tom/Downloads/Linux/tc/bin/arm-linux-androideabi-gcc --sysroot=/home/tom/Downloads/Linux/tc/sysroot -c  --sysroot=/home/tom/Downloads/Linux/tc/sysroot -I/home/tom/Downloads/Linux/tc/sysroot/usr/include -I/home/tom/Downloads/Linux/tc/include -I/home/tom/Downloads/Linux/android-builds/include --sysroot=/home/tom/Downloads/Linux/tc/sysroot -I/home/tom/Downloads/Linux/tc/sysroot/usr/include -I/home/tom/Downloads/Linux/tc/include -I/home/tom/Downloads/Linux/android-builds/include  --sysroot=/home/tom/Downloads/Linux/tc/sysroot -I/home/tom/Downloads/Linux/tc/sysroot/usr/include -I/home/tom/Downloads/Linux/tc/include -I/home/tom/Downloads/Linux/android-builds/include --sysroot=/home/tom/Downloads/Linux/tc/sysroot -I/home/tom/Downloads/Linux/tc/sysroot/usr/include -I/home/tom/Downloads/Linux/tc/include -I/home/tom/Downloads/Linux/android-builds/include conftest.c >&5
configure:6814: $? = 0
configure:6831: result: yes
configure:6786: checking for string.h
configure:6807: /home/tom/Downloads/Linux/tc/bin/arm-linux-androideabi-gcc --sysroot=/home/tom/Downloads/Linux/tc/sysroot -c  --sysroot=/home/tom/Downloads/Linux/tc/sysroot -I/home/tom/Downloads/Linux/tc/sysroot/usr/include -I/home/tom/Downloads/Linux/tc/include -I/home/tom/Downloads/Linux/android-builds/include --sysroot=/home/tom/Downloads/Linux/tc/sysroot -I/home/tom/Downloads/Linux/tc/sysroot/usr/include -I/home/tom/Downloads/Linux/tc/include -I/home/tom/Downloads/Linux/android-builds/include  --sysroot=/home/tom/Downloads/Linux/tc/sysroot -I/home/tom/Downloads/Linux/tc/sysroot/usr/include -I/home/tom/Downloads/Linux/tc/include -I/home/tom/Downloads/Linux/android-builds/include --sysroot=/home/tom/Downloads/Linux/tc/sysroot -I/home/tom/Downloads/Linux/tc/sysroot/usr/include -I/home/tom/Downloads/Linux/tc/include -I/home/tom/Downloads/Linux/android-builds/include conftest.c >&5
configure:6814: $? = 0
configure:6831: result: yes
configure:6786: checking for memory.h
configure:6807: /home/tom/Downloads/Linux/tc/bin/arm-linux-androideabi-gcc --sysroot=/home/tom/Downloads/Linux/tc/sysroot -c  --sysroot=/home/tom/Downloads/Linux/tc/sysroot -I/home/tom/Downloads/Linux/tc/sysroot/usr/include -I/home/tom/Downloads/Linux/tc/include -I/home/tom/Downloads/Linux/android-builds/include --sysroot=/home/tom/Downloads/Linux/tc/sysroot -I/home/tom/Downloads/Linux/tc/sysroot/usr/include -I/home/tom/Downloads/Linux/tc/include -I/home/tom/Downloads/Linux/android-builds/include  --sysroot=/home/tom/Downloads/Linux/tc/sysroot -I/home/tom/Downloads/Linux/tc/sysroot/usr/include -I/home/tom/Downloads/Linux/tc/include -I/home/tom/Downloads/Linux/android-builds/include --sysroot=/home/tom/Downloads/Linux/tc/sysroot -I/home/tom/Downloads/Linux/tc/sysroot/usr/include -I/home/tom/Downloads/Linux/tc/include -I/home/tom/Downloads/Linux/android-builds/include conftest.c >&5
configure:6814: $? = 0
configure:6831: result: yes
configure:6786: checking for strings.h
configure:6807: /home/tom/Downloads/Linux/tc/bin/arm-linux-androideabi-gcc --sysroot=/home/tom/Downloads/Linux/tc/sysroot -c  --sysroot=/home/tom/Downloads/Linux/tc/sysroot -I/home/tom/Downloads/Linux/tc/sysroot/usr/include -I/home/tom/Downloads/Linux/tc/include -I/home/tom/Downloads/Linux/android-builds/include --sysroot=/home/tom/Downloads/Linux/tc/sysroot -I/home/tom/Downloads/Linux/tc/sysroot/usr/include -I/home/tom/Downloads/Linux/tc/include -I/home/tom/Downloads/Linux/android-builds/include  --sysroot=/home/tom/Downloads/Linux/tc/sysroot -I/home/tom/Downloads/Linux/tc/sysroot/usr/include -I/home/tom/Downloads/Linux/tc/include -I/home/tom/Downloads/Linux/android-builds/include --sysroot=/home/tom/Downloads/Linux/tc/sysroot -I/home/tom/Downloads/Linux/tc/sysroot/usr/include -I/home/tom/Downloads/Linux/tc/include -I/home/tom/Downloads/Linux/android-builds/include conftest.c >&5
configure:6814: $? = 0
configure:6831: result: yes
configure:6786: checking for inttypes.h
configure:6807: /home/tom/Downloads/Linux/tc/bin/arm-linux-androideabi-gcc --sysroot=/home/tom/Downloads/Linux/tc/sysroot -c  --sysroot=/home/tom/Downloads/Linux/tc/sysroot -I/home/tom/Downloads/Linux/tc/sysroot/usr/include -I/home/tom/Downloads/Linux/tc/include -I/home/tom/Downloads/Linux/android-builds/include --sysroot=/home/tom/Downloads/Linux/tc/sysroot -I/home/tom/Downloads/Linux/tc/sysroot/usr/include -I/home/tom/Downloads/Linux/tc/include -I/home/tom/Downloads/Linux/android-builds/include  --sysroot=/home/tom/Downloads/Linux/tc/sysroot -I/home/tom/Downloads/Linux/tc/sysroot/usr/include -I/home/tom/Downloads/Linux/tc/include -I/home/tom/Downloads/Linux/android-builds/include --sysroot=/home/tom/Downloads/Linux/tc/sysroot -I/home/tom/Downloads/Linux/tc/sysroot/usr/include -I/home/tom/Downloads/Linux/tc/include -I/home/tom/Downloads/Linux/android-builds/include conftest.c >&5
configure:6814: $? = 0
configure:6831: result: yes
configure:6786: checking for stdint.h
configure:6807: /home/tom/Downloads/Linux/tc/bin/arm-linux-androideabi-gcc --sysroot=/home/tom/Downloads/Linux/tc/sysroot -c  --sysroot=/home/tom/Downloads/Linux/tc/sysroot -I/home/tom/Downloads/Linux/tc/sysroot/usr/include -I/home/tom/Downloads/Linux/tc/include -I/home/tom/Downloads/Linux/android-builds/include --sysroot=/home/tom/Downloads/Linux/tc/sysroot -I/home/tom/Downloads/Linux/tc/sysroot/usr/include -I/home/tom/Downloads/Linux/tc/include -I/home/tom/Downloads/Linux/android-builds/include  --sysroot=/home/tom/Downloads/Linux/tc/sysroot -I/home/tom/Downloads/Linux/tc/sysroot/usr/include -I/home/tom/Downloads/Linux/tc/include -I/home/tom/Downloads/Linux/android-builds/include --sysroot=/home/tom/Downloads/Linux/tc/sysroot -I/home/tom/Downloads/Linux/tc/sysroot/usr/include -I/home/tom/Downloads/Linux/tc/include -I/home/tom/Downloads/Linux/android-builds/include conftest.c >&5
configure:6814: $? = 0
configure:6831: result: yes
configure:6786: checking for unistd.h
configure:6807: /home/tom/Downloads/Linux/tc/bin/arm-linux-androideabi-gcc --sysroot=/home/tom/Downloads/Linux/tc/sysroot -c  --sysroot=/home/tom/Downloads/Linux/tc/sysroot -I/home/tom/Downloads/Linux/tc/sysroot/usr/include -I/home/tom/Downloads/Linux/tc/include -I/home/tom/Downloads/Linux/android-builds/include --sysroot=/home/tom/Downloads/Linux/tc/sysroot -I/home/tom/Downloads/Linux/tc/sysroot/usr/include -I/home/tom/Downloads/Linux/tc/include -I/home/tom/Downloads/Linux/android-builds/include  --sysroot=/home/tom/Downloads/Linux/tc/sysroot -I/home/tom/Downloads/Linux/tc/sysroot/usr/include -I/home/tom/Downloads/Linux/tc/include -I/home/tom/Downloads/Linux/android-builds/include --sysroot=/home/tom/Downloads/Linux/tc/sysroot -I/home/tom/Downloads/Linux/tc/sysroot/usr/include -I/home/tom/Downloads/Linux/tc/include -I/home/tom/Downloads/Linux/android-builds/include conftest.c >&5
configure:6814: $? = 0
configure:6831: result: yes
configure:6849: checking for dlfcn.h
configure:6870: /home/tom/Downloads/Linux/tc/bin/arm-linux-androideabi-gcc --sysroot=/home/tom/Downloads/Linux/tc/sysroot -c  --sysroot=/home/tom/Downloads/Linux/tc/sysroot -I/home/tom/Downloads/Linux/tc/sysroot/usr/include -I/home/tom/Downloads/Linux/tc/include -I/home/tom/Downloads/Linux/android-builds/include --sysroot=/home/tom/Downloads/Linux/tc/sysroot -I/home/tom/Downloads/Linux/tc/sysroot/usr/include -I/home/tom/Downloads/Linux/tc/include -I/home/tom/Downloads/Linux/android-builds/include  --sysroot=/home/tom/Downloads/Linux/tc/sysroot -I/home/tom/Downloads/Linux/tc/sysroot/usr/include -I/home/tom/Downloads/Linux/tc/include -I/home/tom/Downloads/Linux/android-builds/include --sysroot=/home/tom/Downloads/Linux/tc/sysroot -I/home/tom/Downloads/Linux/tc/sysroot/usr/include -I/home/tom/Downloads/Linux/tc/include -I/home/tom/Downloads/Linux/android-builds/include conftest.c >&5
configure:6877: $? = 0
configure:6894: result: yes
configure:7080: checking for objdir
configure:7095: result: .libs
configure:7391: checking if /home/tom/Downloads/Linux/tc/bin/arm-linux-androideabi-gcc --sysroot=/home/tom/Downloads/Linux/tc/sysroot supports -fno-rtti -fno-exceptions
configure:7409: /home/tom/Downloads/Linux/tc/bin/arm-linux-androideabi-gcc --sysroot=/home/tom/Downloads/Linux/tc/sysroot -c  --sysroot=/home/tom/Downloads/Linux/tc/sysroot -I/home/tom/Downloads/Linux/tc/sysroot/usr/include -I/home/tom/Downloads/Linux/tc/include -I/home/tom/Downloads/Linux/android-builds/include --sysroot=/home/tom/Downloads/Linux/tc/sysroot -I/home/tom/Downloads/Linux/tc/sysroot/usr/include -I/home/tom/Downloads/Linux/tc/include -I/home/tom/Downloads/Linux/android-builds/include  --sysroot=/home/tom/Downloads/Linux/tc/sysroot -I/home/tom/Downloads/Linux/tc/sysroot/usr/include -I/home/tom/Downloads/Linux/tc/include -I/home/tom/Downloads/Linux/android-builds/include --sysroot=/home/tom/Downloads/Linux/tc/sysroot -I/home/tom/Downloads/Linux/tc/sysroot/usr/include -I/home/tom/Downloads/Linux/tc/include -I/home/tom/Downloads/Linux/android-builds/include -fno-rtti -fno-exceptions conftest.c >&5
cc1: warning: command line option '-fno-rtti' is valid for C++/ObjC++ but not for C
configure:7413: $? = 0
configure:7426: result: no
configure:7446: checking for /home/tom/Downloads/Linux/tc/bin/arm-linux-androideabi-gcc --sysroot=/home/tom/Downloads/Linux/tc/sysroot option to produce PIC
configure:7718: result: -fPIC -DPIC
configure:7730: checking if /home/tom/Downloads/Linux/tc/bin/arm-linux-androideabi-gcc --sysroot=/home/tom/Downloads/Linux/tc/sysroot PIC flag -fPIC -DPIC works
configure:7748: /home/tom/Downloads/Linux/tc/bin/arm-linux-androideabi-gcc --sysroot=/home/tom/Downloads/Linux/tc/sysroot -c  --sysroot=/home/tom/Downloads/Linux/tc/sysroot -I/home/tom/Downloads/Linux/tc/sysroot/usr/include -I/home/tom/Downloads/Linux/tc/include -I/home/tom/Downloads/Linux/android-builds/include --sysroot=/home/tom/Downloads/Linux/tc/sysroot -I/home/tom/Downloads/Linux/tc/sysroot/usr/include -I/home/tom/Downloads/Linux/tc/include -I/home/tom/Downloads/Linux/android-builds/include  --sysroot=/home/tom/Downloads/Linux/tc/sysroot -I/home/tom/Downloads/Linux/tc/sysroot/usr/include -I/home/tom/Downloads/Linux/tc/include -I/home/tom/Downloads/Linux/android-builds/include --sysroot=/home/tom/Downloads/Linux/tc/sysroot -I/home/tom/Downloads/Linux/tc/sysroot/usr/include -I/home/tom/Downloads/Linux/tc/include -I/home/tom/Downloads/Linux/android-builds/include -fPIC -DPIC -DPIC conftest.c >&5
configure:7752: $? = 0
configure:7765: result: yes
configure:7789: checking if /home/tom/Downloads/Linux/tc/bin/arm-linux-androideabi-gcc --sysroot=/home/tom/Downloads/Linux/tc/sysroot static flag -static works
configure:7817: result: yes
configure:7832: checking if /home/tom/Downloads/Linux/tc/bin/arm-linux-androideabi-gcc --sysroot=/home/tom/Downloads/Linux/tc/sysroot supports -c -o file.o
configure:7853: /home/tom/Downloads/Linux/tc/bin/arm-linux-androideabi-gcc --sysroot=/home/tom/Downloads/Linux/tc/sysroot -c  --sysroot=/home/tom/Downloads/Linux/tc/sysroot -I/home/tom/Downloads/Linux/tc/sysroot/usr/include -I/home/tom/Downloads/Linux/tc/include -I/home/tom/Downloads/Linux/android-builds/include --sysroot=/home/tom/Downloads/Linux/tc/sysroot -I/home/tom/Downloads/Linux/tc/sysroot/usr/include -I/home/tom/Downloads/Linux/tc/include -I/home/tom/Downloads/Linux/android-builds/include  --sysroot=/home/tom/Downloads/Linux/tc/sysroot -I/home/tom/Downloads/Linux/tc/sysroot/usr/include -I/home/tom/Downloads/Linux/tc/include -I/home/tom/Downloads/Linux/android-builds/include --sysroot=/home/tom/Downloads/Linux/tc/sysroot -I/home/tom/Downloads/Linux/tc/sysroot/usr/include -I/home/tom/Downloads/Linux/tc/include -I/home/tom/Downloads/Linux/android-builds/include -o out/conftest2.o conftest.c >&5
configure:7857: $? = 0
configure:7879: result: yes
configure:7887: checking if /home/tom/Downloads/Linux/tc/bin/arm-linux-androideabi-gcc --sysroot=/home/tom/Downloads/Linux/tc/sysroot supports -c -o file.o
configure:7934: result: yes
configure:7967: checking whether the /home/tom/Downloads/Linux/tc/bin/arm-linux-androideabi-gcc --sysroot=/home/tom/Downloads/Linux/tc/sysroot linker (/home/tom/Downloads/Linux/tc/bin/arm-linux-androideabi-ld --sysroot=/home/tom/Downloads/Linux/tc/sysroot) supports shared libraries
configure:9041: result: yes
configure:9280: checking dynamic linker characteristics
configure:9736: /home/tom/Downloads/Linux/tc/bin/arm-linux-androideabi-gcc --sysroot=/home/tom/Downloads/Linux/tc/sysroot -o conftest  --sysroot=/home/tom/Downloads/Linux/tc/sysroot -I/home/tom/Downloads/Linux/tc/sysroot/usr/include -I/home/tom/Downloads/Linux/tc/include -I/home/tom/Downloads/Linux/android-builds/include --sysroot=/home/tom/Downloads/Linux/tc/sysroot -I/home/tom/Downloads/Linux/tc/sysroot/usr/include -I/home/tom/Downloads/Linux/tc/include -I/home/tom/Downloads/Linux/android-builds/include  --sysroot=/home/tom/Downloads/Linux/tc/sysroot -I/home/tom/Downloads/Linux/tc/sysroot/usr/include -I/home/tom/Downloads/Linux/tc/include -I/home/tom/Downloads/Linux/android-builds/include --sysroot=/home/tom/Downloads/Linux/tc/sysroot -I/home/tom/Downloads/Linux/tc/sysroot/usr/include -I/home/tom/Downloads/Linux/tc/include -I/home/tom/Downloads/Linux/android-builds/include  -L/home/tom/Downloads/Linux/tc/sysroot/usr/lib -L/home/tom/Downloads/Linux/tc/lib -L/home/tom/Downloads/Linux/android-builds/lib  -L/home/tom/Downloads/Linux/tc/sysroot/usr/lib -L/home/tom/Downloads/Linux/tc/lib -L/home/tom/Downloads/Linux/android-builds/lib  -Wl,-rpath -Wl,/foo conftest.c  >&5
configure:9743: $? = 0
configure:9976: result: GNU/Linux ld.so
configure:10078: checking how to hardcode library paths into programs
configure:10103: result: immediate
configure:10936: checking whether stripping libraries is possible
configure:10941: result: yes
configure:10976: checking if libtool supports shared libraries
configure:10978: result: yes
configure:10981: checking whether to build shared libraries
configure:11002: result: no
configure:11005: checking whether to build static libraries
configure:11009: result: yes
configure:11044: checking for inline
configure:11070: /home/tom/Downloads/Linux/tc/bin/arm-linux-androideabi-gcc --sysroot=/home/tom/Downloads/Linux/tc/sysroot -c  --sysroot=/home/tom/Downloads/Linux/tc/sysroot -I/home/tom/Downloads/Linux/tc/sysroot/usr/include -I/home/tom/Downloads/Linux/tc/include -I/home/tom/Downloads/Linux/android-builds/include --sysroot=/home/tom/Downloads/Linux/tc/sysroot -I/home/tom/Downloads/Linux/tc/sysroot/usr/include -I/home/tom/Downloads/Linux/tc/include -I/home/tom/Downloads/Linux/android-builds/include  --sysroot=/home/tom/Downloads/Linux/tc/sysroot -I/home/tom/Downloads/Linux/tc/sysroot/usr/include -I/home/tom/Downloads/Linux/tc/include -I/home/tom/Downloads/Linux/android-builds/include --sysroot=/home/tom/Downloads/Linux/tc/sysroot -I/home/tom/Downloads/Linux/tc/sysroot/usr/include -I/home/tom/Downloads/Linux/tc/include -I/home/tom/Downloads/Linux/android-builds/include conftest.c >&5
configure:11077: $? = 0
configure:11095: result: inline
configure:11115: checking whether /home/tom/Downloads/Linux/tc/bin/arm-linux-androideabi-gcc --sysroot=/home/tom/Downloads/Linux/tc/sysroot and cc understand -c and -o together
configure:11150: /home/tom/Downloads/Linux/tc/bin/arm-linux-androideabi-gcc --sysroot=/home/tom/Downloads/Linux/tc/sysroot -c conftest.c -o conftest2.o >&5
configure:11154: $? = 0
configure:11160: /home/tom/Downloads/Linux/tc/bin/arm-linux-androideabi-gcc --sysroot=/home/tom/Downloads/Linux/tc/sysroot -c conftest.c -o conftest2.o >&5
configure:11164: $? = 0
configure:11175: cc -c conftest.c >&5
configure:11179: $? = 0
configure:11187: cc -c conftest.c -o conftest2.o >&5
configure:11191: $? = 0
configure:11197: cc -c conftest.c -o conftest2.o >&5
configure:11201: $? = 0
configure:11219: result: yes
configure:11265: checking for arm-linux-androideabi-pkg-config
configure:11298: result: no
configure:11308: checking for pkg-config
configure:11326: found /usr/bin/pkg-config
configure:11338: result: /usr/bin/pkg-config
configure:11363: checking pkg-config is at least version 0.9.0
configure:11366: result: yes
configure:11377: checking for LIBUSB_1_0
configure:11384: $PKG_CONFIG --exists --print-errors "libusb-1.0 >= 0.9.1"
configure:11387: $? = 0
configure:11400: $PKG_CONFIG --exists --print-errors "libusb-1.0 >= 0.9.1"
configure:11403: $? = 0
configure:11480: result: yes
configure:11559: /home/tom/Downloads/Linux/tc/bin/arm-linux-androideabi-gcc --sysroot=/home/tom/Downloads/Linux/tc/sysroot -c  --sysroot=/home/tom/Downloads/Linux/tc/sysroot -I/home/tom/Downloads/Linux/tc/sysroot/usr/include -I/home/tom/Downloads/Linux/tc/include -I/home/tom/Downloads/Linux/android-builds/include --sysroot=/home/tom/Downloads/Linux/tc/sysroot -I/home/tom/Downloads/Linux/tc/sysroot/usr/include -I/home/tom/Downloads/Linux/tc/include -I/home/tom/Downloads/Linux/android-builds/include -fgnu89-inline  --sysroot=/home/tom/Downloads/Linux/tc/sysroot -I/home/tom/Downloads/Linux/tc/sysroot/usr/include -I/home/tom/Downloads/Linux/tc/include -I/home/tom/Downloads/Linux/android-builds/include --sysroot=/home/tom/Downloads/Linux/tc/sysroot -I/home/tom/Downloads/Linux/tc/sysroot/usr/include -I/home/tom/Downloads/Linux/tc/include -I/home/tom/Downloads/Linux/android-builds/include conftest.c >&5
configure:11566: $? = 0
configure:11718: creating ./config.status

## ---------------------- ##
## Running config.status. ##
## ---------------------- ##

This file was extended by libusb-compat config.status 0.1.3, which was
generated by GNU Autoconf 2.63.  Invocation command line was

  CONFIG_FILES    = 
  CONFIG_HEADERS  = 
  CONFIG_LINKS    = 
  CONFIG_COMMANDS = 
  $ ./config.status 

on lenny

config.status:1001: creating libusb.pc
config.status:1001: creating libusb-config
config.status:1001: creating Makefile
config.status:1001: creating libusb/Makefile
config.status:1001: creating examples/Makefile
config.status:1001: creating config.h
config.status:1223: config.h is unchanged
config.status:1275: executing depfiles commands
config.status:1275: executing libtool commands
config.status:1275: executing default commands

## ---------------- ##
## Cache variables. ##
## ---------------- ##

ac_cv_build=x86_64-unknown-linux-gnu
ac_cv_c_compiler_gnu=yes
ac_cv_c_inline=inline
ac_cv_env_CC_set=set
ac_cv_env_CC_value='/home/tom/Downloads/Linux/tc/bin/arm-linux-androideabi-gcc --sysroot=/home/tom/Downloads/Linux/tc/sysroot'
ac_cv_env_CFLAGS_set=set
ac_cv_env_CFLAGS_value=' --sysroot=/home/tom/Downloads/Linux/tc/sysroot -I/home/tom/Downloads/Linux/tc/sysroot/usr/include -I/home/tom/Downloads/Linux/tc/include -I/home/tom/Downloads/Linux/android-builds/include --sysroot=/home/tom/Downloads/Linux/tc/sysroot -I/home/tom/Downloads/Linux/tc/sysroot/usr/include -I/home/tom/Downloads/Linux/tc/include -I/home/tom/Downloads/Linux/android-builds/include'
ac_cv_env_CPPFLAGS_set=set
ac_cv_env_CPPFLAGS_value=' --sysroot=/home/tom/Downloads/Linux/tc/sysroot -I/home/tom/Downloads/Linux/tc/sysroot/usr/include -I/home/tom/Downloads/Linux/tc/include -I/home/tom/Downloads/Linux/android-builds/include --sysroot=/home/tom/Downloads/Linux/tc/sysroot -I/home/tom/Downloads/Linux/tc/sysroot/usr/include -I/home/tom/Downloads/Linux/tc/include -I/home/tom/Downloads/Linux/android-builds/include'
ac_cv_env_CPP_set=set
ac_cv_env_CPP_value='/home/tom/Downloads/Linux/tc/bin/arm-linux-androideabi-cpp --sysroot=/home/tom/Downloads/Linux/tc/sysroot'
ac_cv_env_LDFLAGS_set=set
ac_cv_env_LDFLAGS_value=' -L/home/tom/Downloads/Linux/tc/sysroot/usr/lib -L/home/tom/Downloads/Linux/tc/lib -L/home/tom/Downloads/Linux/android-builds/lib  -L/home/tom/Downloads/Linux/tc/sysroot/usr/lib -L/home/tom/Downloads/Linux/tc/lib -L/home/tom/Downloads/Linux/android-builds/lib '
ac_cv_env_LIBS_set=
ac_cv_env_LIBS_value=
ac_cv_env_LIBUSB_1_0_CFLAGS_set=
ac_cv_env_LIBUSB_1_0_CFLAGS_value=
ac_cv_env_LIBUSB_1_0_LIBS_set=
ac_cv_env_LIBUSB_1_0_LIBS_value=
ac_cv_env_PKG_CONFIG_set=
ac_cv_env_PKG_CONFIG_value=
ac_cv_env_build_alias_set=
ac_cv_env_build_alias_value=
ac_cv_env_host_alias_set=set
ac_cv_env_host_alias_value=arm-linux-androideabi
ac_cv_env_target_alias_set=
ac_cv_env_target_alias_value=
ac_cv_header_dlfcn_h=yes
ac_cv_header_inttypes_h=yes
ac_cv_header_memory_h=yes
ac_cv_header_stdc=yes
ac_cv_header_stdint_h=yes
ac_cv_header_stdlib_h=yes
ac_cv_header_string_h=yes
ac_cv_header_strings_h=yes
ac_cv_header_sys_stat_h=yes
ac_cv_header_sys_types_h=yes
ac_cv_header_unistd_h=yes
ac_cv_host=arm-unknown-linux-androideabi
ac_cv_objext=o
ac_cv_path_EGREP='/bin/grep -E'
ac_cv_path_FGREP='/bin/grep -F'
ac_cv_path_GREP=/bin/grep
ac_cv_path_SED=/bin/sed
ac_cv_path_ac_pt_PKG_CONFIG=/usr/bin/pkg-config
ac_cv_path_install='/usr/bin/install -c'
ac_cv_path_mkdir=/bin/mkdir
ac_cv_prog_AR='/home/tom/Downloads/Linux/tc/bin/arm-linux-androideabi-ar '
ac_cv_prog_AWK=mawk
ac_cv_prog_CC='/home/tom/Downloads/Linux/tc/bin/arm-linux-androideabi-gcc --sysroot=/home/tom/Downloads/Linux/tc/sysroot'
ac_cv_prog_CPP='/home/tom/Downloads/Linux/tc/bin/arm-linux-androideabi-cpp --sysroot=/home/tom/Downloads/Linux/tc/sysroot'
ac_cv_prog_RANLIB='/home/tom/Downloads/Linux/tc/bin/arm-linux-androideabi-ranlib '
ac_cv_prog_STRIP=strip
ac_cv_prog_ac_ct_OBJDUMP=objdump
ac_cv_prog_ac_ct_STRIP=strip
ac_cv_prog_cc__home_tom_Downloads_Linux_tc_bin_arm_linux_androideabi_gcc_c_o=yes
ac_cv_prog_cc_c89=
ac_cv_prog_cc_g=yes
ac_cv_prog_make_make_set=yes
am_cv_CC_dependencies_compiler_type=gcc3
lt_cv_deplibs_check_method=pass_all
lt_cv_file_magic_cmd='$MAGIC_CMD'
lt_cv_file_magic_test_file=
lt_cv_ld_reload_flag=-r
lt_cv_nm_interface='BSD nm'
lt_cv_objdir=.libs
lt_cv_path_LD='/home/tom/Downloads/Linux/tc/bin/arm-linux-androideabi-ld --sysroot=/home/tom/Downloads/Linux/tc/sysroot'
lt_cv_path_NM='/home/tom/Downloads/Linux/tc/bin/arm-linux-androideabi-nm --sysroot=/home/tom/Downloads/Linux/tc/sysroot'
lt_cv_prog_compiler_c_o=yes
lt_cv_prog_compiler_pic_works=yes
lt_cv_prog_compiler_rtti_exceptions=no
lt_cv_prog_compiler_static_works=yes
lt_cv_prog_gnu_ld=yes
lt_cv_sys_global_symbol_pipe=
lt_cv_sys_global_symbol_to_c_name_address='sed -n -e '\''s/^: \([^ ]*\) $/  {\"\1\", (void *) 0},/p'\'' -e '\''s/^[BCDEGRST]* \([^ ]*\) \([^ ]*\)$/  {"\2", (void *) \&\2},/p'\'''
lt_cv_sys_global_symbol_to_c_name_address_lib_prefix='sed -n -e '\''s/^: \([^ ]*\) $/  {\"\1\", (void *) 0},/p'\'' -e '\''s/^[BCDEGRST]* \([^ ]*\) \(lib[^ ]*\)$/  {"\2", (void *) \&\2},/p'\'' -e '\''s/^[BCDEGRST]* \([^ ]*\) \([^ ]*\)$/  {"lib\2", (void *) \&\2},/p'\'''
lt_cv_sys_global_symbol_to_cdecl=
lt_cv_sys_max_cmd_len=1572864
pkg_cv_LIBUSB_1_0_CFLAGS='-I/home/tom/Downloads/Linux/android-builds/include/libusb-1.0  '
pkg_cv_LIBUSB_1_0_LIBS='-L/home/tom/Downloads/Linux/android-builds/lib -lusb-1.0  '

## ----------------- ##
## Output variables. ##
## ----------------- ##

ACLOCAL='${SHELL} /home/tom/Downloads/Linux/libusb-compat-0.1.3/missing --run aclocal-1.10'
AMDEPBACKSLASH='\'
AMDEP_FALSE='#'
AMDEP_TRUE=''
AMTAR='${SHELL} /home/tom/Downloads/Linux/libusb-compat-0.1.3/missing --run tar'
AM_CFLAGS='-std=gnu99 -fgnu89-inline -Wall -Wundef -Wunused -Wstrict-prototypes -Werror-implicit-function-declaration -Wno-pointer-sign -Wshadow'
AR='/home/tom/Downloads/Linux/tc/bin/arm-linux-androideabi-ar '
AUTOCONF='${SHELL} /home/tom/Downloads/Linux/libusb-compat-0.1.3/missing --run autoconf'
AUTOHEADER='${SHELL} /home/tom/Downloads/Linux/libusb-compat-0.1.3/missing --run autoheader'
AUTOMAKE='${SHELL} /home/tom/Downloads/Linux/libusb-compat-0.1.3/missing --run automake-1.10'
AWK='mawk'
BUILD_EXAMPLES_FALSE=''
BUILD_EXAMPLES_TRUE='#'
CC='/home/tom/Downloads/Linux/tc/bin/arm-linux-androideabi-gcc --sysroot=/home/tom/Downloads/Linux/tc/sysroot'
CCDEPMODE='depmode=gcc3'
CFLAGS=' --sysroot=/home/tom/Downloads/Linux/tc/sysroot -I/home/tom/Downloads/Linux/tc/sysroot/usr/include -I/home/tom/Downloads/Linux/tc/include -I/home/tom/Downloads/Linux/android-builds/include --sysroot=/home/tom/Downloads/Linux/tc/sysroot -I/home/tom/Downloads/Linux/tc/sysroot/usr/include -I/home/tom/Downloads/Linux/tc/include -I/home/tom/Downloads/Linux/android-builds/include'
CPP='/home/tom/Downloads/Linux/tc/bin/arm-linux-androideabi-cpp --sysroot=/home/tom/Downloads/Linux/tc/sysroot'
CPPFLAGS=' --sysroot=/home/tom/Downloads/Linux/tc/sysroot -I/home/tom/Downloads/Linux/tc/sysroot/usr/include -I/home/tom/Downloads/Linux/tc/include -I/home/tom/Downloads/Linux/android-builds/include --sysroot=/home/tom/Downloads/Linux/tc/sysroot -I/home/tom/Downloads/Linux/tc/sysroot/usr/include -I/home/tom/Downloads/Linux/tc/include -I/home/tom/Downloads/Linux/android-builds/include'
CYGPATH_W='echo'
DEFS='-DHAVE_CONFIG_H'
DEPDIR='.deps'
DSYMUTIL=''
DUMPBIN=''
ECHO_C=''
ECHO_N='-n'
ECHO_T=''
EGREP='/bin/grep -E'
EXEEXT=''
FGREP='/bin/grep -F'
GREP='/bin/grep'
INSTALL_DATA='${INSTALL} -m 644'
INSTALL_PROGRAM='${INSTALL}'
INSTALL_SCRIPT='${INSTALL}'
INSTALL_STRIP_PROGRAM='$(install_sh) -c -s'
LD='/home/tom/Downloads/Linux/tc/bin/arm-linux-androideabi-ld --sysroot=/home/tom/Downloads/Linux/tc/sysroot'
LDFLAGS=' -L/home/tom/Downloads/Linux/tc/sysroot/usr/lib -L/home/tom/Downloads/Linux/tc/lib -L/home/tom/Downloads/Linux/android-builds/lib  -L/home/tom/Downloads/Linux/tc/sysroot/usr/lib -L/home/tom/Downloads/Linux/tc/lib -L/home/tom/Downloads/Linux/android-builds/lib '
LIBOBJS=''
LIBS=''
LIBTOOL='$(SHELL) $(top_builddir)/libtool'
LIBUSB01_VERSION='0.1.12'
LIBUSB_1_0_CFLAGS='-I/home/tom/Downloads/Linux/android-builds/include/libusb-1.0  '
LIBUSB_1_0_LIBS='-L/home/tom/Downloads/Linux/android-builds/lib -lusb-1.0  '
LIPO=''
LN_S='ln -s'
LTLIBOBJS=''
LT_AGE='4'
LT_MAJOR='8'
LT_REVISION='4'
MAKEINFO='${SHELL} /home/tom/Downloads/Linux/libusb-compat-0.1.3/missing --run makeinfo'
MKDIR_P='/bin/mkdir -p'
NM='/home/tom/Downloads/Linux/tc/bin/arm-linux-androideabi-nm --sysroot=/home/tom/Downloads/Linux/tc/sysroot'
NMEDIT=''
OBJDUMP='objdump'
OBJEXT='o'
OTOOL64=''
OTOOL=''
PACKAGE='libusb-compat'
PACKAGE_BUGREPORT=''
PACKAGE_NAME='libusb-compat'
PACKAGE_STRING='libusb-compat 0.1.3'
PACKAGE_TARNAME='libusb-compat'
PACKAGE_VERSION='0.1.3'
PATH_SEPARATOR=':'
PKG_CONFIG='/usr/bin/pkg-config'
RANLIB='/home/tom/Downloads/Linux/tc/bin/arm-linux-androideabi-ranlib '
SED='/bin/sed'
SET_MAKE=''
SHELL='/bin/bash'
STRIP='strip'
VERSION='0.1.3'
ac_ct_CC=''
ac_ct_DUMPBIN=''
am__fastdepCC_FALSE='#'
am__fastdepCC_TRUE=''
am__include='include'
am__isrc=''
am__leading_dot='.'
am__quote=''
am__tar='${AMTAR} chof - "$$tardir"'
am__untar='${AMTAR} xf -'
bindir='${exec_prefix}/bin'
build='x86_64-unknown-linux-gnu'
build_alias=''
build_cpu='x86_64'
build_os='linux-gnu'
build_vendor='unknown'
datadir='${datarootdir}'
datarootdir='${prefix}/share'
docdir='${datarootdir}/doc/${PACKAGE_TARNAME}'
dvidir='${docdir}'
exec_prefix='${prefix}'
host='arm-unknown-linux-androideabi'
host_alias='arm-linux-androideabi'
host_cpu='arm'
host_os='linux-androideabi'
host_vendor='unknown'
htmldir='${docdir}'
includedir='${prefix}/include'
infodir='${datarootdir}/info'
install_sh='$(SHELL) /home/tom/Downloads/Linux/libusb-compat-0.1.3/install-sh'
libdir='${exec_prefix}/lib'
libexecdir='${exec_prefix}/libexec'
localedir='${datarootdir}/locale'
localstatedir='${prefix}/var'
lt_ECHO='echo'
mandir='${datarootdir}/man'
mkdir_p='/bin/mkdir -p'
oldincludedir='/usr/include'
pdfdir='${docdir}'
prefix='/home/tom/Downloads/Linux/android-builds'
program_transform_name='s,x,x,'
psdir='${docdir}'
sbindir='${exec_prefix}/sbin'
sharedstatedir='${prefix}/com'
sysconfdir='${prefix}/etc'
target_alias=''

## ----------- ##
## confdefs.h. ##
## ----------- ##

#define PACKAGE_NAME "libusb-compat"
#define PACKAGE_TARNAME "libusb-compat"
#define PACKAGE_VERSION "0.1.3"
#define PACKAGE_STRING "libusb-compat 0.1.3"
#define PACKAGE_BUGREPORT ""
#define PACKAGE "libusb-compat"
#define VERSION "0.1.3"
#define STDC_HEADERS 1
#define HAVE_SYS_TYPES_H 1
#define HAVE_SYS_STAT_H 1
#define HAVE_STDLIB_H 1
#define HAVE_STRING_H 1
#define HAVE_MEMORY_H 1
#define HAVE_STRINGS_H 1
#define HAVE_INTTYPES_H 1
#define HAVE_STDINT_H 1
#define HAVE_UNISTD_H 1
#define HAVE_DLFCN_H 1
#define LT_OBJDIR ".libs/"
#define ENABLE_LOGGING 1
#define API_EXPORTED __attribute__((visibility("default")))

configure: exit 0
